2023-06-04 00:35:46,996 [INFO] Activator:176 - 


2023-06-04 00:35:47,015 [INFO] Activator:177 - !SESSION log4j initialized
2023-06-04 00:35:53,134 [INFO] ApplicationProperties:184 - Using Application install path: /opt/st/stm32cubeide_1.12.1/plugins/com.st.stm32cube.common.mx_6.8.1.202304191431
2023-06-04 00:35:53,246 [INFO] DbMcusXml:78 - Set database path to: /opt/st/stm32cubeide_1.12.1/plugins/com.st.stm32cube.common.mx_6.8.1.202304191431//db//mcu/
2023-06-04 00:35:53,247 [INFO] ApiDb:274 - Set plugin database path to: /opt/st/stm32cubeide_1.12.1/plugins/com.st.stm32cube.common.mx_6.8.1.202304191431//db//plugins/boardmanager/
2023-06-04 00:35:53,255 [WARN] ApiDb:259 - Overriding images path with different value:  => /opt/st/stm32cubeide_1.12.1/plugins/com.st.stm32cube.common.mx_6.8.1.202304191431//db//plugins/mcufinder/images/
2023-06-04 00:35:53,360 [INFO] ApiDb:250 - Set database path to: /home/mowibox/.stmcufinder/plugins/mcufinder//mcu/
2023-06-04 00:35:53,363 [INFO] DbMcusAds:125 - Set database path to: /home/mowibox/.stmcufinder/plugins/mcufinder//mcu/
2023-06-04 00:35:53,405 [INFO] CrossReferenceDbSqlite:203 - Set database path to: /home/mowibox/.stmcufinder/plugins/mcufinder//mcu/cs/
2023-06-04 00:35:53,846 [INFO] RulesReader:64 - Compatibility file has been processed (293 Rules)
2023-06-04 00:35:54,330 [INFO] DbMcusXml:78 - Set database path to: /opt/st/stm32cubeide_1.12.1/plugins/com.st.stm32cube.common.mx_6.8.1.202304191431//db//mcu/
2023-06-04 00:35:54,330 [INFO] ApiDb:274 - Set plugin database path to: /opt/st/stm32cubeide_1.12.1/plugins/com.st.stm32cube.common.mx_6.8.1.202304191431//db//plugins/boardmanager/
2023-06-04 00:35:54,331 [INFO] ApiDb:261 - Set plugin images path to: /opt/st/stm32cubeide_1.12.1/plugins/com.st.stm32cube.common.mx_6.8.1.202304191431//db//plugins/mcufinder/images/
2023-06-04 00:35:54,332 [WARN] DbFile:41 - Overriding database path with different value: /home/mowibox/.stmcufinder/plugins/mcufinder/ => /home/mowibox/.stmcufinder/plugins/mcufinder
2023-06-04 00:35:54,332 [INFO] ApiDb:250 - Set database path to: /home/mowibox/.stmcufinder/plugins/mcufinder//mcu/
2023-06-04 00:35:54,332 [WARN] DbFile:41 - Overriding database path with different value: /home/mowibox/.stmcufinder/plugins/mcufinder/ => /home/mowibox/.stmcufinder/plugins/mcufinder
2023-06-04 00:35:54,332 [INFO] DbMcusAds:125 - Set database path to: /home/mowibox/.stmcufinder/plugins/mcufinder//mcu/
2023-06-04 00:35:54,332 [WARN] DbFile:41 - Overriding database path with different value: /home/mowibox/.stmcufinder/plugins/mcufinder/ => /home/mowibox/.stmcufinder/plugins/mcufinder
2023-06-04 00:35:54,332 [WARN] DbFile:41 - Overriding database path with different value: /home/mowibox/.stmcufinder/plugins/mcufinder/ => /home/mowibox/.stmcufinder/plugins/mcufinder
2023-06-04 00:35:54,333 [INFO] CrossReferenceDbSqlite:203 - Set database path to: /home/mowibox/.stmcufinder/plugins/mcufinder//mcu/cs/
2023-06-04 00:35:54,493 [INFO] MainPanel:253 - HeapMemory: 268435456
2023-06-04 00:35:54,749 [INFO] DbMcusXml:78 - Set database path to: /opt/st/stm32cubeide_1.12.1/plugins/com.st.stm32cube.common.mx_6.8.1.202304191431//db//mcu/
2023-06-04 00:35:54,750 [INFO] ApiDb:274 - Set plugin database path to: /opt/st/stm32cubeide_1.12.1/plugins/com.st.stm32cube.common.mx_6.8.1.202304191431//db//plugins/boardmanager/
2023-06-04 00:35:54,750 [INFO] ApiDb:261 - Set plugin images path to: /opt/st/stm32cubeide_1.12.1/plugins/com.st.stm32cube.common.mx_6.8.1.202304191431//db//plugins/mcufinder/images/
2023-06-04 00:35:54,753 [WARN] DbFile:41 - Overriding database path with different value: /home/mowibox/.stmcufinder/plugins/mcufinder/ => /home/mowibox/.stmcufinder/plugins/mcufinder
2023-06-04 00:35:54,753 [INFO] ApiDb:250 - Set database path to: /home/mowibox/.stmcufinder/plugins/mcufinder//mcu/
2023-06-04 00:35:54,754 [WARN] DbFile:41 - Overriding database path with different value: /home/mowibox/.stmcufinder/plugins/mcufinder/ => /home/mowibox/.stmcufinder/plugins/mcufinder
2023-06-04 00:35:54,754 [INFO] DbMcusAds:125 - Set database path to: /home/mowibox/.stmcufinder/plugins/mcufinder//mcu/
2023-06-04 00:35:54,755 [WARN] DbFile:41 - Overriding database path with different value: /home/mowibox/.stmcufinder/plugins/mcufinder/ => /home/mowibox/.stmcufinder/plugins/mcufinder
2023-06-04 00:35:54,755 [WARN] DbFile:41 - Overriding database path with different value: /home/mowibox/.stmcufinder/plugins/mcufinder/ => /home/mowibox/.stmcufinder/plugins/mcufinder
2023-06-04 00:35:54,755 [INFO] CrossReferenceDbSqlite:203 - Set database path to: /home/mowibox/.stmcufinder/plugins/mcufinder//mcu/cs/
2023-06-04 00:35:54,849 [INFO] ApplicationProperties:184 - Using Application install path: /opt/st/stm32cubeide_1.12.1/plugins/com.st.stm32cube.common.mx_6.8.1.202304191431
2023-06-04 00:35:54,854 [INFO] PluginManage:196 - Search for loadable plugins [exclusion list=, ]
2023-06-04 00:35:54,858 [INFO] PluginManage:310 - Check plugin analytics
2023-06-04 00:35:55,609 [INFO] AnalyticsPlugin:253 - Accepted Software Licenses: 
2023-06-04 00:35:55,610 [INFO] AnalyticsPlugin:255 - Accepted CMSIS Pack Licenses: 
2023-06-04 00:35:55,611 [INFO] AnalyticsPlugin:257 - Accepted Firmware Licenses: FW.H7.1.11.0,FW.F4.1.27.0
2023-06-04 00:35:55,625 [INFO] PluginManage:359 - Loaded plugin analytics (category:tool,tabindex:-1)
2023-06-04 00:35:55,627 [INFO] PluginManage:310 - Check plugin cadmodel
2023-06-04 00:35:56,054 [INFO] CADModel:105 - Init CAD model plugin
2023-06-04 00:35:56,054 [INFO] PluginManage:359 - Loaded plugin cadmodel (category:power,tabindex:5)
2023-06-04 00:35:56,055 [INFO] PluginManage:310 - Check plugin clock
2023-06-04 00:35:56,214 [INFO] PluginManage:359 - Loaded plugin clock (category:base,tabindex:2)
2023-06-04 00:35:56,214 [INFO] PluginManage:310 - Check plugin ddr
2023-06-04 00:35:56,236 [INFO] PluginManage:359 - Loaded plugin ddr (category:tool,tabindex:6)
2023-06-04 00:35:56,237 [INFO] PluginManage:310 - Check plugin filemanager
2023-06-04 00:35:57,176 [INFO] PluginManage:359 - Loaded plugin filemanager (category:base,tabindex:10)
2023-06-04 00:35:57,177 [INFO] PluginManage:310 - Check plugin ipmanager
2023-06-04 00:35:57,205 [INFO] PluginManage:359 - Loaded plugin ipmanager (category:base,tabindex:5)
2023-06-04 00:35:57,205 [INFO] PluginManage:310 - Check plugin lpbam
2023-06-04 00:35:57,289 [INFO] PluginManage:359 - Loaded plugin lpbam (category:base,tabindex:0)
2023-06-04 00:35:57,289 [INFO] PluginManage:310 - Check plugin pinoutandconfiguration
2023-06-04 00:35:57,376 [INFO] PluginManage:359 - Loaded plugin pinoutandconfiguration (category:base,tabindex:1)
2023-06-04 00:35:57,376 [INFO] PluginManage:310 - Check plugin pinoutconfig
2023-06-04 00:35:57,822 [WARN] SupportedApi:132 - Cannot load RTOS API schema: s4s-elt-must-match.1: The content of 'definitions' must match (annotation?, (simpleType | complexType)?, (unique | key | keyref)*)). A problem was found starting at: attribute.
2023-06-04 00:35:58,264 [INFO] PluginManage:359 - Loaded plugin pinoutconfig (category:base,tabindex:0)
2023-06-04 00:35:58,265 [INFO] PluginManage:310 - Check plugin power
2023-06-04 00:35:58,370 [INFO] PluginManage:359 - Loaded plugin power (category:power,tabindex:4)
2023-06-04 00:35:58,371 [INFO] PluginManage:310 - Check plugin projectmanager
2023-06-04 00:35:58,445 [INFO] PluginManage:359 - Loaded plugin projectmanager (category:projectmanager,tabindex:3)
2023-06-04 00:35:58,446 [INFO] PluginManage:310 - Check plugin thirdparty
2023-06-04 00:35:58,999 [INFO] PluginManage:359 - Loaded plugin thirdparty (category:base,tabindex:-1)
2023-06-04 00:35:58,998 [WARN] IntegrityCheckThread:84 - waiting for thirdparty lock release [integrity check]
2023-06-04 00:35:58,999 [INFO] PluginManage:310 - Check plugin tools
2023-06-04 00:35:58,999 [INFO] IntegrityCheckThread:86 - entering critical section [integrity check]
2023-06-04 00:35:59,003 [INFO] ThirdPartyUpdaterWithRetryManager:70 - Updater plugin not ready yet. [1/15]
2023-06-04 00:35:59,046 [INFO] PluginManage:359 - Loaded plugin tools (category:base,tabindex:7)
2023-06-04 00:35:59,046 [INFO] PluginManage:310 - Check plugin tutovideos
2023-06-04 00:35:59,557 [INFO] PluginManage:359 - Loaded plugin tutovideos (category:base,tabindex:-1)
2023-06-04 00:35:59,558 [INFO] PluginManage:310 - Check plugin updater
2023-06-04 00:35:59,614 [INFO] PluginManage:359 - Loaded plugin updater (category:base,tabindex:12)
2023-06-04 00:35:59,615 [INFO] PluginManage:283 - PluginManage : Loaded plugins [15]
2023-06-04 00:36:00,226 [INFO] PinOutPanel:1499 - setPackage(No Configuration,No Configuration)
2023-06-04 00:36:00,423 [INFO] CADModel:165 - CPN selected for project level
2023-06-04 00:36:00,424 [INFO] CADModel:114 - Register for checkConnection events
2023-06-04 00:36:00,514 [INFO] IPUIPlugin:80 - create IPUIPlugin
2023-06-04 00:36:00,514 [INFO] PluginManager:220 - loadIPPluginJar : add quadspi
2023-06-04 00:36:00,517 [INFO] IPUIPlugin:80 - create IPUIPlugin
2023-06-04 00:36:00,518 [INFO] PluginManager:220 - loadIPPluginJar : add ucpd
2023-06-04 00:36:00,579 [INFO] IPUIPlugin:80 - create IPUIPlugin
2023-06-04 00:36:00,579 [INFO] PluginManager:220 - loadIPPluginJar : add opamp
2023-06-04 00:36:00,614 [INFO] IPUIPlugin:80 - create IPUIPlugin
2023-06-04 00:36:00,614 [INFO] PluginManager:220 - loadIPPluginJar : add lorawan
2023-06-04 00:36:00,620 [INFO] IPUIPlugin:80 - create IPUIPlugin
2023-06-04 00:36:00,620 [INFO] PluginManager:220 - loadIPPluginJar : add usart
2023-06-04 00:36:00,629 [INFO] IPUIPlugin:80 - create IPUIPlugin
2023-06-04 00:36:00,629 [INFO] PluginManager:220 - loadIPPluginJar : add stm32_wpan
2023-06-04 00:36:00,634 [INFO] IPUIPlugin:80 - create IPUIPlugin
2023-06-04 00:36:00,635 [INFO] PluginManager:220 - loadIPPluginJar : add sai
2023-06-04 00:36:00,674 [INFO] IPUIPlugin:80 - create IPUIPlugin
2023-06-04 00:36:00,675 [INFO] PluginManager:220 - loadIPPluginJar : add linkedlist
2023-06-04 00:36:00,683 [INFO] IPUIPlugin:80 - create IPUIPlugin
2023-06-04 00:36:00,684 [INFO] PluginManager:220 - loadIPPluginJar : add ts
2023-06-04 00:36:00,712 [INFO] IPUIPlugin:80 - create IPUIPlugin
2023-06-04 00:36:00,712 [INFO] PluginManager:220 - loadIPPluginJar : add aes
2023-06-04 00:36:00,722 [INFO] IPUIPlugin:80 - create IPUIPlugin
2023-06-04 00:36:00,722 [INFO] PluginManager:220 - loadIPPluginJar : add i2c
2023-06-04 00:36:00,730 [INFO] IPUIPlugin:80 - create IPUIPlugin
2023-06-04 00:36:00,730 [INFO] PluginManager:220 - loadIPPluginJar : add tim
2023-06-04 00:36:00,754 [INFO] IPUIPlugin:80 - create IPUIPlugin
2023-06-04 00:36:00,754 [INFO] PluginManager:220 - loadIPPluginJar : add gfxmmu
2023-06-04 00:36:00,762 [INFO] IPUIPlugin:80 - create IPUIPlugin
2023-06-04 00:36:00,763 [INFO] PluginManager:220 - loadIPPluginJar : add pdm2pcm
2023-06-04 00:36:00,807 [INFO] IPUIPlugin:80 - create IPUIPlugin
2023-06-04 00:36:00,808 [INFO] PluginManager:220 - loadIPPluginJar : add gpio
2023-06-04 00:36:00,816 [INFO] IPUIPlugin:80 - create IPUIPlugin
2023-06-04 00:36:00,816 [INFO] PluginManager:220 - loadIPPluginJar : add fmc
2023-06-04 00:36:00,856 [INFO] IPUIPlugin:80 - create IPUIPlugin
2023-06-04 00:36:00,856 [INFO] PluginManager:220 - loadIPPluginJar : add adc
2023-06-04 00:36:00,862 [INFO] IPUIPlugin:80 - create IPUIPlugin
2023-06-04 00:36:00,862 [INFO] PluginManager:220 - loadIPPluginJar : add touchsensing
2023-06-04 00:36:00,867 [INFO] IPUIPlugin:80 - create IPUIPlugin
2023-06-04 00:36:00,867 [INFO] PluginManager:220 - loadIPPluginJar : add i2s
2023-06-04 00:36:00,870 [INFO] IPUIPlugin:80 - create IPUIPlugin
2023-06-04 00:36:00,870 [INFO] PluginManager:220 - loadIPPluginJar : add spi
2023-06-04 00:36:00,919 [INFO] IPUIPlugin:80 - create IPUIPlugin
2023-06-04 00:36:00,920 [INFO] PluginManager:220 - loadIPPluginJar : add freertos
2023-06-04 00:36:00,924 [INFO] IPUIPlugin:80 - create IPUIPlugin
2023-06-04 00:36:00,924 [INFO] PluginManager:220 - loadIPPluginJar : add can
2023-06-04 00:36:00,940 [INFO] IPUIPlugin:80 - create IPUIPlugin
2023-06-04 00:36:00,940 [INFO] PluginManager:220 - loadIPPluginJar : add ipddr
2023-06-04 00:36:00,947 [INFO] IPUIPlugin:80 - create IPUIPlugin
2023-06-04 00:36:00,947 [INFO] PluginManager:220 - loadIPPluginJar : add gtzc
2023-06-04 00:36:00,951 [INFO] IPUIPlugin:80 - create IPUIPlugin
2023-06-04 00:36:00,951 [INFO] PluginManager:220 - loadIPPluginJar : add comp
2023-06-04 00:36:00,957 [INFO] IPUIPlugin:80 - create IPUIPlugin
2023-06-04 00:36:00,957 [INFO] PluginManager:220 - loadIPPluginJar : add dfsdm
2023-06-04 00:36:00,961 [INFO] IPUIPlugin:80 - create IPUIPlugin
2023-06-04 00:36:00,962 [INFO] PluginManager:220 - loadIPPluginJar : add fatfs
2023-06-04 00:36:01,042 [INFO] IPUIPlugin:80 - create IPUIPlugin
2023-06-04 00:36:01,043 [INFO] PluginManager:220 - loadIPPluginJar : add tsc
2023-06-04 00:36:01,102 [INFO] IPUIPlugin:80 - create IPUIPlugin
2023-06-04 00:36:01,102 [INFO] PluginManager:220 - loadIPPluginJar : add nvic
2023-06-04 00:36:01,106 [INFO] IPUIPlugin:80 - create IPUIPlugin
2023-06-04 00:36:01,106 [INFO] PluginManager:220 - loadIPPluginJar : add openamp
2023-06-04 00:36:01,109 [INFO] IPUIPlugin:80 - create IPUIPlugin
2023-06-04 00:36:01,110 [INFO] PluginManager:220 - loadIPPluginJar : add usbx
2023-06-04 00:36:01,154 [INFO] IPUIPlugin:80 - create IPUIPlugin
2023-06-04 00:36:01,154 [INFO] PluginManager:220 - loadIPPluginJar : add dma
2023-06-04 00:36:01,157 [INFO] IPUIPlugin:80 - create IPUIPlugin
2023-06-04 00:36:01,158 [INFO] PluginManager:220 - loadIPPluginJar : add tracer_emb
2023-06-04 00:36:01,160 [INFO] IPUIPlugin:80 - create IPUIPlugin
2023-06-04 00:36:01,160 [INFO] PluginManager:220 - loadIPPluginJar : add ltdc
2023-06-04 00:36:01,204 [INFO] IPUIPlugin:80 - create IPUIPlugin
2023-06-04 00:36:01,204 [INFO] PluginManager:220 - loadIPPluginJar : add resmgrutility
2023-06-04 00:36:01,212 [INFO] IPUIPlugin:80 - create IPUIPlugin
2023-06-04 00:36:01,213 [INFO] PluginManager:220 - loadIPPluginJar : add dma3
2023-06-04 00:36:01,230 [INFO] IPUIPlugin:80 - create IPUIPlugin
2023-06-04 00:36:01,231 [INFO] PluginManager:220 - loadIPPluginJar : add gic
2023-06-04 00:36:01,237 [INFO] IPUIPlugin:80 - create IPUIPlugin
2023-06-04 00:36:01,237 [INFO] PluginManager:220 - loadIPPluginJar : add cryp
2023-06-04 00:36:01,243 [INFO] IPUIPlugin:80 - create IPUIPlugin
2023-06-04 00:36:01,244 [INFO] PluginManager:220 - loadIPPluginJar : add hash
2023-06-04 00:36:01,248 [INFO] IPUIPlugin:80 - create IPUIPlugin
2023-06-04 00:36:01,248 [INFO] PluginManager:220 - loadIPPluginJar : add genericplugin
2023-06-04 00:36:01,255 [INFO] IPUIPlugin:80 - create IPUIPlugin
2023-06-04 00:36:01,256 [INFO] PluginManager:220 - loadIPPluginJar : add i3c
2023-06-04 00:36:01,326 [INFO] IPUIPlugin:80 - create IPUIPlugin
2023-06-04 00:36:01,335 [INFO] PluginManager:220 - loadIPPluginJar : add plateformsettings
2023-06-04 00:36:01,375 [INFO] IPUIPlugin:80 - create IPUIPlugin
2023-06-04 00:36:01,376 [INFO] PluginManager:220 - loadIPPluginJar : add mdma
2023-06-04 00:36:01,563 [INFO] CADModel:165 - CPN selected for project level
2023-06-04 00:36:01,563 [INFO] CADModel:114 - Register for checkConnection events
2023-06-04 00:36:01,564 [FATAL] Updater:308 - Updater called before beeing initialized
2023-06-04 00:36:01,564 [ERROR] CADModel:125 - Updater not yet initialized, retry later 
2023-06-04 00:36:01,880 [INFO] CADModel:165 - CPN selected for project level
2023-06-04 00:36:01,880 [INFO] CADModel:114 - Register for checkConnection events
2023-06-04 00:36:01,880 [FATAL] Updater:308 - Updater called before beeing initialized
2023-06-04 00:36:01,881 [ERROR] CADModel:125 - Updater not yet initialized, retry later 
2023-06-04 00:36:01,885 [FATAL] Updater:308 - Updater called before beeing initialized
2023-06-04 00:36:02,003 [INFO] ThirdPartyUpdaterWithRetryManager:70 - Updater plugin not ready yet. [2/15]
2023-06-04 00:36:02,029 [FATAL] Updater:308 - Updater called before beeing initialized
2023-06-04 00:36:02,063 [INFO] DbMcusAds:53 - JSON generation date=Tue Mar 07 09:50:55 CET 2023 (1678179055335)
2023-06-04 00:36:02,063 [FATAL] Updater:308 - Updater called before beeing initialized
2023-06-04 00:36:02,182 [WARN] DetailPanel:346 - Failed to get advertising image, set to default
2023-06-04 00:36:02,397 [FATAL] Updater:308 - Updater called before beeing initialized
2023-06-04 00:36:02,400 [FATAL] Updater:308 - Updater called before beeing initialized
2023-06-04 00:36:02,400 [FATAL] Updater:308 - Updater called before beeing initialized
2023-06-04 00:36:02,400 [WARN] DetailPanel:346 - Failed to get advertising image, set to default
2023-06-04 00:36:02,401 [FATAL] Updater:308 - Updater called before beeing initialized
2023-06-04 00:36:02,498 [ERROR] Updater:1120 - MainUpdater not yet initialized. External WinMGr cannot be set.
2023-06-04 00:36:02,504 [INFO] Updater:1056 - Updater Version found : 6.8.1
2023-06-04 00:36:02,545 [INFO] ApplicationProperties:184 - Using Application install path: /opt/st/stm32cubeide_1.12.1/plugins/com.st.stm32cube.common.mx_6.8.1.202304191431
2023-06-04 00:36:03,365 [INFO] MainUpdater:2854 - connection check result : 10
2023-06-04 00:36:03,366 [INFO] MainUpdater:283 - Updater Check For Update Now.
2023-06-04 00:36:03,367 [INFO] MicroXplorer:498 - Change Database Version : DB.6.0.81
2023-06-04 00:36:03,687 [INFO] CheckServerUpdateThread:120 - End of CheckServer Thread
2023-06-04 00:36:03,828 [INFO] MainUpdater:2854 - connection check result : 10
2023-06-04 00:36:03,831 [INFO] MainUpdater:2854 - connection check result : 10
2023-06-04 00:36:05,874 [WARN] PackLoader:240 - Cannot read IP mode file for STMicroelectronics.X-CUBE-GNSS1.6.0.0
2023-06-04 00:36:05,960 [WARN] PackLoader:240 - Cannot read IP mode file for STMicroelectronics.X-CUBE-AZRTOS-F4.1.1.0
2023-06-04 00:36:05,989 [WARN] PackLoader:240 - Cannot read IP mode file for STMicroelectronics.X-CUBE-SMBUS.2.1.0
2023-06-04 00:36:06,035 [WARN] PackLoader:240 - Cannot read IP mode file for STMicroelectronics.X-CUBE-AZRTOS-F7.1.1.0
2023-06-04 00:36:06,205 [WARN] PackLoader:240 - Cannot read IP mode file for STMicroelectronics.X-CUBE-MEMS1.9.6.0
2023-06-04 00:36:06,651 [ERROR] RealEvaluatedCondition:428 - Found unsupported composite condition: GROUP='STM32_MetaDataManager' CLASS='Data Exchange'
2023-06-04 00:36:06,651 [ERROR] RealEvaluatedCondition:428 - Found unsupported composite condition: GROUP='STM32_MetaDataManager' CLASS='Data Exchange'
2023-06-04 00:36:06,654 [WARN] PackLoader:240 - Cannot read IP mode file for STMicroelectronics.FP-SNS-MOTENV1.4.3.1
2023-06-04 00:36:06,674 [WARN] PackLoader:240 - Cannot read IP mode file for STMicroelectronics.FP-SNS-FLIGHT1.5.0.1
2023-06-04 00:36:06,694 [WARN] PackLoader:240 - Cannot read IP mode file for STMicroelectronics.X-CUBE-BLE1.6.2.4
2023-06-04 00:36:06,711 [WARN] PackLoader:240 - Cannot read IP mode file for emotas.I-CUBE-CANOPEN.1.1.3
2023-06-04 00:36:06,743 [WARN] PackLoader:240 - Cannot read IP mode file for STMicroelectronics.X-CUBE-BLEMGR.2.0.0
2023-06-04 00:36:06,804 [WARN] ConditionMgr:438 - getConditionDescription Invalid condition id : UX DEVICE CLASS RTOS Condition cause : null
2023-06-04 00:36:06,804 [WARN] ConditionMgr:438 - getConditionDescription Invalid condition id : UX DEVICE CLASS RTOS Condition cause : null
2023-06-04 00:36:06,814 [WARN] PackLoader:240 - Cannot read IP mode file for STMicroelectronics.X-CUBE-AZRTOS-H7.3.1.0
2023-06-04 00:36:06,817 [WARN] ConditionMgr:1039 - genDependencies : Invalid condition id : UX DEVICE CLASS RTOS Condition cause : null
2023-06-04 00:36:06,817 [WARN] ConditionMgr:1039 - genDependencies : Invalid condition id : UX DEVICE CLASS RTOS Condition cause : null
2023-06-04 00:36:06,819 [WARN] ConditionMgr:1039 - genDependencies : Invalid condition id : UX DEVICE CLASS RTOS Condition cause : null
2023-06-04 00:36:06,819 [WARN] ConditionMgr:1039 - genDependencies : Invalid condition id : UX DEVICE CLASS RTOS Condition cause : null
2023-06-04 00:36:06,820 [WARN] ConditionMgr:1039 - genDependencies : Invalid condition id : UX DEVICE CLASS RTOS Condition cause : null
2023-06-04 00:36:06,850 [WARN] PackLoader:240 - Cannot read IP mode file for STMicroelectronics.X-CUBE-DISPLAY.3.0.0
2023-06-04 00:36:06,867 [WARN] PackLoader:240 - Cannot read IP mode file for wolfSSL.I-CUBE-wolfSSL.5.5.4
2023-06-04 00:36:06,883 [WARN] PackLoader:240 - Cannot read IP mode file for STMicroelectronics.X-CUBE-NFC7.1.0.0
2023-06-04 00:36:06,901 [WARN] PackLoader:240 - Cannot read IP mode file for STMicroelectronics.X-CUBE-EEPRMA1.4.1.0
2023-06-04 00:36:06,934 [INFO] LogOutputStream:77 - [STDOUT_REDIRECT] 1 : Invalid condition id : UX_CORESTACK_Condition cause : null
2023-06-04 00:36:06,935 [INFO] LogOutputStream:77 - [STDOUT_REDIRECT] 1 : Invalid condition id : UX_CORESTACK_Condition cause : null
2023-06-04 00:36:06,936 [INFO] LogOutputStream:77 - [STDOUT_REDIRECT] 1 : Invalid condition id : UX_CORESTACK_Condition cause : null
2023-06-04 00:36:06,936 [INFO] LogOutputStream:77 - [STDOUT_REDIRECT] 1 : Invalid condition id : UX_CORESTACK_Condition cause : null
2023-06-04 00:36:06,937 [INFO] LogOutputStream:77 - [STDOUT_REDIRECT] 1 : Invalid condition id : UX_CORESTACK_Condition cause : null
2023-06-04 00:36:06,945 [WARN] PackLoader:240 - Cannot read IP mode file for STMicroelectronics.X-CUBE-AZRTOS-WL.2.0.0
2023-06-04 00:36:07,003 [WARN] ConditionMgr:438 - getConditionDescription Invalid condition id : LAN8742 Phy interface Condition cause : null
2023-06-04 00:36:07,005 [WARN] PackLoader:240 - Cannot read IP mode file for STMicroelectronics.X-CUBE-AZRTOS-L4.2.0.0
2023-06-04 00:36:07,007 [WARN] ConditionMgr:1039 - genDependencies : Invalid condition id : LAN8742 Phy interface Condition cause : null
2023-06-04 00:36:07,008 [WARN] ConditionMgr:1039 - genDependencies : Invalid condition id : LAN8742 Phy interface Condition cause : null
2023-06-04 00:36:07,009 [WARN] ConditionMgr:1039 - genDependencies : Invalid condition id : LAN8742 Phy interface Condition cause : null
2023-06-04 00:36:07,043 [WARN] PackLoader:240 - Cannot read IP mode file for WES.I-CUBE-Cesium.1.3.0
2023-06-04 00:36:07,084 [WARN] PackLoader:240 - Cannot read IP mode file for STMicroelectronics.X-CUBE-SFXS2LP1.4.0.0
2023-06-04 00:36:07,108 [WARN] PackLoader:240 - Cannot read IP mode file for STMicroelectronics.X-CUBE-BLE2.3.3.0
2023-06-04 00:36:07,135 [WARN] PackLoader:240 - Cannot read IP mode file for STMicroelectronics.X-CUBE-TOF1.3.2.0
2023-06-04 00:36:07,214 [WARN] PackLoader:240 - Cannot read IP mode file for STMicroelectronics.X-CUBE-AZRTOS-H7.3.0.0
2023-06-04 00:36:07,235 [WARN] PackLoader:240 - Cannot read IP mode file for STMicroelectronics.X-CUBE-ISPU.1.1.0
2023-06-04 00:36:07,248 [WARN] PackLoader:240 - Cannot read IP mode file for RoweBots.I-CUBE-UNISONRTOS.5.5.0-4
2023-06-04 00:36:07,268 [WARN] PackLoader:240 - Cannot read IP mode file for STMicroelectronics.X-CUBE-AI.8.0.0
2023-06-04 00:36:07,276 [WARN] PackLoader:240 - Cannot read IP mode file for STMicroelectronics.X-CUBE-FREERTOS.1.0.1
2023-06-04 00:36:07,300 [WARN] PackLoader:240 - Cannot read IP mode file for STMicroelectronics.X-CUBE-TOUCHGFX.4.21.1
2023-06-04 00:36:07,302 [WARN] PackLoader:240 - Cannot read IP mode file for STMicroelectronics.X-CUBE-TOUCHGFX.4.21.4
2023-06-04 00:36:07,320 [WARN] PackLoader:240 - Cannot read IP mode file for STMicroelectronics.X-CUBE-ALGOBUILD.1.3.0
2023-06-04 00:36:07,362 [WARN] PackLoader:240 - Cannot read IP mode file for STMicroelectronics.X-CUBE-AZRTOS-L5.1.1.0
2023-06-04 00:36:07,408 [WARN] PackLoader:240 - Cannot read IP mode file for STMicroelectronics.X-CUBE-AZRTOS-G0.1.1.0
2023-06-04 00:36:07,442 [WARN] PackLoader:240 - Cannot read IP mode file for STMicroelectronics.X-CUBE-AI.8.0.1
2023-06-04 00:36:07,459 [WARN] PackLoader:240 - Cannot read IP mode file for STMicroelectronics.X-CUBE-SUBG2.5.0.0
2023-06-04 00:36:07,508 [WARN] PackLoader:240 - Cannot read IP mode file for STMicroelectronics.X-CUBE-NFC4.3.0.0
2023-06-04 00:36:07,547 [WARN] PackLoader:240 - Cannot read IP mode file for STMicroelectronics.X-CUBE-AZRTOS-G4.2.0.0
2023-06-04 00:36:07,577 [WARN] PackLoader:240 - Cannot read IP mode file for STMicroelectronics.X-CUBE-TOF1.3.3.0
2023-06-04 00:36:07,622 [WARN] PackLoader:240 - Cannot read IP mode file for STMicroelectronics.FP-ATR-ASTRA1.1.1.1
2023-06-04 00:36:07,636 [WARN] PackLoader:240 - Cannot read IP mode file for STMicroelectronics.X-CUBE-BLEMGR.1.3.0
2023-06-04 00:36:07,677 [WARN] PackLoader:240 - Cannot read IP mode file for STMicroelectronics.X-CUBE-AZRTOS-G4.1.0.0
2023-06-04 00:36:07,683 [WARN] PackLoader:240 - Cannot read IP mode file for STMicroelectronics.FP-ATR-SIGFOX1.3.2.0
2023-06-04 00:36:07,709 [WARN] PackLoader:240 - Cannot read IP mode file for STMicroelectronics.X-CUBE-AZRTOS-L4.1.0.0
2023-06-04 00:36:07,733 [WARN] PackLoader:240 - Cannot read IP mode file for STMicroelectronics.X-CUBE-AZRTOS-WL.1.0.0
2023-06-04 00:36:07,739 [WARN] PackLoader:240 - Cannot read IP mode file for portGmbH.I-Cube-SoM-uGOAL.1.1.0
2023-06-04 00:36:07,758 [WARN] PackLoader:240 - Cannot read IP mode file for STMicroelectronics.X-CUBE-ALS.1.0.1
2023-06-04 00:36:07,833 [WARN] PackLoader:240 - Cannot read IP mode file for STMicroelectronics.X-CUBE-MEMS1.9.5.0
2023-06-04 00:36:08,069 [WARN] PackLoader:240 - Cannot read IP mode file for STMicroelectronics.X-CUBE-AZRTOS-WB.1.1.0
2023-06-04 00:36:08,109 [WARN] PackLoader:240 - Cannot read IP mode file for SEGGER.I-CUBE-embOS.1.3.1
2023-06-04 00:36:08,187 [WARN] PackLoader:240 - Cannot read IP mode file for STMicroelectronics.FP-ATR-ASTRA1.2.0.0
2023-06-04 00:36:08,189 [INFO] ThirdParty:978 - Integrity check success = true
2023-06-04 00:36:08,189 [INFO] IntegrityCheckThread:100 - exiting critical section [integrity check]
2023-06-04 00:36:08,189 [INFO] IntegrityCheckThread:103 - End integrity checks thread
2023-06-04 13:38:30,965 [INFO] Activator:176 - 


2023-06-04 13:38:30,984 [INFO] Activator:177 - !SESSION log4j initialized
2023-06-04 13:38:37,337 [INFO] ApplicationProperties:184 - Using Application install path: /opt/st/stm32cubeide_1.12.1/plugins/com.st.stm32cube.common.mx_6.8.1.202304191431
2023-06-04 13:38:37,467 [INFO] DbMcusXml:78 - Set database path to: /opt/st/stm32cubeide_1.12.1/plugins/com.st.stm32cube.common.mx_6.8.1.202304191431//db//mcu/
2023-06-04 13:38:37,468 [INFO] ApiDb:274 - Set plugin database path to: /opt/st/stm32cubeide_1.12.1/plugins/com.st.stm32cube.common.mx_6.8.1.202304191431//db//plugins/boardmanager/
2023-06-04 13:38:37,484 [WARN] ApiDb:259 - Overriding images path with different value:  => /opt/st/stm32cubeide_1.12.1/plugins/com.st.stm32cube.common.mx_6.8.1.202304191431//db//plugins/mcufinder/images/
2023-06-04 13:38:37,621 [INFO] ApiDb:250 - Set database path to: /home/mowibox/.stmcufinder/plugins/mcufinder//mcu/
2023-06-04 13:38:37,625 [INFO] DbMcusAds:125 - Set database path to: /home/mowibox/.stmcufinder/plugins/mcufinder//mcu/
2023-06-04 13:38:37,672 [INFO] CrossReferenceDbSqlite:203 - Set database path to: /home/mowibox/.stmcufinder/plugins/mcufinder//mcu/cs/
2023-06-04 13:38:38,136 [INFO] RulesReader:64 - Compatibility file has been processed (293 Rules)
2023-06-04 13:38:38,672 [INFO] DbMcusXml:78 - Set database path to: /opt/st/stm32cubeide_1.12.1/plugins/com.st.stm32cube.common.mx_6.8.1.202304191431//db//mcu/
2023-06-04 13:38:38,672 [INFO] ApiDb:274 - Set plugin database path to: /opt/st/stm32cubeide_1.12.1/plugins/com.st.stm32cube.common.mx_6.8.1.202304191431//db//plugins/boardmanager/
2023-06-04 13:38:38,674 [INFO] ApiDb:261 - Set plugin images path to: /opt/st/stm32cubeide_1.12.1/plugins/com.st.stm32cube.common.mx_6.8.1.202304191431//db//plugins/mcufinder/images/
2023-06-04 13:38:38,675 [WARN] DbFile:41 - Overriding database path with different value: /home/mowibox/.stmcufinder/plugins/mcufinder/ => /home/mowibox/.stmcufinder/plugins/mcufinder
2023-06-04 13:38:38,676 [INFO] ApiDb:250 - Set database path to: /home/mowibox/.stmcufinder/plugins/mcufinder//mcu/
2023-06-04 13:38:38,676 [WARN] DbFile:41 - Overriding database path with different value: /home/mowibox/.stmcufinder/plugins/mcufinder/ => /home/mowibox/.stmcufinder/plugins/mcufinder
2023-06-04 13:38:38,677 [INFO] DbMcusAds:125 - Set database path to: /home/mowibox/.stmcufinder/plugins/mcufinder//mcu/
2023-06-04 13:38:38,677 [WARN] DbFile:41 - Overriding database path with different value: /home/mowibox/.stmcufinder/plugins/mcufinder/ => /home/mowibox/.stmcufinder/plugins/mcufinder
2023-06-04 13:38:38,678 [WARN] DbFile:41 - Overriding database path with different value: /home/mowibox/.stmcufinder/plugins/mcufinder/ => /home/mowibox/.stmcufinder/plugins/mcufinder
2023-06-04 13:38:38,679 [INFO] CrossReferenceDbSqlite:203 - Set database path to: /home/mowibox/.stmcufinder/plugins/mcufinder//mcu/cs/
2023-06-04 13:38:38,947 [INFO] MainPanel:253 - HeapMemory: 268435456
2023-06-04 13:38:39,383 [INFO] DbMcusXml:78 - Set database path to: /opt/st/stm32cubeide_1.12.1/plugins/com.st.stm32cube.common.mx_6.8.1.202304191431//db//mcu/
2023-06-04 13:38:39,384 [INFO] ApiDb:274 - Set plugin database path to: /opt/st/stm32cubeide_1.12.1/plugins/com.st.stm32cube.common.mx_6.8.1.202304191431//db//plugins/boardmanager/
2023-06-04 13:38:39,384 [INFO] ApiDb:261 - Set plugin images path to: /opt/st/stm32cubeide_1.12.1/plugins/com.st.stm32cube.common.mx_6.8.1.202304191431//db//plugins/mcufinder/images/
2023-06-04 13:38:39,386 [WARN] DbFile:41 - Overriding database path with different value: /home/mowibox/.stmcufinder/plugins/mcufinder/ => /home/mowibox/.stmcufinder/plugins/mcufinder
2023-06-04 13:38:39,386 [INFO] ApiDb:250 - Set database path to: /home/mowibox/.stmcufinder/plugins/mcufinder//mcu/
2023-06-04 13:38:39,386 [WARN] DbFile:41 - Overriding database path with different value: /home/mowibox/.stmcufinder/plugins/mcufinder/ => /home/mowibox/.stmcufinder/plugins/mcufinder
2023-06-04 13:38:39,386 [INFO] DbMcusAds:125 - Set database path to: /home/mowibox/.stmcufinder/plugins/mcufinder//mcu/
2023-06-04 13:38:39,386 [WARN] DbFile:41 - Overriding database path with different value: /home/mowibox/.stmcufinder/plugins/mcufinder/ => /home/mowibox/.stmcufinder/plugins/mcufinder
2023-06-04 13:38:39,386 [WARN] DbFile:41 - Overriding database path with different value: /home/mowibox/.stmcufinder/plugins/mcufinder/ => /home/mowibox/.stmcufinder/plugins/mcufinder
2023-06-04 13:38:39,387 [INFO] CrossReferenceDbSqlite:203 - Set database path to: /home/mowibox/.stmcufinder/plugins/mcufinder//mcu/cs/
2023-06-04 13:38:39,436 [INFO] ApplicationProperties:184 - Using Application install path: /opt/st/stm32cubeide_1.12.1/plugins/com.st.stm32cube.common.mx_6.8.1.202304191431
2023-06-04 13:38:39,438 [INFO] PluginManage:196 - Search for loadable plugins [exclusion list=, ]
2023-06-04 13:38:39,440 [INFO] PluginManage:310 - Check plugin analytics
2023-06-04 13:38:39,964 [INFO] AnalyticsPlugin:253 - Accepted Software Licenses: 
2023-06-04 13:38:39,965 [INFO] AnalyticsPlugin:255 - Accepted CMSIS Pack Licenses: 
2023-06-04 13:38:39,966 [INFO] AnalyticsPlugin:257 - Accepted Firmware Licenses: FW.H7.1.11.0,FW.F4.1.27.0
2023-06-04 13:38:39,982 [INFO] PluginManage:359 - Loaded plugin analytics (category:tool,tabindex:-1)
2023-06-04 13:38:39,983 [INFO] PluginManage:310 - Check plugin cadmodel
2023-06-04 13:38:40,214 [INFO] CADModel:105 - Init CAD model plugin
2023-06-04 13:38:40,215 [INFO] PluginManage:359 - Loaded plugin cadmodel (category:power,tabindex:5)
2023-06-04 13:38:40,215 [INFO] PluginManage:310 - Check plugin clock
2023-06-04 13:38:40,347 [INFO] PluginManage:359 - Loaded plugin clock (category:base,tabindex:2)
2023-06-04 13:38:40,347 [INFO] PluginManage:310 - Check plugin ddr
2023-06-04 13:38:40,368 [INFO] PluginManage:359 - Loaded plugin ddr (category:tool,tabindex:6)
2023-06-04 13:38:40,368 [INFO] PluginManage:310 - Check plugin filemanager
2023-06-04 13:38:41,150 [INFO] PluginManage:359 - Loaded plugin filemanager (category:base,tabindex:10)
2023-06-04 13:38:41,150 [INFO] PluginManage:310 - Check plugin ipmanager
2023-06-04 13:38:41,182 [INFO] PluginManage:359 - Loaded plugin ipmanager (category:base,tabindex:5)
2023-06-04 13:38:41,183 [INFO] PluginManage:310 - Check plugin lpbam
2023-06-04 13:38:41,234 [INFO] PluginManage:359 - Loaded plugin lpbam (category:base,tabindex:0)
2023-06-04 13:38:41,235 [INFO] PluginManage:310 - Check plugin pinoutandconfiguration
2023-06-04 13:38:41,375 [INFO] PluginManage:359 - Loaded plugin pinoutandconfiguration (category:base,tabindex:1)
2023-06-04 13:38:41,375 [INFO] PluginManage:310 - Check plugin pinoutconfig
2023-06-04 13:38:41,715 [WARN] SupportedApi:132 - Cannot load RTOS API schema: s4s-elt-must-match.1: The content of 'definitions' must match (annotation?, (simpleType | complexType)?, (unique | key | keyref)*)). A problem was found starting at: attribute.
2023-06-04 13:38:41,981 [INFO] PluginManage:359 - Loaded plugin pinoutconfig (category:base,tabindex:0)
2023-06-04 13:38:41,981 [INFO] PluginManage:310 - Check plugin power
2023-06-04 13:38:42,101 [INFO] PluginManage:359 - Loaded plugin power (category:power,tabindex:4)
2023-06-04 13:38:42,101 [INFO] PluginManage:310 - Check plugin projectmanager
2023-06-04 13:38:42,141 [INFO] PluginManage:359 - Loaded plugin projectmanager (category:projectmanager,tabindex:3)
2023-06-04 13:38:42,141 [INFO] PluginManage:310 - Check plugin thirdparty
2023-06-04 13:38:42,759 [WARN] IntegrityCheckThread:84 - waiting for thirdparty lock release [integrity check]
2023-06-04 13:38:42,761 [INFO] PluginManage:359 - Loaded plugin thirdparty (category:base,tabindex:-1)
2023-06-04 13:38:42,761 [INFO] IntegrityCheckThread:86 - entering critical section [integrity check]
2023-06-04 13:38:42,762 [INFO] PluginManage:310 - Check plugin tools
2023-06-04 13:38:42,767 [INFO] ThirdPartyUpdaterWithRetryManager:70 - Updater plugin not ready yet. [1/15]
2023-06-04 13:38:42,906 [INFO] PluginManage:359 - Loaded plugin tools (category:base,tabindex:7)
2023-06-04 13:38:42,906 [INFO] PluginManage:310 - Check plugin tutovideos
2023-06-04 13:38:43,598 [INFO] PluginManage:359 - Loaded plugin tutovideos (category:base,tabindex:-1)
2023-06-04 13:38:43,599 [INFO] PluginManage:310 - Check plugin updater
2023-06-04 13:38:43,672 [INFO] PluginManage:359 - Loaded plugin updater (category:base,tabindex:12)
2023-06-04 13:38:43,673 [INFO] PluginManage:283 - PluginManage : Loaded plugins [15]
2023-06-04 13:38:44,525 [INFO] PinOutPanel:1499 - setPackage(No Configuration,No Configuration)
2023-06-04 13:38:44,736 [INFO] CADModel:165 - CPN selected for project level
2023-06-04 13:38:44,737 [INFO] CADModel:114 - Register for checkConnection events
2023-06-04 13:38:44,825 [INFO] IPUIPlugin:80 - create IPUIPlugin
2023-06-04 13:38:44,826 [INFO] PluginManager:220 - loadIPPluginJar : add quadspi
2023-06-04 13:38:44,830 [INFO] IPUIPlugin:80 - create IPUIPlugin
2023-06-04 13:38:44,831 [INFO] PluginManager:220 - loadIPPluginJar : add ucpd
2023-06-04 13:38:44,890 [INFO] IPUIPlugin:80 - create IPUIPlugin
2023-06-04 13:38:44,890 [INFO] PluginManager:220 - loadIPPluginJar : add opamp
2023-06-04 13:38:44,924 [INFO] IPUIPlugin:80 - create IPUIPlugin
2023-06-04 13:38:44,924 [INFO] PluginManager:220 - loadIPPluginJar : add lorawan
2023-06-04 13:38:44,930 [INFO] IPUIPlugin:80 - create IPUIPlugin
2023-06-04 13:38:44,930 [INFO] PluginManager:220 - loadIPPluginJar : add usart
2023-06-04 13:38:44,938 [INFO] IPUIPlugin:80 - create IPUIPlugin
2023-06-04 13:38:44,939 [INFO] PluginManager:220 - loadIPPluginJar : add stm32_wpan
2023-06-04 13:38:44,942 [INFO] IPUIPlugin:80 - create IPUIPlugin
2023-06-04 13:38:44,942 [INFO] PluginManager:220 - loadIPPluginJar : add sai
2023-06-04 13:38:44,985 [INFO] IPUIPlugin:80 - create IPUIPlugin
2023-06-04 13:38:44,985 [INFO] PluginManager:220 - loadIPPluginJar : add linkedlist
2023-06-04 13:38:44,992 [INFO] IPUIPlugin:80 - create IPUIPlugin
2023-06-04 13:38:44,993 [INFO] PluginManager:220 - loadIPPluginJar : add ts
2023-06-04 13:38:45,023 [INFO] IPUIPlugin:80 - create IPUIPlugin
2023-06-04 13:38:45,023 [INFO] PluginManager:220 - loadIPPluginJar : add aes
2023-06-04 13:38:45,033 [INFO] IPUIPlugin:80 - create IPUIPlugin
2023-06-04 13:38:45,034 [INFO] PluginManager:220 - loadIPPluginJar : add i2c
2023-06-04 13:38:45,042 [INFO] IPUIPlugin:80 - create IPUIPlugin
2023-06-04 13:38:45,043 [INFO] PluginManager:220 - loadIPPluginJar : add tim
2023-06-04 13:38:45,075 [INFO] IPUIPlugin:80 - create IPUIPlugin
2023-06-04 13:38:45,076 [INFO] PluginManager:220 - loadIPPluginJar : add gfxmmu
2023-06-04 13:38:45,083 [INFO] IPUIPlugin:80 - create IPUIPlugin
2023-06-04 13:38:45,083 [INFO] PluginManager:220 - loadIPPluginJar : add pdm2pcm
2023-06-04 13:38:45,129 [INFO] IPUIPlugin:80 - create IPUIPlugin
2023-06-04 13:38:45,131 [INFO] PluginManager:220 - loadIPPluginJar : add gpio
2023-06-04 13:38:45,143 [INFO] IPUIPlugin:80 - create IPUIPlugin
2023-06-04 13:38:45,143 [INFO] PluginManager:220 - loadIPPluginJar : add fmc
2023-06-04 13:38:45,185 [INFO] IPUIPlugin:80 - create IPUIPlugin
2023-06-04 13:38:45,186 [INFO] PluginManager:220 - loadIPPluginJar : add adc
2023-06-04 13:38:45,196 [INFO] IPUIPlugin:80 - create IPUIPlugin
2023-06-04 13:38:45,196 [INFO] PluginManager:220 - loadIPPluginJar : add touchsensing
2023-06-04 13:38:45,203 [INFO] IPUIPlugin:80 - create IPUIPlugin
2023-06-04 13:38:45,203 [INFO] PluginManager:220 - loadIPPluginJar : add i2s
2023-06-04 13:38:45,209 [INFO] IPUIPlugin:80 - create IPUIPlugin
2023-06-04 13:38:45,209 [INFO] PluginManager:220 - loadIPPluginJar : add spi
2023-06-04 13:38:45,259 [INFO] IPUIPlugin:80 - create IPUIPlugin
2023-06-04 13:38:45,260 [INFO] PluginManager:220 - loadIPPluginJar : add freertos
2023-06-04 13:38:45,267 [INFO] IPUIPlugin:80 - create IPUIPlugin
2023-06-04 13:38:45,267 [INFO] PluginManager:220 - loadIPPluginJar : add can
2023-06-04 13:38:45,285 [INFO] IPUIPlugin:80 - create IPUIPlugin
2023-06-04 13:38:45,285 [INFO] PluginManager:220 - loadIPPluginJar : add ipddr
2023-06-04 13:38:45,293 [INFO] IPUIPlugin:80 - create IPUIPlugin
2023-06-04 13:38:45,293 [INFO] PluginManager:220 - loadIPPluginJar : add gtzc
2023-06-04 13:38:45,296 [INFO] IPUIPlugin:80 - create IPUIPlugin
2023-06-04 13:38:45,296 [INFO] PluginManager:220 - loadIPPluginJar : add comp
2023-06-04 13:38:45,300 [INFO] IPUIPlugin:80 - create IPUIPlugin
2023-06-04 13:38:45,300 [INFO] PluginManager:220 - loadIPPluginJar : add dfsdm
2023-06-04 13:38:45,302 [INFO] IPUIPlugin:80 - create IPUIPlugin
2023-06-04 13:38:45,302 [INFO] PluginManager:220 - loadIPPluginJar : add fatfs
2023-06-04 13:38:45,304 [INFO] IPUIPlugin:80 - create IPUIPlugin
2023-06-04 13:38:45,305 [INFO] PluginManager:220 - loadIPPluginJar : add tsc
2023-06-04 13:38:45,333 [INFO] IPUIPlugin:80 - create IPUIPlugin
2023-06-04 13:38:45,334 [INFO] PluginManager:220 - loadIPPluginJar : add nvic
2023-06-04 13:38:45,337 [INFO] IPUIPlugin:80 - create IPUIPlugin
2023-06-04 13:38:45,338 [INFO] PluginManager:220 - loadIPPluginJar : add openamp
2023-06-04 13:38:45,341 [INFO] IPUIPlugin:80 - create IPUIPlugin
2023-06-04 13:38:45,341 [INFO] PluginManager:220 - loadIPPluginJar : add usbx
2023-06-04 13:38:45,392 [INFO] IPUIPlugin:80 - create IPUIPlugin
2023-06-04 13:38:45,392 [INFO] PluginManager:220 - loadIPPluginJar : add dma
2023-06-04 13:38:45,398 [INFO] IPUIPlugin:80 - create IPUIPlugin
2023-06-04 13:38:45,399 [INFO] PluginManager:220 - loadIPPluginJar : add tracer_emb
2023-06-04 13:38:45,402 [INFO] IPUIPlugin:80 - create IPUIPlugin
2023-06-04 13:38:45,403 [INFO] PluginManager:220 - loadIPPluginJar : add ltdc
2023-06-04 13:38:45,436 [INFO] IPUIPlugin:80 - create IPUIPlugin
2023-06-04 13:38:45,437 [INFO] PluginManager:220 - loadIPPluginJar : add resmgrutility
2023-06-04 13:38:45,443 [INFO] IPUIPlugin:80 - create IPUIPlugin
2023-06-04 13:38:45,444 [INFO] PluginManager:220 - loadIPPluginJar : add dma3
2023-06-04 13:38:45,458 [INFO] IPUIPlugin:80 - create IPUIPlugin
2023-06-04 13:38:45,458 [INFO] PluginManager:220 - loadIPPluginJar : add gic
2023-06-04 13:38:45,464 [INFO] IPUIPlugin:80 - create IPUIPlugin
2023-06-04 13:38:45,464 [INFO] PluginManager:220 - loadIPPluginJar : add cryp
2023-06-04 13:38:45,469 [INFO] IPUIPlugin:80 - create IPUIPlugin
2023-06-04 13:38:45,469 [INFO] PluginManager:220 - loadIPPluginJar : add hash
2023-06-04 13:38:45,472 [INFO] IPUIPlugin:80 - create IPUIPlugin
2023-06-04 13:38:45,473 [INFO] PluginManager:220 - loadIPPluginJar : add genericplugin
2023-06-04 13:38:45,479 [INFO] IPUIPlugin:80 - create IPUIPlugin
2023-06-04 13:38:45,479 [INFO] PluginManager:220 - loadIPPluginJar : add i3c
2023-06-04 13:38:45,548 [INFO] IPUIPlugin:80 - create IPUIPlugin
2023-06-04 13:38:45,557 [INFO] PluginManager:220 - loadIPPluginJar : add plateformsettings
2023-06-04 13:38:45,597 [INFO] IPUIPlugin:80 - create IPUIPlugin
2023-06-04 13:38:45,597 [INFO] PluginManager:220 - loadIPPluginJar : add mdma
2023-06-04 13:38:45,769 [INFO] ThirdPartyUpdaterWithRetryManager:70 - Updater plugin not ready yet. [2/15]
2023-06-04 13:38:45,782 [INFO] CADModel:165 - CPN selected for project level
2023-06-04 13:38:45,782 [INFO] CADModel:114 - Register for checkConnection events
2023-06-04 13:38:45,783 [FATAL] Updater:308 - Updater called before beeing initialized
2023-06-04 13:38:45,784 [ERROR] CADModel:125 - Updater not yet initialized, retry later 
2023-06-04 13:38:46,419 [INFO] CADModel:165 - CPN selected for project level
2023-06-04 13:38:46,420 [INFO] CADModel:114 - Register for checkConnection events
2023-06-04 13:38:46,420 [FATAL] Updater:308 - Updater called before beeing initialized
2023-06-04 13:38:46,421 [ERROR] CADModel:125 - Updater not yet initialized, retry later 
2023-06-04 13:38:46,433 [FATAL] Updater:308 - Updater called before beeing initialized
2023-06-04 13:38:46,669 [FATAL] Updater:308 - Updater called before beeing initialized
2023-06-04 13:38:46,693 [INFO] DbMcusAds:53 - JSON generation date=Tue Mar 07 09:50:55 CET 2023 (1678179055335)
2023-06-04 13:38:46,694 [FATAL] Updater:308 - Updater called before beeing initialized
2023-06-04 13:38:46,834 [WARN] DetailPanel:346 - Failed to get advertising image, set to default
2023-06-04 13:38:47,108 [FATAL] Updater:308 - Updater called before beeing initialized
2023-06-04 13:38:47,111 [FATAL] Updater:308 - Updater called before beeing initialized
2023-06-04 13:38:47,111 [FATAL] Updater:308 - Updater called before beeing initialized
2023-06-04 13:38:47,111 [WARN] DetailPanel:346 - Failed to get advertising image, set to default
2023-06-04 13:38:47,112 [FATAL] Updater:308 - Updater called before beeing initialized
2023-06-04 13:38:47,273 [ERROR] Updater:1120 - MainUpdater not yet initialized. External WinMGr cannot be set.
2023-06-04 13:38:47,282 [INFO] Updater:1056 - Updater Version found : 6.8.1
2023-06-04 13:38:47,344 [INFO] ApplicationProperties:184 - Using Application install path: /opt/st/stm32cubeide_1.12.1/plugins/com.st.stm32cube.common.mx_6.8.1.202304191431
2023-06-04 13:38:48,360 [INFO] MainUpdater:2854 - connection check result : 10
2023-06-04 13:38:48,363 [INFO] MainUpdater:283 - Updater Check For Update Now.
2023-06-04 13:38:48,364 [INFO] MicroXplorer:498 - Change Database Version : DB.6.0.81
2023-06-04 13:38:48,742 [INFO] CheckServerUpdateThread:120 - End of CheckServer Thread
2023-06-04 13:38:49,037 [INFO] MainUpdater:2854 - connection check result : 10
2023-06-04 13:38:49,065 [INFO] MainUpdater:2854 - connection check result : 10
2023-06-04 13:38:49,564 [WARN] PackLoader:240 - Cannot read IP mode file for STMicroelectronics.X-CUBE-GNSS1.6.0.0
2023-06-04 13:38:49,706 [WARN] PackLoader:240 - Cannot read IP mode file for STMicroelectronics.X-CUBE-AZRTOS-F4.1.1.0
2023-06-04 13:38:49,754 [WARN] PackLoader:240 - Cannot read IP mode file for STMicroelectronics.X-CUBE-SMBUS.2.1.0
2023-06-04 13:38:49,819 [WARN] PackLoader:240 - Cannot read IP mode file for STMicroelectronics.X-CUBE-AZRTOS-F7.1.1.0
2023-06-04 13:38:49,930 [WARN] PackLoader:240 - Cannot read IP mode file for STMicroelectronics.X-CUBE-MEMS1.9.6.0
2023-06-04 13:38:50,533 [ERROR] RealEvaluatedCondition:428 - Found unsupported composite condition: GROUP='STM32_MetaDataManager' CLASS='Data Exchange'
2023-06-04 13:38:50,533 [ERROR] RealEvaluatedCondition:428 - Found unsupported composite condition: GROUP='STM32_MetaDataManager' CLASS='Data Exchange'
2023-06-04 13:38:50,536 [WARN] PackLoader:240 - Cannot read IP mode file for STMicroelectronics.FP-SNS-MOTENV1.4.3.1
2023-06-04 13:38:50,586 [WARN] PackLoader:240 - Cannot read IP mode file for STMicroelectronics.FP-SNS-FLIGHT1.5.0.1
2023-06-04 13:38:50,874 [WARN] PackLoader:240 - Cannot read IP mode file for STMicroelectronics.X-CUBE-BLE1.6.2.4
2023-06-04 13:38:51,213 [WARN] PackLoader:240 - Cannot read IP mode file for emotas.I-CUBE-CANOPEN.1.1.3
2023-06-04 13:38:51,278 [WARN] PackLoader:240 - Cannot read IP mode file for STMicroelectronics.X-CUBE-BLEMGR.2.0.0
2023-06-04 13:38:51,411 [WARN] ConditionMgr:438 - getConditionDescription Invalid condition id : UX DEVICE CLASS RTOS Condition cause : null
2023-06-04 13:38:51,412 [WARN] ConditionMgr:438 - getConditionDescription Invalid condition id : UX DEVICE CLASS RTOS Condition cause : null
2023-06-04 13:38:51,426 [WARN] PackLoader:240 - Cannot read IP mode file for STMicroelectronics.X-CUBE-AZRTOS-H7.3.1.0
2023-06-04 13:38:51,431 [WARN] ConditionMgr:1039 - genDependencies : Invalid condition id : UX DEVICE CLASS RTOS Condition cause : null
2023-06-04 13:38:51,431 [WARN] ConditionMgr:1039 - genDependencies : Invalid condition id : UX DEVICE CLASS RTOS Condition cause : null
2023-06-04 13:38:51,434 [WARN] ConditionMgr:1039 - genDependencies : Invalid condition id : UX DEVICE CLASS RTOS Condition cause : null
2023-06-04 13:38:51,435 [WARN] ConditionMgr:1039 - genDependencies : Invalid condition id : UX DEVICE CLASS RTOS Condition cause : null
2023-06-04 13:38:51,436 [WARN] ConditionMgr:1039 - genDependencies : Invalid condition id : UX DEVICE CLASS RTOS Condition cause : null
2023-06-04 13:38:51,473 [WARN] PackLoader:240 - Cannot read IP mode file for STMicroelectronics.X-CUBE-DISPLAY.3.0.0
2023-06-04 13:38:51,493 [WARN] PackLoader:240 - Cannot read IP mode file for wolfSSL.I-CUBE-wolfSSL.5.5.4
2023-06-04 13:38:51,517 [WARN] PackLoader:240 - Cannot read IP mode file for STMicroelectronics.X-CUBE-NFC7.1.0.0
2023-06-04 13:38:51,545 [WARN] PackLoader:240 - Cannot read IP mode file for STMicroelectronics.X-CUBE-EEPRMA1.4.1.0
2023-06-04 13:38:51,591 [INFO] LogOutputStream:77 - [STDOUT_REDIRECT] 1 : Invalid condition id : UX_CORESTACK_Condition cause : null
2023-06-04 13:38:51,592 [INFO] LogOutputStream:77 - [STDOUT_REDIRECT] 1 : Invalid condition id : UX_CORESTACK_Condition cause : null
2023-06-04 13:38:51,593 [INFO] LogOutputStream:77 - [STDOUT_REDIRECT] 1 : Invalid condition id : UX_CORESTACK_Condition cause : null
2023-06-04 13:38:51,593 [INFO] LogOutputStream:77 - [STDOUT_REDIRECT] 1 : Invalid condition id : UX_CORESTACK_Condition cause : null
2023-06-04 13:38:51,593 [INFO] LogOutputStream:77 - [STDOUT_REDIRECT] 1 : Invalid condition id : UX_CORESTACK_Condition cause : null
2023-06-04 13:38:51,598 [WARN] PackLoader:240 - Cannot read IP mode file for STMicroelectronics.X-CUBE-AZRTOS-WL.2.0.0
2023-06-04 13:38:51,697 [WARN] ConditionMgr:438 - getConditionDescription Invalid condition id : LAN8742 Phy interface Condition cause : null
2023-06-04 13:38:51,699 [WARN] PackLoader:240 - Cannot read IP mode file for STMicroelectronics.X-CUBE-AZRTOS-L4.2.0.0
2023-06-04 13:38:51,702 [WARN] ConditionMgr:1039 - genDependencies : Invalid condition id : LAN8742 Phy interface Condition cause : null
2023-06-04 13:38:51,703 [WARN] ConditionMgr:1039 - genDependencies : Invalid condition id : LAN8742 Phy interface Condition cause : null
2023-06-04 13:38:51,704 [WARN] ConditionMgr:1039 - genDependencies : Invalid condition id : LAN8742 Phy interface Condition cause : null
2023-06-04 13:38:51,742 [WARN] PackLoader:240 - Cannot read IP mode file for WES.I-CUBE-Cesium.1.3.0
2023-06-04 13:38:51,782 [WARN] PackLoader:240 - Cannot read IP mode file for STMicroelectronics.X-CUBE-SFXS2LP1.4.0.0
2023-06-04 13:38:51,821 [WARN] PackLoader:240 - Cannot read IP mode file for STMicroelectronics.X-CUBE-BLE2.3.3.0
2023-06-04 13:38:51,854 [WARN] PackLoader:240 - Cannot read IP mode file for STMicroelectronics.X-CUBE-TOF1.3.2.0
2023-06-04 13:38:51,893 [WARN] PackLoader:240 - Cannot read IP mode file for STMicroelectronics.X-CUBE-AZRTOS-H7.3.0.0
2023-06-04 13:38:51,902 [WARN] PackLoader:240 - Cannot read IP mode file for STMicroelectronics.X-CUBE-ISPU.1.1.0
2023-06-04 13:38:51,911 [WARN] PackLoader:240 - Cannot read IP mode file for RoweBots.I-CUBE-UNISONRTOS.5.5.0-4
2023-06-04 13:38:51,921 [WARN] PackLoader:240 - Cannot read IP mode file for STMicroelectronics.X-CUBE-AI.8.0.0
2023-06-04 13:38:51,926 [WARN] PackLoader:240 - Cannot read IP mode file for STMicroelectronics.X-CUBE-FREERTOS.1.0.1
2023-06-04 13:38:51,941 [WARN] PackLoader:240 - Cannot read IP mode file for STMicroelectronics.X-CUBE-TOUCHGFX.4.21.1
2023-06-04 13:38:51,945 [WARN] PackLoader:240 - Cannot read IP mode file for STMicroelectronics.X-CUBE-TOUCHGFX.4.21.4
2023-06-04 13:38:51,955 [WARN] PackLoader:240 - Cannot read IP mode file for STMicroelectronics.X-CUBE-ALGOBUILD.1.3.0
2023-06-04 13:38:51,983 [WARN] PackLoader:240 - Cannot read IP mode file for STMicroelectronics.X-CUBE-AZRTOS-L5.1.1.0
2023-06-04 13:38:52,020 [WARN] PackLoader:240 - Cannot read IP mode file for STMicroelectronics.X-CUBE-AZRTOS-G0.1.1.0
2023-06-04 13:38:52,050 [WARN] PackLoader:240 - Cannot read IP mode file for STMicroelectronics.X-CUBE-AI.8.0.1
2023-06-04 13:38:52,086 [WARN] PackLoader:240 - Cannot read IP mode file for STMicroelectronics.X-CUBE-SUBG2.5.0.0
2023-06-04 13:38:52,117 [WARN] PackLoader:240 - Cannot read IP mode file for STMicroelectronics.X-CUBE-NFC4.3.0.0
2023-06-04 13:38:52,146 [WARN] PackLoader:240 - Cannot read IP mode file for STMicroelectronics.X-CUBE-AZRTOS-G4.2.0.0
2023-06-04 13:38:52,171 [WARN] PackLoader:240 - Cannot read IP mode file for STMicroelectronics.X-CUBE-TOF1.3.3.0
2023-06-04 13:38:52,197 [WARN] PackLoader:240 - Cannot read IP mode file for STMicroelectronics.FP-ATR-ASTRA1.1.1.1
2023-06-04 13:38:52,206 [WARN] PackLoader:240 - Cannot read IP mode file for STMicroelectronics.X-CUBE-BLEMGR.1.3.0
2023-06-04 13:38:52,257 [WARN] PackLoader:240 - Cannot read IP mode file for STMicroelectronics.X-CUBE-AZRTOS-G4.1.0.0
2023-06-04 13:38:52,263 [WARN] PackLoader:240 - Cannot read IP mode file for STMicroelectronics.FP-ATR-SIGFOX1.3.2.0
2023-06-04 13:38:52,316 [WARN] PackLoader:240 - Cannot read IP mode file for STMicroelectronics.X-CUBE-AZRTOS-L4.1.0.0
2023-06-04 13:38:52,346 [WARN] PackLoader:240 - Cannot read IP mode file for STMicroelectronics.X-CUBE-AZRTOS-WL.1.0.0
2023-06-04 13:38:52,362 [WARN] PackLoader:240 - Cannot read IP mode file for portGmbH.I-Cube-SoM-uGOAL.1.1.0
2023-06-04 13:38:52,369 [WARN] PackLoader:240 - Cannot read IP mode file for STMicroelectronics.X-CUBE-ALS.1.0.1
2023-06-04 13:38:52,429 [WARN] PackLoader:240 - Cannot read IP mode file for STMicroelectronics.X-CUBE-MEMS1.9.5.0
2023-06-04 13:38:52,633 [WARN] PackLoader:240 - Cannot read IP mode file for STMicroelectronics.X-CUBE-AZRTOS-WB.1.1.0
2023-06-04 13:38:52,677 [WARN] PackLoader:240 - Cannot read IP mode file for SEGGER.I-CUBE-embOS.1.3.1
2023-06-04 13:38:52,752 [WARN] PackLoader:240 - Cannot read IP mode file for STMicroelectronics.FP-ATR-ASTRA1.2.0.0
2023-06-04 13:38:52,753 [INFO] ThirdParty:978 - Integrity check success = true
2023-06-04 13:38:52,753 [INFO] IntegrityCheckThread:100 - exiting critical section [integrity check]
2023-06-04 13:38:52,754 [INFO] IntegrityCheckThread:103 - End integrity checks thread
2023-06-04 13:40:04,846 [INFO] Activator:176 - 


2023-06-04 13:40:04,849 [INFO] Activator:177 - !SESSION log4j initialized
2023-06-04 13:40:07,261 [INFO] ApplicationProperties:184 - Using Application install path: /opt/st/stm32cubeide_1.12.1/plugins/com.st.stm32cube.common.mx_6.8.1.202304191431
2023-06-04 13:40:07,284 [INFO] DbMcusXml:78 - Set database path to: /opt/st/stm32cubeide_1.12.1/plugins/com.st.stm32cube.common.mx_6.8.1.202304191431//db//mcu/
2023-06-04 13:40:07,285 [INFO] ApiDb:274 - Set plugin database path to: /opt/st/stm32cubeide_1.12.1/plugins/com.st.stm32cube.common.mx_6.8.1.202304191431//db//plugins/boardmanager/
2023-06-04 13:40:07,292 [WARN] ApiDb:259 - Overriding images path with different value:  => /opt/st/stm32cubeide_1.12.1/plugins/com.st.stm32cube.common.mx_6.8.1.202304191431//db//plugins/mcufinder/images/
2023-06-04 13:40:07,313 [INFO] ApiDb:250 - Set database path to: /home/mowibox/.stmcufinder/plugins/mcufinder//mcu/
2023-06-04 13:40:07,315 [INFO] DbMcusAds:125 - Set database path to: /home/mowibox/.stmcufinder/plugins/mcufinder//mcu/
2023-06-04 13:40:07,342 [INFO] CrossReferenceDbSqlite:203 - Set database path to: /home/mowibox/.stmcufinder/plugins/mcufinder//mcu/cs/
2023-06-04 13:40:07,495 [INFO] RulesReader:64 - Compatibility file has been processed (293 Rules)
2023-06-04 13:40:07,603 [INFO] DbMcusXml:78 - Set database path to: /opt/st/stm32cubeide_1.12.1/plugins/com.st.stm32cube.common.mx_6.8.1.202304191431//db//mcu/
2023-06-04 13:40:07,603 [INFO] ApiDb:274 - Set plugin database path to: /opt/st/stm32cubeide_1.12.1/plugins/com.st.stm32cube.common.mx_6.8.1.202304191431//db//plugins/boardmanager/
2023-06-04 13:40:07,604 [INFO] ApiDb:261 - Set plugin images path to: /opt/st/stm32cubeide_1.12.1/plugins/com.st.stm32cube.common.mx_6.8.1.202304191431//db//plugins/mcufinder/images/
2023-06-04 13:40:07,604 [WARN] DbFile:41 - Overriding database path with different value: /home/mowibox/.stmcufinder/plugins/mcufinder/ => /home/mowibox/.stmcufinder/plugins/mcufinder
2023-06-04 13:40:07,605 [INFO] ApiDb:250 - Set database path to: /home/mowibox/.stmcufinder/plugins/mcufinder//mcu/
2023-06-04 13:40:07,605 [WARN] DbFile:41 - Overriding database path with different value: /home/mowibox/.stmcufinder/plugins/mcufinder/ => /home/mowibox/.stmcufinder/plugins/mcufinder
2023-06-04 13:40:07,605 [INFO] DbMcusAds:125 - Set database path to: /home/mowibox/.stmcufinder/plugins/mcufinder//mcu/
2023-06-04 13:40:07,605 [WARN] DbFile:41 - Overriding database path with different value: /home/mowibox/.stmcufinder/plugins/mcufinder/ => /home/mowibox/.stmcufinder/plugins/mcufinder
2023-06-04 13:40:07,605 [WARN] DbFile:41 - Overriding database path with different value: /home/mowibox/.stmcufinder/plugins/mcufinder/ => /home/mowibox/.stmcufinder/plugins/mcufinder
2023-06-04 13:40:07,606 [INFO] CrossReferenceDbSqlite:203 - Set database path to: /home/mowibox/.stmcufinder/plugins/mcufinder//mcu/cs/
2023-06-04 13:40:07,709 [INFO] MainPanel:253 - HeapMemory: 268435456
2023-06-04 13:40:07,829 [INFO] DbMcusXml:78 - Set database path to: /opt/st/stm32cubeide_1.12.1/plugins/com.st.stm32cube.common.mx_6.8.1.202304191431//db//mcu/
2023-06-04 13:40:07,829 [INFO] ApiDb:274 - Set plugin database path to: /opt/st/stm32cubeide_1.12.1/plugins/com.st.stm32cube.common.mx_6.8.1.202304191431//db//plugins/boardmanager/
2023-06-04 13:40:07,829 [INFO] ApiDb:261 - Set plugin images path to: /opt/st/stm32cubeide_1.12.1/plugins/com.st.stm32cube.common.mx_6.8.1.202304191431//db//plugins/mcufinder/images/
2023-06-04 13:40:07,830 [WARN] DbFile:41 - Overriding database path with different value: /home/mowibox/.stmcufinder/plugins/mcufinder/ => /home/mowibox/.stmcufinder/plugins/mcufinder
2023-06-04 13:40:07,830 [INFO] ApiDb:250 - Set database path to: /home/mowibox/.stmcufinder/plugins/mcufinder//mcu/
2023-06-04 13:40:07,830 [WARN] DbFile:41 - Overriding database path with different value: /home/mowibox/.stmcufinder/plugins/mcufinder/ => /home/mowibox/.stmcufinder/plugins/mcufinder
2023-06-04 13:40:07,830 [INFO] DbMcusAds:125 - Set database path to: /home/mowibox/.stmcufinder/plugins/mcufinder//mcu/
2023-06-04 13:40:07,830 [WARN] DbFile:41 - Overriding database path with different value: /home/mowibox/.stmcufinder/plugins/mcufinder/ => /home/mowibox/.stmcufinder/plugins/mcufinder
2023-06-04 13:40:07,830 [WARN] DbFile:41 - Overriding database path with different value: /home/mowibox/.stmcufinder/plugins/mcufinder/ => /home/mowibox/.stmcufinder/plugins/mcufinder
2023-06-04 13:40:07,831 [INFO] CrossReferenceDbSqlite:203 - Set database path to: /home/mowibox/.stmcufinder/plugins/mcufinder//mcu/cs/
2023-06-04 13:40:07,859 [INFO] ApplicationProperties:184 - Using Application install path: /opt/st/stm32cubeide_1.12.1/plugins/com.st.stm32cube.common.mx_6.8.1.202304191431
2023-06-04 13:40:07,861 [INFO] PluginManage:196 - Search for loadable plugins [exclusion list=, ]
2023-06-04 13:40:07,863 [INFO] PluginManage:310 - Check plugin analytics
2023-06-04 13:40:08,245 [INFO] AnalyticsPlugin:253 - Accepted Software Licenses: 
2023-06-04 13:40:08,246 [INFO] AnalyticsPlugin:255 - Accepted CMSIS Pack Licenses: 
2023-06-04 13:40:08,246 [INFO] AnalyticsPlugin:257 - Accepted Firmware Licenses: FW.H7.1.11.0,FW.F4.1.27.0
2023-06-04 13:40:08,257 [INFO] PluginManage:359 - Loaded plugin analytics (category:tool,tabindex:-1)
2023-06-04 13:40:08,257 [INFO] PluginManage:310 - Check plugin cadmodel
2023-06-04 13:40:08,384 [INFO] CADModel:105 - Init CAD model plugin
2023-06-04 13:40:08,384 [INFO] PluginManage:359 - Loaded plugin cadmodel (category:power,tabindex:5)
2023-06-04 13:40:08,385 [INFO] PluginManage:310 - Check plugin clock
2023-06-04 13:40:08,406 [INFO] PluginManage:359 - Loaded plugin clock (category:base,tabindex:2)
2023-06-04 13:40:08,406 [INFO] PluginManage:310 - Check plugin ddr
2023-06-04 13:40:08,410 [INFO] PluginManage:359 - Loaded plugin ddr (category:tool,tabindex:6)
2023-06-04 13:40:08,410 [INFO] PluginManage:310 - Check plugin filemanager
2023-06-04 13:40:08,745 [INFO] PluginManage:359 - Loaded plugin filemanager (category:base,tabindex:10)
2023-06-04 13:40:08,745 [INFO] PluginManage:310 - Check plugin ipmanager
2023-06-04 13:40:08,757 [INFO] PluginManage:359 - Loaded plugin ipmanager (category:base,tabindex:5)
2023-06-04 13:40:08,757 [INFO] PluginManage:310 - Check plugin lpbam
2023-06-04 13:40:08,774 [INFO] PluginManage:359 - Loaded plugin lpbam (category:base,tabindex:0)
2023-06-04 13:40:08,774 [INFO] PluginManage:310 - Check plugin pinoutandconfiguration
2023-06-04 13:40:08,788 [INFO] PluginManage:359 - Loaded plugin pinoutandconfiguration (category:base,tabindex:1)
2023-06-04 13:40:08,789 [INFO] PluginManage:310 - Check plugin pinoutconfig
2023-06-04 13:40:08,885 [WARN] SupportedApi:132 - Cannot load RTOS API schema: s4s-elt-must-match.1: The content of 'definitions' must match (annotation?, (simpleType | complexType)?, (unique | key | keyref)*)). A problem was found starting at: attribute.
2023-06-04 13:40:09,069 [INFO] PluginManage:359 - Loaded plugin pinoutconfig (category:base,tabindex:0)
2023-06-04 13:40:09,069 [INFO] PluginManage:310 - Check plugin power
2023-06-04 13:40:09,083 [INFO] PluginManage:359 - Loaded plugin power (category:power,tabindex:4)
2023-06-04 13:40:09,083 [INFO] PluginManage:310 - Check plugin projectmanager
2023-06-04 13:40:09,112 [INFO] PluginManage:359 - Loaded plugin projectmanager (category:projectmanager,tabindex:3)
2023-06-04 13:40:09,112 [INFO] PluginManage:310 - Check plugin thirdparty
2023-06-04 13:40:09,286 [INFO] PluginManage:359 - Loaded plugin thirdparty (category:base,tabindex:-1)
2023-06-04 13:40:09,285 [WARN] IntegrityCheckThread:84 - waiting for thirdparty lock release [integrity check]
2023-06-04 13:40:09,286 [INFO] PluginManage:310 - Check plugin tools
2023-06-04 13:40:09,286 [INFO] IntegrityCheckThread:86 - entering critical section [integrity check]
2023-06-04 13:40:09,290 [INFO] PluginManage:359 - Loaded plugin tools (category:base,tabindex:7)
2023-06-04 13:40:09,290 [INFO] PluginManage:310 - Check plugin tutovideos
2023-06-04 13:40:09,290 [INFO] ThirdPartyUpdaterWithRetryManager:70 - Updater plugin not ready yet. [1/15]
2023-06-04 13:40:09,534 [INFO] PluginManage:359 - Loaded plugin tutovideos (category:base,tabindex:-1)
2023-06-04 13:40:09,534 [INFO] PluginManage:310 - Check plugin updater
2023-06-04 13:40:09,553 [INFO] PluginManage:359 - Loaded plugin updater (category:base,tabindex:12)
2023-06-04 13:40:09,554 [INFO] PluginManage:283 - PluginManage : Loaded plugins [15]
2023-06-04 13:40:09,842 [INFO] PinOutPanel:1499 - setPackage(No Configuration,No Configuration)
2023-06-04 13:40:09,912 [INFO] CADModel:165 - CPN selected for project level
2023-06-04 13:40:09,913 [INFO] CADModel:114 - Register for checkConnection events
2023-06-04 13:40:09,925 [INFO] IPUIPlugin:80 - create IPUIPlugin
2023-06-04 13:40:09,925 [INFO] PluginManager:220 - loadIPPluginJar : add quadspi
2023-06-04 13:40:09,927 [INFO] IPUIPlugin:80 - create IPUIPlugin
2023-06-04 13:40:09,928 [INFO] PluginManager:220 - loadIPPluginJar : add ucpd
2023-06-04 13:40:09,937 [INFO] IPUIPlugin:80 - create IPUIPlugin
2023-06-04 13:40:09,937 [INFO] PluginManager:220 - loadIPPluginJar : add opamp
2023-06-04 13:40:09,940 [INFO] IPUIPlugin:80 - create IPUIPlugin
2023-06-04 13:40:09,940 [INFO] PluginManager:220 - loadIPPluginJar : add lorawan
2023-06-04 13:40:09,943 [INFO] IPUIPlugin:80 - create IPUIPlugin
2023-06-04 13:40:09,944 [INFO] PluginManager:220 - loadIPPluginJar : add usart
2023-06-04 13:40:09,951 [INFO] IPUIPlugin:80 - create IPUIPlugin
2023-06-04 13:40:09,951 [INFO] PluginManager:220 - loadIPPluginJar : add stm32_wpan
2023-06-04 13:40:09,955 [INFO] IPUIPlugin:80 - create IPUIPlugin
2023-06-04 13:40:09,955 [INFO] PluginManager:220 - loadIPPluginJar : add sai
2023-06-04 13:40:09,964 [INFO] IPUIPlugin:80 - create IPUIPlugin
2023-06-04 13:40:09,964 [INFO] PluginManager:220 - loadIPPluginJar : add linkedlist
2023-06-04 13:40:09,966 [INFO] IPUIPlugin:80 - create IPUIPlugin
2023-06-04 13:40:09,966 [INFO] PluginManager:220 - loadIPPluginJar : add ts
2023-06-04 13:40:09,968 [INFO] IPUIPlugin:80 - create IPUIPlugin
2023-06-04 13:40:09,969 [INFO] PluginManager:220 - loadIPPluginJar : add aes
2023-06-04 13:40:09,971 [INFO] IPUIPlugin:80 - create IPUIPlugin
2023-06-04 13:40:09,971 [INFO] PluginManager:220 - loadIPPluginJar : add i2c
2023-06-04 13:40:09,973 [INFO] IPUIPlugin:80 - create IPUIPlugin
2023-06-04 13:40:09,974 [INFO] PluginManager:220 - loadIPPluginJar : add tim
2023-06-04 13:40:09,976 [INFO] IPUIPlugin:80 - create IPUIPlugin
2023-06-04 13:40:09,976 [INFO] PluginManager:220 - loadIPPluginJar : add gfxmmu
2023-06-04 13:40:09,979 [INFO] IPUIPlugin:80 - create IPUIPlugin
2023-06-04 13:40:09,979 [INFO] PluginManager:220 - loadIPPluginJar : add pdm2pcm
2023-06-04 13:40:09,984 [INFO] IPUIPlugin:80 - create IPUIPlugin
2023-06-04 13:40:09,985 [INFO] PluginManager:220 - loadIPPluginJar : add gpio
2023-06-04 13:40:09,990 [INFO] IPUIPlugin:80 - create IPUIPlugin
2023-06-04 13:40:09,991 [INFO] PluginManager:220 - loadIPPluginJar : add fmc
2023-06-04 13:40:09,998 [INFO] IPUIPlugin:80 - create IPUIPlugin
2023-06-04 13:40:09,998 [INFO] PluginManager:220 - loadIPPluginJar : add adc
2023-06-04 13:40:10,002 [INFO] IPUIPlugin:80 - create IPUIPlugin
2023-06-04 13:40:10,002 [INFO] PluginManager:220 - loadIPPluginJar : add touchsensing
2023-06-04 13:40:10,005 [INFO] IPUIPlugin:80 - create IPUIPlugin
2023-06-04 13:40:10,005 [INFO] PluginManager:220 - loadIPPluginJar : add i2s
2023-06-04 13:40:10,008 [INFO] IPUIPlugin:80 - create IPUIPlugin
2023-06-04 13:40:10,008 [INFO] PluginManager:220 - loadIPPluginJar : add spi
2023-06-04 13:40:10,015 [INFO] IPUIPlugin:80 - create IPUIPlugin
2023-06-04 13:40:10,015 [INFO] PluginManager:220 - loadIPPluginJar : add freertos
2023-06-04 13:40:10,018 [INFO] IPUIPlugin:80 - create IPUIPlugin
2023-06-04 13:40:10,019 [INFO] PluginManager:220 - loadIPPluginJar : add can
2023-06-04 13:40:10,022 [INFO] IPUIPlugin:80 - create IPUIPlugin
2023-06-04 13:40:10,023 [INFO] PluginManager:220 - loadIPPluginJar : add ipddr
2023-06-04 13:40:10,026 [INFO] IPUIPlugin:80 - create IPUIPlugin
2023-06-04 13:40:10,026 [INFO] PluginManager:220 - loadIPPluginJar : add gtzc
2023-06-04 13:40:10,028 [INFO] IPUIPlugin:80 - create IPUIPlugin
2023-06-04 13:40:10,028 [INFO] PluginManager:220 - loadIPPluginJar : add comp
2023-06-04 13:40:10,030 [INFO] IPUIPlugin:80 - create IPUIPlugin
2023-06-04 13:40:10,031 [INFO] PluginManager:220 - loadIPPluginJar : add dfsdm
2023-06-04 13:40:10,032 [INFO] IPUIPlugin:80 - create IPUIPlugin
2023-06-04 13:40:10,033 [INFO] PluginManager:220 - loadIPPluginJar : add fatfs
2023-06-04 13:40:10,034 [INFO] IPUIPlugin:80 - create IPUIPlugin
2023-06-04 13:40:10,034 [INFO] PluginManager:220 - loadIPPluginJar : add tsc
2023-06-04 13:40:10,039 [INFO] IPUIPlugin:80 - create IPUIPlugin
2023-06-04 13:40:10,039 [INFO] PluginManager:220 - loadIPPluginJar : add nvic
2023-06-04 13:40:10,042 [INFO] IPUIPlugin:80 - create IPUIPlugin
2023-06-04 13:40:10,042 [INFO] PluginManager:220 - loadIPPluginJar : add openamp
2023-06-04 13:40:10,046 [INFO] IPUIPlugin:80 - create IPUIPlugin
2023-06-04 13:40:10,046 [INFO] PluginManager:220 - loadIPPluginJar : add usbx
2023-06-04 13:40:10,055 [INFO] IPUIPlugin:80 - create IPUIPlugin
2023-06-04 13:40:10,055 [INFO] PluginManager:220 - loadIPPluginJar : add dma
2023-06-04 13:40:10,058 [INFO] IPUIPlugin:80 - create IPUIPlugin
2023-06-04 13:40:10,058 [INFO] PluginManager:220 - loadIPPluginJar : add tracer_emb
2023-06-04 13:40:10,059 [INFO] IPUIPlugin:80 - create IPUIPlugin
2023-06-04 13:40:10,059 [INFO] PluginManager:220 - loadIPPluginJar : add ltdc
2023-06-04 13:40:10,063 [INFO] IPUIPlugin:80 - create IPUIPlugin
2023-06-04 13:40:10,063 [INFO] PluginManager:220 - loadIPPluginJar : add resmgrutility
2023-06-04 13:40:10,066 [INFO] IPUIPlugin:80 - create IPUIPlugin
2023-06-04 13:40:10,066 [INFO] PluginManager:220 - loadIPPluginJar : add dma3
2023-06-04 13:40:10,072 [INFO] IPUIPlugin:80 - create IPUIPlugin
2023-06-04 13:40:10,072 [INFO] PluginManager:220 - loadIPPluginJar : add gic
2023-06-04 13:40:10,075 [INFO] IPUIPlugin:80 - create IPUIPlugin
2023-06-04 13:40:10,076 [INFO] PluginManager:220 - loadIPPluginJar : add cryp
2023-06-04 13:40:10,078 [INFO] IPUIPlugin:80 - create IPUIPlugin
2023-06-04 13:40:10,078 [INFO] PluginManager:220 - loadIPPluginJar : add hash
2023-06-04 13:40:10,080 [INFO] IPUIPlugin:80 - create IPUIPlugin
2023-06-04 13:40:10,080 [INFO] PluginManager:220 - loadIPPluginJar : add genericplugin
2023-06-04 13:40:10,083 [INFO] IPUIPlugin:80 - create IPUIPlugin
2023-06-04 13:40:10,083 [INFO] PluginManager:220 - loadIPPluginJar : add i3c
2023-06-04 13:40:10,091 [INFO] IPUIPlugin:80 - create IPUIPlugin
2023-06-04 13:40:10,095 [INFO] PluginManager:220 - loadIPPluginJar : add plateformsettings
2023-06-04 13:40:10,103 [INFO] IPUIPlugin:80 - create IPUIPlugin
2023-06-04 13:40:10,103 [INFO] PluginManager:220 - loadIPPluginJar : add mdma
2023-06-04 13:40:10,232 [INFO] CADModel:165 - CPN selected for project level
2023-06-04 13:40:10,232 [INFO] CADModel:114 - Register for checkConnection events
2023-06-04 13:40:10,233 [FATAL] Updater:308 - Updater called before beeing initialized
2023-06-04 13:40:10,233 [ERROR] CADModel:125 - Updater not yet initialized, retry later 
2023-06-04 13:40:10,562 [INFO] CADModel:165 - CPN selected for project level
2023-06-04 13:40:10,562 [INFO] CADModel:114 - Register for checkConnection events
2023-06-04 13:40:10,563 [FATAL] Updater:308 - Updater called before beeing initialized
2023-06-04 13:40:10,563 [ERROR] CADModel:125 - Updater not yet initialized, retry later 
2023-06-04 13:40:10,568 [FATAL] Updater:308 - Updater called before beeing initialized
2023-06-04 13:40:10,719 [FATAL] Updater:308 - Updater called before beeing initialized
2023-06-04 13:40:10,730 [INFO] DbMcusAds:53 - JSON generation date=Tue Mar 07 09:50:55 CET 2023 (1678179055335)
2023-06-04 13:40:10,730 [FATAL] Updater:308 - Updater called before beeing initialized
2023-06-04 13:40:10,796 [WARN] DetailPanel:346 - Failed to get advertising image, set to default
2023-06-04 13:40:11,017 [FATAL] Updater:308 - Updater called before beeing initialized
2023-06-04 13:40:11,019 [FATAL] Updater:308 - Updater called before beeing initialized
2023-06-04 13:40:11,019 [FATAL] Updater:308 - Updater called before beeing initialized
2023-06-04 13:40:11,019 [WARN] DetailPanel:346 - Failed to get advertising image, set to default
2023-06-04 13:40:11,020 [FATAL] Updater:308 - Updater called before beeing initialized
2023-06-04 13:40:11,069 [ERROR] Updater:1120 - MainUpdater not yet initialized. External WinMGr cannot be set.
2023-06-04 13:40:11,071 [INFO] Updater:1056 - Updater Version found : 6.8.1
2023-06-04 13:40:11,096 [INFO] ApplicationProperties:184 - Using Application install path: /opt/st/stm32cubeide_1.12.1/plugins/com.st.stm32cube.common.mx_6.8.1.202304191431
2023-06-04 13:40:11,304 [INFO] MainUpdater:2854 - connection check result : 10
2023-06-04 13:40:11,305 [INFO] MainUpdater:283 - Updater Check For Update Now.
2023-06-04 13:40:11,306 [INFO] MicroXplorer:498 - Change Database Version : DB.6.0.81
2023-06-04 13:40:11,503 [INFO] CheckServerUpdateThread:120 - End of CheckServer Thread
2023-06-04 13:40:11,534 [INFO] MainUpdater:2854 - connection check result : 10
2023-06-04 13:40:11,535 [INFO] MainUpdater:2854 - connection check result : 10
2023-06-04 13:40:12,713 [WARN] PackLoader:240 - Cannot read IP mode file for STMicroelectronics.X-CUBE-GNSS1.6.0.0
2023-06-04 13:40:12,765 [WARN] PackLoader:240 - Cannot read IP mode file for STMicroelectronics.X-CUBE-AZRTOS-F4.1.1.0
2023-06-04 13:40:12,781 [WARN] PackLoader:240 - Cannot read IP mode file for STMicroelectronics.X-CUBE-SMBUS.2.1.0
2023-06-04 13:40:12,817 [WARN] PackLoader:240 - Cannot read IP mode file for STMicroelectronics.X-CUBE-AZRTOS-F7.1.1.0
2023-06-04 13:40:12,913 [WARN] PackLoader:240 - Cannot read IP mode file for STMicroelectronics.X-CUBE-MEMS1.9.6.0
2023-06-04 13:40:13,186 [ERROR] RealEvaluatedCondition:428 - Found unsupported composite condition: GROUP='STM32_MetaDataManager' CLASS='Data Exchange'
2023-06-04 13:40:13,186 [ERROR] RealEvaluatedCondition:428 - Found unsupported composite condition: CLASS='Data Exchange' GROUP='STM32_MetaDataManager'
2023-06-04 13:40:13,188 [WARN] PackLoader:240 - Cannot read IP mode file for STMicroelectronics.FP-SNS-MOTENV1.4.3.1
2023-06-04 13:40:13,194 [WARN] PackLoader:240 - Cannot read IP mode file for STMicroelectronics.FP-SNS-FLIGHT1.5.0.1
2023-06-04 13:40:13,199 [WARN] PackLoader:240 - Cannot read IP mode file for STMicroelectronics.X-CUBE-BLE1.6.2.4
2023-06-04 13:40:13,207 [WARN] PackLoader:240 - Cannot read IP mode file for emotas.I-CUBE-CANOPEN.1.1.3
2023-06-04 13:40:13,216 [WARN] PackLoader:240 - Cannot read IP mode file for STMicroelectronics.X-CUBE-BLEMGR.2.0.0
2023-06-04 13:40:13,282 [WARN] ConditionMgr:438 - getConditionDescription Invalid condition id : UX DEVICE CLASS RTOS Condition cause : null
2023-06-04 13:40:13,283 [WARN] ConditionMgr:438 - getConditionDescription Invalid condition id : UX DEVICE CLASS RTOS Condition cause : null
2023-06-04 13:40:13,292 [WARN] PackLoader:240 - Cannot read IP mode file for STMicroelectronics.X-CUBE-AZRTOS-H7.3.1.0
2023-06-04 13:40:13,294 [WARN] ConditionMgr:1039 - genDependencies : Invalid condition id : UX DEVICE CLASS RTOS Condition cause : null
2023-06-04 13:40:13,295 [WARN] ConditionMgr:1039 - genDependencies : Invalid condition id : UX DEVICE CLASS RTOS Condition cause : null
2023-06-04 13:40:13,296 [WARN] ConditionMgr:1039 - genDependencies : Invalid condition id : UX DEVICE CLASS RTOS Condition cause : null
2023-06-04 13:40:13,297 [WARN] ConditionMgr:1039 - genDependencies : Invalid condition id : UX DEVICE CLASS RTOS Condition cause : null
2023-06-04 13:40:13,297 [WARN] ConditionMgr:1039 - genDependencies : Invalid condition id : UX DEVICE CLASS RTOS Condition cause : null
2023-06-04 13:40:13,310 [WARN] PackLoader:240 - Cannot read IP mode file for STMicroelectronics.X-CUBE-DISPLAY.3.0.0
2023-06-04 13:40:13,322 [WARN] PackLoader:240 - Cannot read IP mode file for wolfSSL.I-CUBE-wolfSSL.5.5.4
2023-06-04 13:40:13,329 [WARN] PackLoader:240 - Cannot read IP mode file for STMicroelectronics.X-CUBE-NFC7.1.0.0
2023-06-04 13:40:13,337 [WARN] PackLoader:240 - Cannot read IP mode file for STMicroelectronics.X-CUBE-EEPRMA1.4.1.0
2023-06-04 13:40:13,354 [INFO] LogOutputStream:77 - [STDOUT_REDIRECT] 1 : Invalid condition id : UX_CORESTACK_Condition cause : null
2023-06-04 13:40:13,356 [INFO] LogOutputStream:77 - [STDOUT_REDIRECT] 1 : Invalid condition id : UX_CORESTACK_Condition cause : null
2023-06-04 13:40:13,356 [INFO] LogOutputStream:77 - [STDOUT_REDIRECT] 1 : Invalid condition id : UX_CORESTACK_Condition cause : null
2023-06-04 13:40:13,357 [INFO] LogOutputStream:77 - [STDOUT_REDIRECT] 1 : Invalid condition id : UX_CORESTACK_Condition cause : null
2023-06-04 13:40:13,357 [INFO] LogOutputStream:77 - [STDOUT_REDIRECT] 1 : Invalid condition id : UX_CORESTACK_Condition cause : null
2023-06-04 13:40:13,365 [WARN] PackLoader:240 - Cannot read IP mode file for STMicroelectronics.X-CUBE-AZRTOS-WL.2.0.0
2023-06-04 13:40:13,397 [WARN] ConditionMgr:438 - getConditionDescription Invalid condition id : LAN8742 Phy interface Condition cause : null
2023-06-04 13:40:13,398 [WARN] PackLoader:240 - Cannot read IP mode file for STMicroelectronics.X-CUBE-AZRTOS-L4.2.0.0
2023-06-04 13:40:13,399 [WARN] ConditionMgr:1039 - genDependencies : Invalid condition id : LAN8742 Phy interface Condition cause : null
2023-06-04 13:40:13,400 [WARN] ConditionMgr:1039 - genDependencies : Invalid condition id : LAN8742 Phy interface Condition cause : null
2023-06-04 13:40:13,400 [WARN] ConditionMgr:1039 - genDependencies : Invalid condition id : LAN8742 Phy interface Condition cause : null
2023-06-04 13:40:13,409 [WARN] PackLoader:240 - Cannot read IP mode file for WES.I-CUBE-Cesium.1.3.0
2023-06-04 13:40:13,416 [WARN] PackLoader:240 - Cannot read IP mode file for STMicroelectronics.X-CUBE-SFXS2LP1.4.0.0
2023-06-04 13:40:13,421 [WARN] PackLoader:240 - Cannot read IP mode file for STMicroelectronics.X-CUBE-BLE2.3.3.0
2023-06-04 13:40:13,439 [WARN] PackLoader:240 - Cannot read IP mode file for STMicroelectronics.X-CUBE-TOF1.3.2.0
2023-06-04 13:40:13,485 [WARN] PackLoader:240 - Cannot read IP mode file for STMicroelectronics.X-CUBE-AZRTOS-H7.3.0.0
2023-06-04 13:40:13,492 [WARN] PackLoader:240 - Cannot read IP mode file for STMicroelectronics.X-CUBE-ISPU.1.1.0
2023-06-04 13:40:13,500 [WARN] PackLoader:240 - Cannot read IP mode file for RoweBots.I-CUBE-UNISONRTOS.5.5.0-4
2023-06-04 13:40:13,504 [WARN] PackLoader:240 - Cannot read IP mode file for STMicroelectronics.X-CUBE-AI.8.0.0
2023-06-04 13:40:13,509 [WARN] PackLoader:240 - Cannot read IP mode file for STMicroelectronics.X-CUBE-FREERTOS.1.0.1
2023-06-04 13:40:13,513 [WARN] PackLoader:240 - Cannot read IP mode file for STMicroelectronics.X-CUBE-TOUCHGFX.4.21.1
2023-06-04 13:40:13,515 [WARN] PackLoader:240 - Cannot read IP mode file for STMicroelectronics.X-CUBE-TOUCHGFX.4.21.4
2023-06-04 13:40:13,520 [WARN] PackLoader:240 - Cannot read IP mode file for STMicroelectronics.X-CUBE-ALGOBUILD.1.3.0
2023-06-04 13:40:13,539 [WARN] PackLoader:240 - Cannot read IP mode file for STMicroelectronics.X-CUBE-AZRTOS-L5.1.1.0
2023-06-04 13:40:13,575 [WARN] PackLoader:240 - Cannot read IP mode file for STMicroelectronics.X-CUBE-AZRTOS-G0.1.1.0
2023-06-04 13:40:13,583 [WARN] PackLoader:240 - Cannot read IP mode file for STMicroelectronics.X-CUBE-AI.8.0.1
2023-06-04 13:40:13,600 [WARN] PackLoader:240 - Cannot read IP mode file for STMicroelectronics.X-CUBE-SUBG2.5.0.0
2023-06-04 13:40:13,619 [WARN] PackLoader:240 - Cannot read IP mode file for STMicroelectronics.X-CUBE-NFC4.3.0.0
2023-06-04 13:40:13,640 [WARN] PackLoader:240 - Cannot read IP mode file for STMicroelectronics.X-CUBE-AZRTOS-G4.2.0.0
2023-06-04 13:40:13,653 [WARN] PackLoader:240 - Cannot read IP mode file for STMicroelectronics.X-CUBE-TOF1.3.3.0
2023-06-04 13:40:13,667 [WARN] PackLoader:240 - Cannot read IP mode file for STMicroelectronics.FP-ATR-ASTRA1.1.1.1
2023-06-04 13:40:13,675 [WARN] PackLoader:240 - Cannot read IP mode file for STMicroelectronics.X-CUBE-BLEMGR.1.3.0
2023-06-04 13:40:13,692 [WARN] PackLoader:240 - Cannot read IP mode file for STMicroelectronics.X-CUBE-AZRTOS-G4.1.0.0
2023-06-04 13:40:13,697 [WARN] PackLoader:240 - Cannot read IP mode file for STMicroelectronics.FP-ATR-SIGFOX1.3.2.0
2023-06-04 13:40:13,733 [WARN] PackLoader:240 - Cannot read IP mode file for STMicroelectronics.X-CUBE-AZRTOS-L4.1.0.0
2023-06-04 13:40:13,748 [WARN] PackLoader:240 - Cannot read IP mode file for STMicroelectronics.X-CUBE-AZRTOS-WL.1.0.0
2023-06-04 13:40:13,754 [WARN] PackLoader:240 - Cannot read IP mode file for portGmbH.I-Cube-SoM-uGOAL.1.1.0
2023-06-04 13:40:13,758 [WARN] PackLoader:240 - Cannot read IP mode file for STMicroelectronics.X-CUBE-ALS.1.0.1
2023-06-04 13:40:13,819 [WARN] PackLoader:240 - Cannot read IP mode file for STMicroelectronics.X-CUBE-MEMS1.9.5.0
2023-06-04 13:40:14,036 [WARN] PackLoader:240 - Cannot read IP mode file for STMicroelectronics.X-CUBE-AZRTOS-WB.1.1.0
2023-06-04 13:40:14,084 [WARN] PackLoader:240 - Cannot read IP mode file for SEGGER.I-CUBE-embOS.1.3.1
2023-06-04 13:40:14,135 [WARN] PackLoader:240 - Cannot read IP mode file for STMicroelectronics.FP-ATR-ASTRA1.2.0.0
2023-06-04 13:40:14,136 [INFO] ThirdParty:978 - Integrity check success = true
2023-06-04 13:40:14,137 [INFO] IntegrityCheckThread:100 - exiting critical section [integrity check]
2023-06-04 13:40:14,137 [INFO] IntegrityCheckThread:103 - End integrity checks thread
