2023-04-21 21:55:04,957 [INFO] Activator:179 - 


2023-04-21 21:55:04,957 [INFO] Activator:180 - !SESSION log4j initialized
2023-04-21 21:55:48,190 [ERROR] LogOutputStream:74 - [STDERR_REDIRECT] SLF4J: Failed to load class "org.slf4j.impl.StaticLoggerBinder".
2023-04-21 21:55:48,190 [ERROR] LogOutputStream:74 - [STDERR_REDIRECT] SLF4J: Defaulting to no-operation (NOP) logger implementation
2023-04-21 21:55:48,190 [ERROR] LogOutputStream:74 - [STDERR_REDIRECT] SLF4J: See http://www.slf4j.org/codes.html#StaticLoggerBinder for further details.
2023-04-21 22:00:45,066 [ERROR] LogOutputStream:74 - [STDERR_REDIRECT] 
2023-04-21 22:34:58,646 [INFO] Activator:179 - 


2023-04-21 22:34:58,646 [INFO] Activator:180 - !SESSION log4j initialized
2023-04-21 22:35:33,214 [ERROR] LogOutputStream:74 - [STDERR_REDIRECT] SLF4J: Failed to load class "org.slf4j.impl.StaticLoggerBinder".
2023-04-21 22:35:33,214 [ERROR] LogOutputStream:74 - [STDERR_REDIRECT] SLF4J: Defaulting to no-operation (NOP) logger implementation
2023-04-21 22:35:33,214 [ERROR] LogOutputStream:74 - [STDERR_REDIRECT] SLF4J: See http://www.slf4j.org/codes.html#StaticLoggerBinder for further details.
2023-05-09 11:16:58,316 [INFO] Activator:179 - 


2023-05-09 11:16:58,326 [INFO] Activator:180 - !SESSION log4j initialized
2023-05-09 11:17:43,988 [ERROR] LogOutputStream:74 - [STDERR_REDIRECT] SLF4J: Failed to load class "org.slf4j.impl.StaticLoggerBinder".
2023-05-09 11:17:43,992 [ERROR] LogOutputStream:74 - [STDERR_REDIRECT] SLF4J: Defaulting to no-operation (NOP) logger implementation
2023-05-09 11:17:43,995 [ERROR] LogOutputStream:74 - [STDERR_REDIRECT] SLF4J: See http://www.slf4j.org/codes.html#StaticLoggerBinder for further details.
2023-05-09 11:54:27,394 [ERROR] LogOutputStream:74 - [STDERR_REDIRECT] 
2023-05-09 14:36:11,903 [INFO] Activator:179 - 


2023-05-09 14:36:11,936 [INFO] Activator:180 - !SESSION log4j initialized
2023-05-09 14:36:43,635 [ERROR] LogOutputStream:74 - [STDERR_REDIRECT] SLF4J: Failed to load class "org.slf4j.impl.StaticLoggerBinder".
2023-05-09 14:36:43,637 [ERROR] LogOutputStream:74 - [STDERR_REDIRECT] SLF4J: Defaulting to no-operation (NOP) logger implementation
2023-05-09 14:36:43,638 [ERROR] LogOutputStream:74 - [STDERR_REDIRECT] SLF4J: See http://www.slf4j.org/codes.html#StaticLoggerBinder for further details.
2023-05-09 14:40:56,455 [ERROR] LogOutputStream:74 - [STDERR_REDIRECT] 
2023-05-09 14:42:55,894 [INFO] Activator:179 - 


2023-05-09 14:42:55,904 [INFO] Activator:180 - !SESSION log4j initialized
2023-05-09 14:43:22,873 [ERROR] LogOutputStream:74 - [STDERR_REDIRECT] SLF4J: Failed to load class "org.slf4j.impl.StaticLoggerBinder".
2023-05-09 14:43:22,874 [ERROR] LogOutputStream:74 - [STDERR_REDIRECT] SLF4J: Defaulting to no-operation (NOP) logger implementation
2023-05-09 14:43:22,876 [ERROR] LogOutputStream:74 - [STDERR_REDIRECT] SLF4J: See http://www.slf4j.org/codes.html#StaticLoggerBinder for further details.
2023-05-09 14:56:17,942 [ERROR] LogOutputStream:74 - [STDERR_REDIRECT] 
2023-05-09 15:05:46,941 [INFO] Activator:179 - 


2023-05-09 15:05:46,971 [INFO] Activator:180 - !SESSION log4j initialized
2023-05-09 15:06:18,658 [ERROR] LogOutputStream:74 - [STDERR_REDIRECT] SLF4J: Failed to load class "org.slf4j.impl.StaticLoggerBinder".
2023-05-09 15:06:18,660 [ERROR] LogOutputStream:74 - [STDERR_REDIRECT] SLF4J: Defaulting to no-operation (NOP) logger implementation
2023-05-09 15:06:18,661 [ERROR] LogOutputStream:74 - [STDERR_REDIRECT] SLF4J: See http://www.slf4j.org/codes.html#StaticLoggerBinder for further details.
2023-05-09 15:49:29,713 [ERROR] LogOutputStream:74 - [STDERR_REDIRECT] 
2023-05-09 15:50:05,735 [INFO] Activator:179 - 


2023-05-09 15:50:05,742 [INFO] Activator:180 - !SESSION log4j initialized
2023-05-09 15:50:47,496 [ERROR] LogOutputStream:74 - [STDERR_REDIRECT] SLF4J: Failed to load class "org.slf4j.impl.StaticLoggerBinder".
2023-05-09 15:50:47,498 [ERROR] LogOutputStream:74 - [STDERR_REDIRECT] SLF4J: Defaulting to no-operation (NOP) logger implementation
2023-05-09 15:50:47,502 [ERROR] LogOutputStream:74 - [STDERR_REDIRECT] SLF4J: See http://www.slf4j.org/codes.html#StaticLoggerBinder for further details.
2023-05-09 15:55:46,418 [ERROR] LogOutputStream:74 - [STDERR_REDIRECT] 
