2023-06-01 00:06:20,823 [INFO] UtilMem:75 - End SaveConfig() Used Memory: 534532808 Bytes (849346560)
2023-06-01 00:06:22,878 [INFO] UtilMem:75 - End SaveConfig() Used Memory: 620718872 Bytes (849346560)
2023-06-01 00:06:23,159 [INFO] UtilMem:75 - End SaveConfig() Used Memory: 672554808 Bytes (849346560)
2023-06-01 00:06:23,571 [INFO] BlockDiagram:2759 - set Specific Code input for plugin: NVIC
2023-06-01 00:06:23,571 [INFO] BlockDiagram:2759 - set Specific Code input for plugin: USART
2023-06-01 00:06:23,571 [INFO] BlockDiagram:2759 - set Specific Code input for plugin: TIM1_8
2023-06-01 00:06:23,571 [INFO] BlockDiagram:2759 - set Specific Code input for plugin: SYS
2023-06-01 00:06:23,572 [INFO] BlockDiagram:2759 - set Specific Code input for plugin: GPIO
2023-06-01 00:06:23,572 [INFO] BlockDiagram:2759 - set Specific Code input for plugin: RCC
2023-06-01 00:06:23,572 [INFO] CodeGenerator:793 - code generatio: config db path: /opt/st/stm32cubeide_1.12.1/plugins/com.st.stm32cube.common.mx_6.8.1.202304191431//db/
2023-06-01 00:06:23,882 [INFO] CodeEngine:255 - oldGeneratedFile, /home/mowibox/Documents/ENSEA/ProjetS6/HideAndSeekBot/Code/Final_Code/MXTmpFiles/license.tmp_save
2023-06-01 00:06:23,998 [INFO] CodeEngine:279 - Generated code: /home/mowibox/Documents/ENSEA/ProjetS6/HideAndSeekBot/Code/Final_Code/MXTmpFiles/license.tmp
2023-06-01 00:06:24,017 [INFO] CodeEngine:255 - oldGeneratedFile, /home/mowibox/Documents/ENSEA/ProjetS6/HideAndSeekBot/Code/Final_Code/MXTmpFiles/gpio.tmp_save
2023-06-01 00:06:24,122 [INFO] CodeEngine:279 - Generated code: /home/mowibox/Documents/ENSEA/ProjetS6/HideAndSeekBot/Code/Final_Code/MXTmpFiles/gpio.tmp
2023-06-01 00:06:24,216 [INFO] CodeEngine:255 - oldGeneratedFile, /home/mowibox/Documents/ENSEA/ProjetS6/HideAndSeekBot/Code/Final_Code/Core/Src/stm32f4xx_it.c_save
2023-06-01 00:06:24,576 [INFO] CodeEngine:279 - Generated code: /home/mowibox/Documents/ENSEA/ProjetS6/HideAndSeekBot/Code/Final_Code/Core/Src/stm32f4xx_it.c
2023-06-01 00:06:24,578 [INFO] CodeEngine:255 - oldGeneratedFile, /home/mowibox/Documents/ENSEA/ProjetS6/HideAndSeekBot/Code/Final_Code/Core/Inc/stm32f4xx_it.h_save
2023-06-01 00:06:24,652 [INFO] CodeEngine:279 - Generated code: /home/mowibox/Documents/ENSEA/ProjetS6/HideAndSeekBot/Code/Final_Code/Core/Inc/stm32f4xx_it.h
2023-06-01 00:06:24,656 [INFO] CodeEngine:255 - oldGeneratedFile, /home/mowibox/Documents/ENSEA/ProjetS6/HideAndSeekBot/Code/Final_Code/Core/Src/stm32f4xx_hal_msp.c_save
2023-06-01 00:06:24,784 [INFO] CodeEngine:279 - Generated code: /home/mowibox/Documents/ENSEA/ProjetS6/HideAndSeekBot/Code/Final_Code/Core/Src/stm32f4xx_hal_msp.c
2023-06-01 00:06:24,785 [INFO] CodeEngine:255 - oldGeneratedFile, /home/mowibox/Documents/ENSEA/ProjetS6/HideAndSeekBot/Code/Final_Code/MXTmpFiles/system.tmp_save
2023-06-01 00:06:24,850 [INFO] CodeEngine:279 - Generated code: /home/mowibox/Documents/ENSEA/ProjetS6/HideAndSeekBot/Code/Final_Code/MXTmpFiles/system.tmp
2023-06-01 00:06:24,852 [INFO] CodeEngine:311 - oldGeneratedFile, /home/mowibox/Documents/ENSEA/ProjetS6/HideAndSeekBot/Code/Final_Code/Core/Inc/stm32f4xx_hal_conf.h_save
2023-06-01 00:06:24,932 [INFO] CodeEngine:335 - Generated code: /home/mowibox/Documents/ENSEA/ProjetS6/HideAndSeekBot/Code/Final_Code/Core/Inc/stm32f4xx_hal_conf.h
2023-06-01 00:06:24,948 [WARN] IPConfigManager:3431 - IP not found : TIM
2023-06-01 00:06:24,949 [WARN] CodeGenerator:3754 - IP not found : null
2023-06-01 00:06:24,951 [INFO] CodeEngine:255 - oldGeneratedFile, /home/mowibox/Documents/ENSEA/ProjetS6/HideAndSeekBot/Code/Final_Code/Core/Inc/main.h_save
2023-06-01 00:06:25,040 [INFO] CodeEngine:279 - Generated code: /home/mowibox/Documents/ENSEA/ProjetS6/HideAndSeekBot/Code/Final_Code/Core/Inc/main.h
2023-06-01 00:06:25,041 [INFO] CodeEngine:255 - oldGeneratedFile, /home/mowibox/Documents/ENSEA/ProjetS6/HideAndSeekBot/Code/Final_Code/Core/Src/main.c_save
2023-06-01 00:06:25,152 [INFO] CodeEngine:279 - Generated code: /home/mowibox/Documents/ENSEA/ProjetS6/HideAndSeekBot/Code/Final_Code/Core/Src/main.c
2023-06-01 00:06:25,929 [INFO] ProjectBuilder:2996 - Time for Copy HAL[1] : 94mS.
2023-06-01 00:06:25,931 [INFO] ProjectBuilder:4304 - Project Generator version: 3.19.2
2023-06-01 00:06:26,327 [INFO] ConfigFileManager:1483 - The Die is : DIE433
2023-06-01 00:06:28,314 [INFO] ProjectBuilder:4505 - Time for Generating toolchain IDE Files: 2383mS.
2023-06-01 00:06:28,314 [INFO] ProjectBuilder:2867 - Time for Copy CMSIS : 0mS.
2023-06-01 00:06:28,315 [INFO] ProjectBuilder:2867 - Time for Copy CMSIS : 0mS.
2023-06-01 00:23:18,327 [INFO] NvicIntPanel:101 - NVIC parent = com.st.microxplorer.plugins.ip.nvic.MultiNvicIntPanel[,0,0,0x0,invalid,layout=javax.swing.BoxLayout,alignmentX=0.0,alignmentY=0.0,border=,flags=9,maximumSize=,minimumSize=,preferredSize=]
2023-06-01 00:23:43,663 [INFO] NvicIntPanel:101 - NVIC parent = com.st.microxplorer.plugins.ip.nvic.MultiNvicIntPanel[,0,0,0x0,invalid,layout=javax.swing.BoxLayout,alignmentX=0.0,alignmentY=0.0,border=,flags=9,maximumSize=,minimumSize=,preferredSize=]
2023-06-01 00:23:55,800 [INFO] UtilMem:75 - End SaveConfig() Used Memory: 435301528 Bytes (876609536)
2023-06-01 00:23:58,122 [INFO] UtilMem:75 - End SaveConfig() Used Memory: 479868056 Bytes (876609536)
2023-06-01 00:23:58,437 [INFO] BlockDiagram:2759 - set Specific Code input for plugin: NVIC
2023-06-01 00:23:58,437 [INFO] BlockDiagram:2759 - set Specific Code input for plugin: USART
2023-06-01 00:23:58,437 [INFO] BlockDiagram:2759 - set Specific Code input for plugin: TIM1_8
2023-06-01 00:23:58,438 [INFO] BlockDiagram:2759 - set Specific Code input for plugin: SYS
2023-06-01 00:23:58,438 [INFO] BlockDiagram:2759 - set Specific Code input for plugin: GPIO
2023-06-01 00:23:58,438 [INFO] BlockDiagram:2759 - set Specific Code input for plugin: RCC
2023-06-01 00:23:58,438 [INFO] CodeGenerator:793 - code generatio: config db path: /opt/st/stm32cubeide_1.12.1/plugins/com.st.stm32cube.common.mx_6.8.1.202304191431//db/
2023-06-01 00:23:58,722 [INFO] CodeEngine:255 - oldGeneratedFile, /home/mowibox/Documents/ENSEA/ProjetS6/HideAndSeekBot/Code/Final_Code/MXTmpFiles/license.tmp_save
2023-06-01 00:23:58,814 [INFO] CodeEngine:279 - Generated code: /home/mowibox/Documents/ENSEA/ProjetS6/HideAndSeekBot/Code/Final_Code/MXTmpFiles/license.tmp
2023-06-01 00:23:58,830 [INFO] CodeEngine:255 - oldGeneratedFile, /home/mowibox/Documents/ENSEA/ProjetS6/HideAndSeekBot/Code/Final_Code/MXTmpFiles/gpio.tmp_save
2023-06-01 00:23:58,915 [INFO] CodeEngine:279 - Generated code: /home/mowibox/Documents/ENSEA/ProjetS6/HideAndSeekBot/Code/Final_Code/MXTmpFiles/gpio.tmp
2023-06-01 00:23:59,008 [INFO] CodeEngine:255 - oldGeneratedFile, /home/mowibox/Documents/ENSEA/ProjetS6/HideAndSeekBot/Code/Final_Code/Core/Src/stm32f4xx_it.c_save
2023-06-01 00:23:59,359 [INFO] CodeEngine:279 - Generated code: /home/mowibox/Documents/ENSEA/ProjetS6/HideAndSeekBot/Code/Final_Code/Core/Src/stm32f4xx_it.c
2023-06-01 00:23:59,360 [INFO] CodeEngine:255 - oldGeneratedFile, /home/mowibox/Documents/ENSEA/ProjetS6/HideAndSeekBot/Code/Final_Code/Core/Inc/stm32f4xx_it.h_save
2023-06-01 00:23:59,432 [INFO] CodeEngine:279 - Generated code: /home/mowibox/Documents/ENSEA/ProjetS6/HideAndSeekBot/Code/Final_Code/Core/Inc/stm32f4xx_it.h
2023-06-01 00:23:59,435 [INFO] CodeEngine:255 - oldGeneratedFile, /home/mowibox/Documents/ENSEA/ProjetS6/HideAndSeekBot/Code/Final_Code/Core/Src/stm32f4xx_hal_msp.c_save
2023-06-01 00:23:59,545 [INFO] CodeEngine:279 - Generated code: /home/mowibox/Documents/ENSEA/ProjetS6/HideAndSeekBot/Code/Final_Code/Core/Src/stm32f4xx_hal_msp.c
2023-06-01 00:23:59,546 [INFO] CodeEngine:255 - oldGeneratedFile, /home/mowibox/Documents/ENSEA/ProjetS6/HideAndSeekBot/Code/Final_Code/MXTmpFiles/system.tmp_save
2023-06-01 00:23:59,606 [INFO] CodeEngine:279 - Generated code: /home/mowibox/Documents/ENSEA/ProjetS6/HideAndSeekBot/Code/Final_Code/MXTmpFiles/system.tmp
2023-06-01 00:23:59,608 [INFO] CodeEngine:311 - oldGeneratedFile, /home/mowibox/Documents/ENSEA/ProjetS6/HideAndSeekBot/Code/Final_Code/Core/Inc/stm32f4xx_hal_conf.h_save
2023-06-01 00:23:59,679 [INFO] CodeEngine:335 - Generated code: /home/mowibox/Documents/ENSEA/ProjetS6/HideAndSeekBot/Code/Final_Code/Core/Inc/stm32f4xx_hal_conf.h
2023-06-01 00:23:59,696 [WARN] IPConfigManager:3431 - IP not found : TIM
2023-06-01 00:23:59,696 [WARN] CodeGenerator:3754 - IP not found : null
2023-06-01 00:23:59,698 [INFO] CodeEngine:255 - oldGeneratedFile, /home/mowibox/Documents/ENSEA/ProjetS6/HideAndSeekBot/Code/Final_Code/Core/Inc/main.h_save
2023-06-01 00:23:59,785 [INFO] CodeEngine:279 - Generated code: /home/mowibox/Documents/ENSEA/ProjetS6/HideAndSeekBot/Code/Final_Code/Core/Inc/main.h
2023-06-01 00:23:59,786 [INFO] CodeEngine:255 - oldGeneratedFile, /home/mowibox/Documents/ENSEA/ProjetS6/HideAndSeekBot/Code/Final_Code/Core/Src/main.c_save
2023-06-01 00:23:59,888 [INFO] CodeEngine:279 - Generated code: /home/mowibox/Documents/ENSEA/ProjetS6/HideAndSeekBot/Code/Final_Code/Core/Src/main.c
2023-06-01 00:24:00,638 [INFO] ProjectBuilder:2996 - Time for Copy HAL[1] : 31mS.
2023-06-01 00:24:00,640 [INFO] ProjectBuilder:4304 - Project Generator version: 3.19.2
2023-06-01 00:24:00,939 [INFO] ConfigFileManager:1483 - The Die is : DIE433
2023-06-01 00:24:02,791 [INFO] ProjectBuilder:4505 - Time for Generating toolchain IDE Files: 2151mS.
2023-06-01 00:24:02,792 [INFO] ProjectBuilder:2867 - Time for Copy CMSIS : 1mS.
2023-06-01 00:24:02,793 [INFO] ProjectBuilder:2867 - Time for Copy CMSIS : 0mS.
2023-06-01 08:21:17,708 [INFO] Activator:176 - 


2023-06-01 08:21:17,721 [INFO] Activator:177 - !SESSION log4j initialized
2023-06-01 08:21:38,661 [INFO] LogOutputStream:77 - [STDOUT_REDIRECT] 
2023-06-01 08:22:03,367 [ERROR] LogOutputStream:75 - [STDERR_REDIRECT] SLF4J: Failed to load class "org.slf4j.impl.StaticLoggerBinder".
2023-06-01 08:22:03,368 [ERROR] LogOutputStream:75 - [STDERR_REDIRECT] SLF4J: Defaulting to no-operation (NOP) logger implementation
2023-06-01 08:22:03,368 [ERROR] LogOutputStream:75 - [STDERR_REDIRECT] SLF4J: See http://www.slf4j.org/codes.html#StaticLoggerBinder for further details.
2023-06-01 08:23:26,139 [INFO] ApplicationProperties:184 - Using Application install path: /opt/st/stm32cubeide_1.12.1/plugins/com.st.stm32cube.common.mx_6.8.1.202304191431
2023-06-01 08:23:26,239 [INFO] DbMcusXml:78 - Set database path to: /opt/st/stm32cubeide_1.12.1/plugins/com.st.stm32cube.common.mx_6.8.1.202304191431//db//mcu/
2023-06-01 08:23:26,240 [INFO] ApiDb:274 - Set plugin database path to: /opt/st/stm32cubeide_1.12.1/plugins/com.st.stm32cube.common.mx_6.8.1.202304191431//db//plugins/boardmanager/
2023-06-01 08:23:26,249 [WARN] ApiDb:259 - Overriding images path with different value:  => /opt/st/stm32cubeide_1.12.1/plugins/com.st.stm32cube.common.mx_6.8.1.202304191431//db//plugins/mcufinder/images/
2023-06-01 08:23:26,360 [INFO] ApiDb:250 - Set database path to: /home/mowibox/.stmcufinder/plugins/mcufinder//mcu/
2023-06-01 08:23:26,364 [INFO] DbMcusAds:125 - Set database path to: /home/mowibox/.stmcufinder/plugins/mcufinder//mcu/
2023-06-01 08:23:26,391 [INFO] CrossReferenceDbSqlite:203 - Set database path to: /home/mowibox/.stmcufinder/plugins/mcufinder//mcu/cs/
2023-06-01 08:23:26,784 [INFO] RulesReader:64 - Compatibility file has been processed (293 Rules)
2023-06-01 08:23:27,039 [INFO] DbMcusXml:78 - Set database path to: /opt/st/stm32cubeide_1.12.1/plugins/com.st.stm32cube.common.mx_6.8.1.202304191431//db//mcu/
2023-06-01 08:23:27,039 [INFO] ApiDb:274 - Set plugin database path to: /opt/st/stm32cubeide_1.12.1/plugins/com.st.stm32cube.common.mx_6.8.1.202304191431//db//plugins/boardmanager/
2023-06-01 08:23:27,040 [INFO] ApiDb:261 - Set plugin images path to: /opt/st/stm32cubeide_1.12.1/plugins/com.st.stm32cube.common.mx_6.8.1.202304191431//db//plugins/mcufinder/images/
2023-06-01 08:23:27,040 [WARN] DbFile:41 - Overriding database path with different value: /home/mowibox/.stmcufinder/plugins/mcufinder/ => /home/mowibox/.stmcufinder/plugins/mcufinder
2023-06-01 08:23:27,040 [INFO] ApiDb:250 - Set database path to: /home/mowibox/.stmcufinder/plugins/mcufinder//mcu/
2023-06-01 08:23:27,040 [WARN] DbFile:41 - Overriding database path with different value: /home/mowibox/.stmcufinder/plugins/mcufinder/ => /home/mowibox/.stmcufinder/plugins/mcufinder
2023-06-01 08:23:27,040 [INFO] DbMcusAds:125 - Set database path to: /home/mowibox/.stmcufinder/plugins/mcufinder//mcu/
2023-06-01 08:23:27,041 [WARN] DbFile:41 - Overriding database path with different value: /home/mowibox/.stmcufinder/plugins/mcufinder/ => /home/mowibox/.stmcufinder/plugins/mcufinder
2023-06-01 08:23:27,041 [WARN] DbFile:41 - Overriding database path with different value: /home/mowibox/.stmcufinder/plugins/mcufinder/ => /home/mowibox/.stmcufinder/plugins/mcufinder
2023-06-01 08:23:27,045 [INFO] CrossReferenceDbSqlite:203 - Set database path to: /home/mowibox/.stmcufinder/plugins/mcufinder//mcu/cs/
2023-06-01 08:23:27,313 [INFO] MainPanel:253 - HeapMemory: 435159040
2023-06-01 08:23:27,750 [INFO] DbMcusXml:78 - Set database path to: /opt/st/stm32cubeide_1.12.1/plugins/com.st.stm32cube.common.mx_6.8.1.202304191431//db//mcu/
2023-06-01 08:23:27,750 [INFO] ApiDb:274 - Set plugin database path to: /opt/st/stm32cubeide_1.12.1/plugins/com.st.stm32cube.common.mx_6.8.1.202304191431//db//plugins/boardmanager/
2023-06-01 08:23:27,751 [INFO] ApiDb:261 - Set plugin images path to: /opt/st/stm32cubeide_1.12.1/plugins/com.st.stm32cube.common.mx_6.8.1.202304191431//db//plugins/mcufinder/images/
2023-06-01 08:23:27,801 [WARN] DbFile:41 - Overriding database path with different value: /home/mowibox/.stmcufinder/plugins/mcufinder/ => /home/mowibox/.stmcufinder/plugins/mcufinder
2023-06-01 08:23:27,801 [INFO] ApiDb:250 - Set database path to: /home/mowibox/.stmcufinder/plugins/mcufinder//mcu/
2023-06-01 08:23:27,802 [WARN] DbFile:41 - Overriding database path with different value: /home/mowibox/.stmcufinder/plugins/mcufinder/ => /home/mowibox/.stmcufinder/plugins/mcufinder
2023-06-01 08:23:27,802 [INFO] DbMcusAds:125 - Set database path to: /home/mowibox/.stmcufinder/plugins/mcufinder//mcu/
2023-06-01 08:23:27,802 [WARN] DbFile:41 - Overriding database path with different value: /home/mowibox/.stmcufinder/plugins/mcufinder/ => /home/mowibox/.stmcufinder/plugins/mcufinder
2023-06-01 08:23:27,803 [WARN] DbFile:41 - Overriding database path with different value: /home/mowibox/.stmcufinder/plugins/mcufinder/ => /home/mowibox/.stmcufinder/plugins/mcufinder
2023-06-01 08:23:27,811 [INFO] CrossReferenceDbSqlite:203 - Set database path to: /home/mowibox/.stmcufinder/plugins/mcufinder//mcu/cs/
2023-06-01 08:23:27,902 [INFO] ApplicationProperties:184 - Using Application install path: /opt/st/stm32cubeide_1.12.1/plugins/com.st.stm32cube.common.mx_6.8.1.202304191431
2023-06-01 08:23:27,907 [INFO] PluginManage:196 - Search for loadable plugins [exclusion list=, ]
2023-06-01 08:23:27,912 [INFO] PluginManage:310 - Check plugin analytics
2023-06-01 08:23:28,396 [INFO] AnalyticsPlugin:253 - Accepted Software Licenses: 
2023-06-01 08:23:28,397 [INFO] AnalyticsPlugin:255 - Accepted CMSIS Pack Licenses: 
2023-06-01 08:23:28,397 [INFO] AnalyticsPlugin:257 - Accepted Firmware Licenses: FW.H7.1.11.0,FW.F4.1.27.0
2023-06-01 08:23:28,408 [INFO] PluginManage:359 - Loaded plugin analytics (category:tool,tabindex:-1)
2023-06-01 08:23:28,409 [INFO] PluginManage:310 - Check plugin cadmodel
2023-06-01 08:23:28,728 [INFO] CADModel:105 - Init CAD model plugin
2023-06-01 08:23:28,729 [INFO] PluginManage:359 - Loaded plugin cadmodel (category:power,tabindex:5)
2023-06-01 08:23:28,729 [INFO] PluginManage:310 - Check plugin clock
2023-06-01 08:23:28,858 [INFO] PluginManage:359 - Loaded plugin clock (category:base,tabindex:2)
2023-06-01 08:23:28,858 [INFO] PluginManage:310 - Check plugin ddr
2023-06-01 08:23:28,877 [INFO] PluginManage:359 - Loaded plugin ddr (category:tool,tabindex:6)
2023-06-01 08:23:28,878 [INFO] PluginManage:310 - Check plugin filemanager
2023-06-01 08:23:29,460 [INFO] PluginManage:359 - Loaded plugin filemanager (category:base,tabindex:10)
2023-06-01 08:23:29,461 [INFO] PluginManage:310 - Check plugin ipmanager
2023-06-01 08:23:29,507 [INFO] PluginManage:359 - Loaded plugin ipmanager (category:base,tabindex:5)
2023-06-01 08:23:29,507 [INFO] PluginManage:310 - Check plugin lpbam
2023-06-01 08:23:29,582 [INFO] PluginManage:359 - Loaded plugin lpbam (category:base,tabindex:0)
2023-06-01 08:23:29,583 [INFO] PluginManage:310 - Check plugin pinoutandconfiguration
2023-06-01 08:23:29,653 [INFO] PluginManage:359 - Loaded plugin pinoutandconfiguration (category:base,tabindex:1)
2023-06-01 08:23:29,654 [INFO] PluginManage:310 - Check plugin pinoutconfig
2023-06-01 08:23:30,083 [WARN] SupportedApi:132 - Cannot load RTOS API schema: s4s-elt-must-match.1: The content of 'definitions' must match (annotation?, (simpleType | complexType)?, (unique | key | keyref)*)). A problem was found starting at: attribute.
2023-06-01 08:23:30,574 [INFO] PluginManage:359 - Loaded plugin pinoutconfig (category:base,tabindex:0)
2023-06-01 08:23:30,575 [INFO] PluginManage:310 - Check plugin power
2023-06-01 08:23:30,689 [INFO] PluginManage:359 - Loaded plugin power (category:power,tabindex:4)
2023-06-01 08:23:30,690 [INFO] PluginManage:310 - Check plugin projectmanager
2023-06-01 08:23:30,762 [INFO] PluginManage:359 - Loaded plugin projectmanager (category:projectmanager,tabindex:3)
2023-06-01 08:23:30,763 [INFO] PluginManage:310 - Check plugin thirdparty
2023-06-01 08:23:31,303 [INFO] PluginManage:359 - Loaded plugin thirdparty (category:base,tabindex:-1)
2023-06-01 08:23:31,303 [INFO] PluginManage:310 - Check plugin tools
2023-06-01 08:23:31,302 [WARN] IntegrityCheckThread:84 - waiting for thirdparty lock release [integrity check]
2023-06-01 08:23:31,304 [INFO] IntegrityCheckThread:86 - entering critical section [integrity check]
2023-06-01 08:23:31,307 [INFO] ThirdPartyUpdaterWithRetryManager:70 - Updater plugin not ready yet. [1/15]
2023-06-01 08:23:31,336 [INFO] PluginManage:359 - Loaded plugin tools (category:base,tabindex:7)
2023-06-01 08:23:31,336 [INFO] PluginManage:310 - Check plugin tutovideos
2023-06-01 08:23:31,973 [INFO] PluginManage:359 - Loaded plugin tutovideos (category:base,tabindex:-1)
2023-06-01 08:23:31,973 [INFO] PluginManage:310 - Check plugin updater
2023-06-01 08:23:32,057 [INFO] PluginManage:359 - Loaded plugin updater (category:base,tabindex:12)
2023-06-01 08:23:32,058 [INFO] PluginManage:283 - PluginManage : Loaded plugins [15]
2023-06-01 08:23:32,677 [INFO] PinOutPanel:1499 - setPackage(No Configuration,No Configuration)
2023-06-01 08:23:32,922 [INFO] CADModel:165 - CPN selected for project level
2023-06-01 08:23:32,923 [INFO] CADModel:114 - Register for checkConnection events
2023-06-01 08:23:33,016 [INFO] IPUIPlugin:80 - create IPUIPlugin
2023-06-01 08:23:33,016 [INFO] PluginManager:220 - loadIPPluginJar : add quadspi
2023-06-01 08:23:33,022 [INFO] IPUIPlugin:80 - create IPUIPlugin
2023-06-01 08:23:33,022 [INFO] PluginManager:220 - loadIPPluginJar : add ucpd
2023-06-01 08:23:33,092 [INFO] IPUIPlugin:80 - create IPUIPlugin
2023-06-01 08:23:33,092 [INFO] PluginManager:220 - loadIPPluginJar : add opamp
2023-06-01 08:23:33,128 [INFO] IPUIPlugin:80 - create IPUIPlugin
2023-06-01 08:23:33,128 [INFO] PluginManager:220 - loadIPPluginJar : add lorawan
2023-06-01 08:23:33,137 [INFO] IPUIPlugin:80 - create IPUIPlugin
2023-06-01 08:23:33,137 [INFO] PluginManager:220 - loadIPPluginJar : add usart
2023-06-01 08:23:33,154 [INFO] IPUIPlugin:80 - create IPUIPlugin
2023-06-01 08:23:33,154 [INFO] PluginManager:220 - loadIPPluginJar : add stm32_wpan
2023-06-01 08:23:33,162 [INFO] IPUIPlugin:80 - create IPUIPlugin
2023-06-01 08:23:33,163 [INFO] PluginManager:220 - loadIPPluginJar : add sai
2023-06-01 08:23:33,196 [INFO] IPUIPlugin:80 - create IPUIPlugin
2023-06-01 08:23:33,197 [INFO] PluginManager:220 - loadIPPluginJar : add linkedlist
2023-06-01 08:23:33,205 [INFO] IPUIPlugin:80 - create IPUIPlugin
2023-06-01 08:23:33,205 [INFO] PluginManager:220 - loadIPPluginJar : add ts
2023-06-01 08:23:33,233 [INFO] IPUIPlugin:80 - create IPUIPlugin
2023-06-01 08:23:33,233 [INFO] PluginManager:220 - loadIPPluginJar : add aes
2023-06-01 08:23:33,241 [INFO] IPUIPlugin:80 - create IPUIPlugin
2023-06-01 08:23:33,242 [INFO] PluginManager:220 - loadIPPluginJar : add i2c
2023-06-01 08:23:33,249 [INFO] IPUIPlugin:80 - create IPUIPlugin
2023-06-01 08:23:33,250 [INFO] PluginManager:220 - loadIPPluginJar : add tim
2023-06-01 08:23:33,276 [INFO] IPUIPlugin:80 - create IPUIPlugin
2023-06-01 08:23:33,276 [INFO] PluginManager:220 - loadIPPluginJar : add gfxmmu
2023-06-01 08:23:33,283 [INFO] IPUIPlugin:80 - create IPUIPlugin
2023-06-01 08:23:33,284 [INFO] PluginManager:220 - loadIPPluginJar : add pdm2pcm
2023-06-01 08:23:33,330 [INFO] IPUIPlugin:80 - create IPUIPlugin
2023-06-01 08:23:33,332 [INFO] PluginManager:220 - loadIPPluginJar : add gpio
2023-06-01 08:23:33,345 [INFO] IPUIPlugin:80 - create IPUIPlugin
2023-06-01 08:23:33,345 [INFO] PluginManager:220 - loadIPPluginJar : add fmc
2023-06-01 08:23:33,485 [INFO] IPUIPlugin:80 - create IPUIPlugin
2023-06-01 08:23:33,485 [INFO] PluginManager:220 - loadIPPluginJar : add adc
2023-06-01 08:23:33,495 [INFO] IPUIPlugin:80 - create IPUIPlugin
2023-06-01 08:23:33,496 [INFO] PluginManager:220 - loadIPPluginJar : add touchsensing
2023-06-01 08:23:33,502 [INFO] IPUIPlugin:80 - create IPUIPlugin
2023-06-01 08:23:33,503 [INFO] PluginManager:220 - loadIPPluginJar : add i2s
2023-06-01 08:23:33,509 [INFO] IPUIPlugin:80 - create IPUIPlugin
2023-06-01 08:23:33,510 [INFO] PluginManager:220 - loadIPPluginJar : add spi
2023-06-01 08:23:33,562 [INFO] IPUIPlugin:80 - create IPUIPlugin
2023-06-01 08:23:33,563 [INFO] PluginManager:220 - loadIPPluginJar : add freertos
2023-06-01 08:23:33,571 [INFO] IPUIPlugin:80 - create IPUIPlugin
2023-06-01 08:23:33,572 [INFO] PluginManager:220 - loadIPPluginJar : add can
2023-06-01 08:23:33,587 [INFO] IPUIPlugin:80 - create IPUIPlugin
2023-06-01 08:23:33,587 [INFO] PluginManager:220 - loadIPPluginJar : add ipddr
2023-06-01 08:23:33,597 [INFO] IPUIPlugin:80 - create IPUIPlugin
2023-06-01 08:23:33,597 [INFO] PluginManager:220 - loadIPPluginJar : add gtzc
2023-06-01 08:23:33,601 [INFO] IPUIPlugin:80 - create IPUIPlugin
2023-06-01 08:23:33,602 [INFO] PluginManager:220 - loadIPPluginJar : add comp
2023-06-01 08:23:33,609 [INFO] IPUIPlugin:80 - create IPUIPlugin
2023-06-01 08:23:33,609 [INFO] PluginManager:220 - loadIPPluginJar : add dfsdm
2023-06-01 08:23:33,613 [INFO] IPUIPlugin:80 - create IPUIPlugin
2023-06-01 08:23:33,614 [INFO] PluginManager:220 - loadIPPluginJar : add fatfs
2023-06-01 08:23:33,618 [INFO] IPUIPlugin:80 - create IPUIPlugin
2023-06-01 08:23:33,619 [INFO] PluginManager:220 - loadIPPluginJar : add tsc
2023-06-01 08:23:33,661 [INFO] IPUIPlugin:80 - create IPUIPlugin
2023-06-01 08:23:33,662 [INFO] PluginManager:220 - loadIPPluginJar : add nvic
2023-06-01 08:23:33,669 [INFO] IPUIPlugin:80 - create IPUIPlugin
2023-06-01 08:23:33,670 [INFO] PluginManager:220 - loadIPPluginJar : add openamp
2023-06-01 08:23:33,678 [INFO] IPUIPlugin:80 - create IPUIPlugin
2023-06-01 08:23:33,678 [INFO] PluginManager:220 - loadIPPluginJar : add usbx
2023-06-01 08:23:33,727 [INFO] IPUIPlugin:80 - create IPUIPlugin
2023-06-01 08:23:33,728 [INFO] PluginManager:220 - loadIPPluginJar : add dma
2023-06-01 08:23:33,734 [INFO] IPUIPlugin:80 - create IPUIPlugin
2023-06-01 08:23:33,735 [INFO] PluginManager:220 - loadIPPluginJar : add tracer_emb
2023-06-01 08:23:33,739 [INFO] IPUIPlugin:80 - create IPUIPlugin
2023-06-01 08:23:33,740 [INFO] PluginManager:220 - loadIPPluginJar : add ltdc
2023-06-01 08:23:33,782 [INFO] IPUIPlugin:80 - create IPUIPlugin
2023-06-01 08:23:33,782 [INFO] PluginManager:220 - loadIPPluginJar : add resmgrutility
2023-06-01 08:23:33,792 [INFO] IPUIPlugin:80 - create IPUIPlugin
2023-06-01 08:23:33,792 [INFO] PluginManager:220 - loadIPPluginJar : add dma3
2023-06-01 08:23:33,809 [INFO] IPUIPlugin:80 - create IPUIPlugin
2023-06-01 08:23:33,809 [INFO] PluginManager:220 - loadIPPluginJar : add gic
2023-06-01 08:23:33,815 [INFO] IPUIPlugin:80 - create IPUIPlugin
2023-06-01 08:23:33,815 [INFO] PluginManager:220 - loadIPPluginJar : add cryp
2023-06-01 08:23:33,821 [INFO] IPUIPlugin:80 - create IPUIPlugin
2023-06-01 08:23:33,821 [INFO] PluginManager:220 - loadIPPluginJar : add hash
2023-06-01 08:23:33,824 [INFO] IPUIPlugin:80 - create IPUIPlugin
2023-06-01 08:23:33,825 [INFO] PluginManager:220 - loadIPPluginJar : add genericplugin
2023-06-01 08:23:33,832 [INFO] IPUIPlugin:80 - create IPUIPlugin
2023-06-01 08:23:33,832 [INFO] PluginManager:220 - loadIPPluginJar : add i3c
2023-06-01 08:23:33,903 [INFO] IPUIPlugin:80 - create IPUIPlugin
2023-06-01 08:23:33,913 [INFO] PluginManager:220 - loadIPPluginJar : add plateformsettings
2023-06-01 08:23:33,953 [INFO] IPUIPlugin:80 - create IPUIPlugin
2023-06-01 08:23:33,954 [INFO] PluginManager:220 - loadIPPluginJar : add mdma
2023-06-01 08:23:34,143 [INFO] CADModel:165 - CPN selected for project level
2023-06-01 08:23:34,143 [INFO] CADModel:114 - Register for checkConnection events
2023-06-01 08:23:34,144 [FATAL] Updater:308 - Updater called before beeing initialized
2023-06-01 08:23:34,145 [ERROR] CADModel:125 - Updater not yet initialized, retry later 
2023-06-01 08:23:34,308 [INFO] ThirdPartyUpdaterWithRetryManager:70 - Updater plugin not ready yet. [2/15]
2023-06-01 08:23:34,603 [INFO] CADModel:165 - CPN selected for project level
2023-06-01 08:23:34,603 [INFO] CADModel:114 - Register for checkConnection events
2023-06-01 08:23:34,604 [FATAL] Updater:308 - Updater called before beeing initialized
2023-06-01 08:23:34,604 [ERROR] CADModel:125 - Updater not yet initialized, retry later 
2023-06-01 08:23:34,613 [FATAL] Updater:308 - Updater called before beeing initialized
2023-06-01 08:23:34,916 [FATAL] Updater:308 - Updater called before beeing initialized
2023-06-01 08:23:34,949 [INFO] DbMcusAds:53 - JSON generation date=Tue Mar 07 09:50:55 CET 2023 (1678179055335)
2023-06-01 08:23:34,949 [FATAL] Updater:308 - Updater called before beeing initialized
2023-06-01 08:23:35,043 [WARN] DetailPanel:346 - Failed to get advertising image, set to default
2023-06-01 08:23:35,425 [FATAL] Updater:308 - Updater called before beeing initialized
2023-06-01 08:23:35,428 [FATAL] Updater:308 - Updater called before beeing initialized
2023-06-01 08:23:35,428 [FATAL] Updater:308 - Updater called before beeing initialized
2023-06-01 08:23:35,428 [WARN] DetailPanel:346 - Failed to get advertising image, set to default
2023-06-01 08:23:35,430 [FATAL] Updater:308 - Updater called before beeing initialized
2023-06-01 08:23:35,572 [ERROR] Updater:1120 - MainUpdater not yet initialized. External WinMGr cannot be set.
2023-06-01 08:23:35,579 [INFO] Updater:1056 - Updater Version found : 6.8.1
2023-06-01 08:23:35,612 [INFO] ApplicationProperties:184 - Using Application install path: /opt/st/stm32cubeide_1.12.1/plugins/com.st.stm32cube.common.mx_6.8.1.202304191431
2023-06-01 08:23:36,139 [INFO] MainUpdater:2854 - connection check result : 10
2023-06-01 08:23:36,140 [INFO] MainUpdater:283 - Updater Check For Update Now.
2023-06-01 08:23:36,140 [INFO] MicroXplorer:498 - Change Database Version : DB.6.0.81
2023-06-01 08:23:36,428 [INFO] CheckServerUpdateThread:120 - End of CheckServer Thread
2023-06-01 08:23:36,552 [INFO] MainUpdater:2854 - connection check result : 10
2023-06-01 08:23:36,555 [INFO] MainUpdater:2854 - connection check result : 10
2023-06-01 08:23:36,740 [INFO] MicroXplorer:468 - Change Database Path : 
2023-06-01 08:23:36,742 [INFO] MicroXplorer:498 - Change Database Version : DB.6.0.81
2023-06-01 08:23:36,744 [WARN] ThirdParty:871 - waiting for thirdparty lock release [close project]
2023-06-01 08:23:38,029 [WARN] PackLoader:240 - Cannot read IP mode file for STMicroelectronics.X-CUBE-GNSS1.6.0.0
2023-06-01 08:23:38,125 [WARN] PackLoader:240 - Cannot read IP mode file for STMicroelectronics.X-CUBE-AZRTOS-F4.1.1.0
2023-06-01 08:23:38,157 [WARN] PackLoader:240 - Cannot read IP mode file for STMicroelectronics.X-CUBE-SMBUS.2.1.0
2023-06-01 08:23:38,198 [WARN] PackLoader:240 - Cannot read IP mode file for STMicroelectronics.X-CUBE-AZRTOS-F7.1.1.0
2023-06-01 08:23:38,407 [WARN] PackLoader:240 - Cannot read IP mode file for STMicroelectronics.X-CUBE-MEMS1.9.6.0
2023-06-01 08:23:39,087 [ERROR] RealEvaluatedCondition:428 - Found unsupported composite condition: CLASS='Data Exchange' GROUP='STM32_MetaDataManager'
2023-06-01 08:23:39,088 [ERROR] RealEvaluatedCondition:428 - Found unsupported composite condition: GROUP='STM32_MetaDataManager' CLASS='Data Exchange'
2023-06-01 08:23:39,091 [WARN] PackLoader:240 - Cannot read IP mode file for STMicroelectronics.FP-SNS-MOTENV1.4.3.1
2023-06-01 08:23:39,129 [WARN] PackLoader:240 - Cannot read IP mode file for STMicroelectronics.FP-SNS-FLIGHT1.5.0.1
2023-06-01 08:23:39,149 [WARN] PackLoader:240 - Cannot read IP mode file for STMicroelectronics.X-CUBE-BLE1.6.2.4
2023-06-01 08:23:39,176 [WARN] PackLoader:240 - Cannot read IP mode file for emotas.I-CUBE-CANOPEN.1.1.3
2023-06-01 08:23:39,214 [WARN] PackLoader:240 - Cannot read IP mode file for STMicroelectronics.X-CUBE-BLEMGR.2.0.0
2023-06-01 08:23:39,277 [WARN] ConditionMgr:438 - getConditionDescription Invalid condition id : UX DEVICE CLASS RTOS Condition cause : null
2023-06-01 08:23:39,278 [WARN] ConditionMgr:438 - getConditionDescription Invalid condition id : UX DEVICE CLASS RTOS Condition cause : null
2023-06-01 08:23:39,298 [WARN] PackLoader:240 - Cannot read IP mode file for STMicroelectronics.X-CUBE-AZRTOS-H7.3.1.0
2023-06-01 08:23:39,301 [WARN] ConditionMgr:1039 - genDependencies : Invalid condition id : UX DEVICE CLASS RTOS Condition cause : null
2023-06-01 08:23:39,301 [WARN] ConditionMgr:1039 - genDependencies : Invalid condition id : UX DEVICE CLASS RTOS Condition cause : null
2023-06-01 08:23:39,303 [WARN] ConditionMgr:1039 - genDependencies : Invalid condition id : UX DEVICE CLASS RTOS Condition cause : null
2023-06-01 08:23:39,304 [WARN] ConditionMgr:1039 - genDependencies : Invalid condition id : UX DEVICE CLASS RTOS Condition cause : null
2023-06-01 08:23:39,304 [WARN] ConditionMgr:1039 - genDependencies : Invalid condition id : UX DEVICE CLASS RTOS Condition cause : null
2023-06-01 08:23:39,326 [WARN] PackLoader:240 - Cannot read IP mode file for STMicroelectronics.X-CUBE-DISPLAY.3.0.0
2023-06-01 08:23:39,352 [WARN] PackLoader:240 - Cannot read IP mode file for wolfSSL.I-CUBE-wolfSSL.5.5.4
2023-06-01 08:23:39,372 [WARN] PackLoader:240 - Cannot read IP mode file for STMicroelectronics.X-CUBE-NFC7.1.0.0
2023-06-01 08:23:39,390 [WARN] PackLoader:240 - Cannot read IP mode file for STMicroelectronics.X-CUBE-EEPRMA1.4.1.0
2023-06-01 08:23:39,439 [WARN] ConditionMgr:438 - getConditionDescription Invalid condition id : LAN8742 Phy interface Condition cause : null
2023-06-01 08:23:39,440 [WARN] PackLoader:240 - Cannot read IP mode file for STMicroelectronics.X-CUBE-AZRTOS-L4.2.0.0
2023-06-01 08:23:39,443 [WARN] ConditionMgr:1039 - genDependencies : Invalid condition id : LAN8742 Phy interface Condition cause : null
2023-06-01 08:23:39,443 [WARN] ConditionMgr:1039 - genDependencies : Invalid condition id : LAN8742 Phy interface Condition cause : null
2023-06-01 08:23:39,459 [WARN] ConditionMgr:1039 - genDependencies : Invalid condition id : LAN8742 Phy interface Condition cause : null
2023-06-01 08:23:39,499 [WARN] PackLoader:240 - Cannot read IP mode file for WES.I-CUBE-Cesium.1.3.0
2023-06-01 08:23:39,538 [WARN] PackLoader:240 - Cannot read IP mode file for STMicroelectronics.X-CUBE-SFXS2LP1.4.0.0
2023-06-01 08:23:39,563 [WARN] PackLoader:240 - Cannot read IP mode file for STMicroelectronics.X-CUBE-BLE2.3.3.0
2023-06-01 08:23:39,590 [WARN] PackLoader:240 - Cannot read IP mode file for STMicroelectronics.X-CUBE-TOF1.3.2.0
2023-06-01 08:23:39,666 [WARN] PackLoader:240 - Cannot read IP mode file for STMicroelectronics.X-CUBE-AZRTOS-H7.3.0.0
2023-06-01 08:23:39,690 [WARN] PackLoader:240 - Cannot read IP mode file for STMicroelectronics.X-CUBE-ISPU.1.1.0
2023-06-01 08:23:39,702 [WARN] PackLoader:240 - Cannot read IP mode file for RoweBots.I-CUBE-UNISONRTOS.5.5.0-4
2023-06-01 08:23:39,712 [WARN] PackLoader:240 - Cannot read IP mode file for STMicroelectronics.X-CUBE-AI.8.0.0
2023-06-01 08:23:39,719 [WARN] PackLoader:240 - Cannot read IP mode file for STMicroelectronics.X-CUBE-FREERTOS.1.0.1
2023-06-01 08:23:39,733 [WARN] PackLoader:240 - Cannot read IP mode file for STMicroelectronics.X-CUBE-TOUCHGFX.4.21.1
2023-06-01 08:23:39,736 [WARN] PackLoader:240 - Cannot read IP mode file for STMicroelectronics.X-CUBE-TOUCHGFX.4.21.4
2023-06-01 08:23:39,745 [WARN] PackLoader:240 - Cannot read IP mode file for STMicroelectronics.X-CUBE-ALGOBUILD.1.3.0
2023-06-01 08:23:39,781 [WARN] PackLoader:240 - Cannot read IP mode file for STMicroelectronics.X-CUBE-AZRTOS-L5.1.1.0
2023-06-01 08:23:39,830 [WARN] PackLoader:240 - Cannot read IP mode file for STMicroelectronics.X-CUBE-AZRTOS-G0.1.1.0
2023-06-01 08:23:39,863 [WARN] PackLoader:240 - Cannot read IP mode file for STMicroelectronics.X-CUBE-AI.8.0.1
2023-06-01 08:23:39,897 [WARN] PackLoader:240 - Cannot read IP mode file for STMicroelectronics.X-CUBE-SUBG2.5.0.0
2023-06-01 08:23:39,917 [WARN] PackLoader:240 - Cannot read IP mode file for STMicroelectronics.X-CUBE-NFC4.3.0.0
2023-06-01 08:23:39,948 [WARN] PackLoader:240 - Cannot read IP mode file for STMicroelectronics.X-CUBE-AZRTOS-G4.2.0.0
2023-06-01 08:23:40,003 [WARN] PackLoader:240 - Cannot read IP mode file for STMicroelectronics.X-CUBE-TOF1.3.3.0
2023-06-01 08:23:40,032 [WARN] PackLoader:240 - Cannot read IP mode file for STMicroelectronics.FP-ATR-ASTRA1.1.1.1
2023-06-01 08:23:40,046 [WARN] PackLoader:240 - Cannot read IP mode file for STMicroelectronics.X-CUBE-BLEMGR.1.3.0
2023-06-01 08:23:40,093 [WARN] PackLoader:240 - Cannot read IP mode file for STMicroelectronics.X-CUBE-AZRTOS-G4.1.0.0
2023-06-01 08:23:40,115 [WARN] PackLoader:240 - Cannot read IP mode file for STMicroelectronics.FP-ATR-SIGFOX1.3.2.0
2023-06-01 08:23:40,159 [WARN] PackLoader:240 - Cannot read IP mode file for STMicroelectronics.X-CUBE-AZRTOS-L4.1.0.0
2023-06-01 08:23:40,197 [WARN] PackLoader:240 - Cannot read IP mode file for STMicroelectronics.X-CUBE-AZRTOS-WL.1.0.0
2023-06-01 08:23:40,207 [WARN] PackLoader:240 - Cannot read IP mode file for portGmbH.I-Cube-SoM-uGOAL.1.1.0
2023-06-01 08:23:40,225 [WARN] PackLoader:240 - Cannot read IP mode file for STMicroelectronics.X-CUBE-ALS.1.0.1
2023-06-01 08:23:40,339 [WARN] PackLoader:240 - Cannot read IP mode file for STMicroelectronics.X-CUBE-MEMS1.9.5.0
2023-06-01 08:23:40,990 [WARN] PackLoader:240 - Cannot read IP mode file for STMicroelectronics.X-CUBE-AZRTOS-WB.1.1.0
2023-06-01 08:23:41,284 [WARN] PackLoader:240 - Cannot read IP mode file for SEGGER.I-CUBE-embOS.1.3.1
2023-06-01 08:23:41,616 [WARN] PackLoader:240 - Cannot read IP mode file for STMicroelectronics.FP-ATR-ASTRA1.2.0.0
2023-06-01 08:23:41,618 [INFO] ThirdParty:978 - Integrity check success = true
2023-06-01 08:23:41,618 [INFO] IntegrityCheckThread:100 - exiting critical section [integrity check]
2023-06-01 08:23:41,618 [INFO] IntegrityCheckThread:103 - End integrity checks thread
2023-06-01 08:23:41,618 [INFO] ThirdParty:873 - entering critical section [close project]
2023-06-01 08:23:41,620 [INFO] ThirdParty:883 - exiting critical section [close project]
2023-06-01 08:23:41,625 [INFO] PinOutPanel:1499 - setPackage(No Configuration,No Configuration)
2023-06-01 08:23:41,633 [INFO] UtilMem:75 - Begin LoadConfig() Used Memory: 433888520 Bytes (502267904)
2023-06-01 08:23:41,634 [INFO] MicroXplorer:468 - Change Database Path : 
2023-06-01 08:23:41,634 [INFO] MicroXplorer:498 - Change Database Version : DB.6.0.81
2023-06-01 08:23:41,634 [INFO] OpenFileManager:308 - Change cursor
2023-06-01 08:23:41,818 [INFO] Mcu:1937 - Initializing MCU STM32F401R(D-E)Tx STM32F401RETx STM32F401RET6
2023-06-01 08:23:44,452 [INFO] Context:659 - Trying to add GPIOservice into a context  which must be forbidden
2023-06-01 08:23:45,798 [INFO] RtosManager:555 - Registered RTOS mode: class=CMSIS, group=RTOS, mode=CMSIS_V1, owner=FREERTOS
2023-06-01 08:23:45,799 [INFO] RtosManager:555 - Registered RTOS mode: class=CMSIS, group=RTOS2, mode=CMSIS_V2, owner=FREERTOS
2023-06-01 08:23:45,799 [INFO] RtosManager:555 - Registered RTOS mode: class=RTOS, group=Core, mode=CMSIS_V1, owner=FREERTOS
2023-06-01 08:23:45,799 [INFO] RtosManager:555 - Registered RTOS mode: class=RTOS, group=Core, mode=CMSIS_V2, owner=FREERTOS
2023-06-01 08:23:45,799 [WARN] ModelIntegratedComponent:184 - Missing modes for component STMicroelectronics:FreeRTOS:0.0.1:STMicroelectronics:RTOS:FreeRTOS:Core:::10.2.0:
2023-06-01 08:23:45,826 [WARN] ModelIntegratedComponent:63 - No mode defined for component null
2023-06-01 08:23:45,826 [WARN] ModelIntegratedComponent:63 - No mode defined for component null
2023-06-01 08:23:45,826 [WARN] ModelIntegratedComponent:63 - No mode defined for component null
2023-06-01 08:23:45,827 [WARN] ModelIntegratedComponent:63 - No mode defined for component null
2023-06-01 08:23:45,827 [WARN] ModelIntegratedComponent:63 - No mode defined for component null
2023-06-01 08:23:45,827 [WARN] ModelIntegratedComponent:63 - No mode defined for component null
2023-06-01 08:23:45,827 [WARN] ModelIntegratedComponent:63 - No mode defined for component null
2023-06-01 08:23:45,827 [WARN] ModelIntegratedComponent:63 - No mode defined for component null
2023-06-01 08:23:45,827 [WARN] ModelIntegratedComponent:63 - No mode defined for component null
2023-06-01 08:23:45,827 [WARN] ModelIntegratedComponent:63 - No mode defined for component null
2023-06-01 08:23:45,827 [WARN] ModelIntegratedComponent:63 - No mode defined for component null
2023-06-01 08:23:45,827 [WARN] ModelIntegratedComponent:63 - No mode defined for component null
2023-06-01 08:23:45,828 [WARN] ModelIntegratedComponent:63 - No mode defined for component null
2023-06-01 08:23:45,828 [WARN] ModelIntegratedComponent:63 - No mode defined for component null
2023-06-01 08:23:45,828 [WARN] ModelIntegratedComponent:63 - No mode defined for component null
2023-06-01 08:23:45,828 [WARN] ModelIntegratedComponent:63 - No mode defined for component null
2023-06-01 08:23:45,828 [WARN] ModelIntegratedComponent:63 - No mode defined for component null
2023-06-01 08:23:45,828 [WARN] ModelIntegratedComponent:63 - No mode defined for component null
2023-06-01 08:23:45,828 [WARN] ModelIntegratedComponent:63 - No mode defined for component null
2023-06-01 08:23:45,828 [WARN] ModelIntegratedComponent:63 - No mode defined for component null
2023-06-01 08:23:45,828 [WARN] ModelIntegratedComponent:63 - No mode defined for component null
2023-06-01 08:23:45,828 [WARN] ModelIntegratedComponent:63 - No mode defined for component null
2023-06-01 08:23:45,828 [WARN] ModelIntegratedComponent:63 - No mode defined for component null
2023-06-01 08:23:45,829 [WARN] ModelIntegratedComponent:63 - No mode defined for component null
2023-06-01 08:23:45,829 [WARN] ModelIntegratedComponent:63 - No mode defined for component null
2023-06-01 08:23:45,829 [WARN] ModelIntegratedComponent:63 - No mode defined for component null
2023-06-01 08:23:45,829 [WARN] ModelIntegratedComponent:63 - No mode defined for component null
2023-06-01 08:23:45,829 [WARN] ModelIntegratedComponent:63 - No mode defined for component null
2023-06-01 08:23:45,829 [WARN] ModelIntegratedComponent:63 - No mode defined for component null
2023-06-01 08:23:45,829 [WARN] ModelIntegratedComponent:63 - No mode defined for component null
2023-06-01 08:23:45,829 [WARN] ModelIntegratedComponent:63 - No mode defined for component null
2023-06-01 08:23:45,829 [WARN] ModelIntegratedComponent:63 - No mode defined for component null
2023-06-01 08:23:45,829 [WARN] ModelIntegratedComponent:63 - No mode defined for component null
2023-06-01 08:23:46,009 [INFO] ThirdPartyModel:298 - Start build external matchings
2023-06-01 08:23:46,979 [INFO] ThirdPartyModel:316 - End build external matchings
2023-06-01 08:23:47,010 [INFO] ImportTextPane:194 - (OptionalMessage_ERROR) IP (RCC) : Parameter (RTCHSEDivFreq_Value) has invalid value (4000000)
2023-06-01 08:23:47,015 [INFO] ImportTextPane:194 - (OptionalMessage_ERROR) IP (TIM1) : Parameter (Channel) has Id (Input_Capture4_from_TI4) currently not set
2023-06-01 08:23:47,285 [INFO] UtilMem:75 - End LoadConfig() Used Memory: 432297184 Bytes (644874240)
2023-06-01 08:23:48,500 [INFO] ApiDb:581 - Connected to CubeFinder SQLite database (/home/mowibox/.stmcufinder/plugins/mcufinder/mcu/cube-finder-db.db)
2023-06-01 08:23:48,755 [INFO] ApiDb:668 - CubeFinder database Data Model version=2.1
2023-06-01 08:23:48,755 [INFO] ApiDb:669 - CubeFinder database Configuration version=3.0.35
2023-06-01 08:23:48,756 [INFO] ApiDb:670 - CubeFinder database generation date=2023-05-12 (1683877179)
2023-06-01 08:23:48,756 [INFO] ApiDb:671 - CubeFinder database FW Pack versions=[FP-ATR-ASTRA1_V2.0.0, FP-SNS-FLIGHT1_V5.0.0, FP-SNS-MOTENV1_V4.3.0, STM32Cube_FW_C0_V1.0.1, STM32Cube_FW_F0_V1.11.4, STM32Cube_FW_F3_V1.11.4, STM32Cube_FW_F4_V1.27.1, STM32Cube_FW_F7_V1.17.0, STM32Cube_FW_G0_V1.6.1, STM32Cube_FW_G4_V1.5.1, STM32Cube_FW_H5_V0.5.1, STM32Cube_FW_H5_V1.0.0, STM32Cube_FW_H7_V1.11.0, STM32Cube_FW_L0_V1.12.2, STM32Cube_FW_L5_V1.5.0, STM32Cube_FW_U5_V1.2.0, STM32Cube_FW_WBA_V1.0.0, STM32Cube_FW_WBA_V1.0.0RC1, STM32Cube_FW_WBA_V1.0.0RC3, STM32Cube_FW_WB_V1.15.0RC1, STM32Cube_FW_WB_V1.16.0, STM32Cube_FW_WB_V1.16.0RC2, STM32Cube_FW_WL_V1.3.0, X-CUBE-ALGOBUILD_V1.3.0, X-CUBE-ALS_V1.0.1, X-CUBE-AZRTOS-F4_V1.1.0, X-CUBE-AZRTOS-F7_V1.1.0, X-CUBE-AZRTOS-G0_V1.1.0, X-CUBE-AZRTOS-G4_V2.0.0, X-CUBE-AZRTOS-H7_V3.1.0, X-CUBE-AZRTOS-L4_V1.0.0, X-CUBE-AZRTOS-L5_V1.1.0, X-CUBE-AZRTOS-WB_V1.1.0, X-CUBE-AZRTOS-WL_V1.0.0, X-CUBE-BLE1_V6.2.4, X-CUBE-BLE2_V3.3.0, X-CUBE-BLEMGR_V2.0.0, X-CUBE-EEPRMA1_V4.1.0, X-CUBE-FREERTOS_V1.0.1, X-CUBE-GNSS1_V6.0.0, X-CUBE-MEMS1_V9.1.0, X-CUBE-MEMS1_V9.4.0, X-CUBE-MEMS1_V9.6.0, X-CUBE-NFC4_V3.0.0, X-CUBE-NFC7_V1.0.0, X-CUBE-SFXS2LP1_V4.0.0, X-CUBE-SUBG2_V5.0.0]
2023-06-01 08:23:54,061 [INFO] ApiDb:240 - Found 297 in-development CPN: [B-G473E-ZEST1S, B-WB1M-WPAN1, B-WL5M-SUBG1, NUCLEO-C031C6, NUCLEO-H503RB, NUCLEO-H563ZI, NUCLEO-U545RE-Q, NUCLEO-U5A5ZJ-Q, NUCLEO-WBA52CG, STEVAL-PROTEUS1, STEVAL-STWINBX1, STM320518-EVAL, STM32C0116-DK, STM32C011D6Y3TR, STM32C011D6Y6TR, STM32C011F4P3, STM32C011F4P6, STM32C011F4U3, STM32C011F4U6TR, STM32C011F6P3, STM32C011F6P6, STM32C011F6U3, STM32C011F6U6TR, STM32C011J4M3, STM32C011J4M6, STM32C011J6M3, STM32C011J6M6, STM32C0316-DK, STM32C031C4T3, STM32C031C4T6, STM32C031C4U3, STM32C031C4U6, STM32C031C6T3, STM32C031C6T6, STM32C031C6U3, STM32C031C6U6, STM32C031F4P3, STM32C031F4P6, STM32C031F6P3, STM32C031F6P6, STM32C031G4U3, STM32C031G4U6, STM32C031G6U3, STM32C031G6U6, STM32C031K4T3, STM32C031K4T6, STM32C031K4U3, STM32C031K4U6, STM32C031K6T3, STM32C031K6T6, STM32C031K6U3, STM32C031K6U6, STM32G071K8TXN, STM32G071K8UXN, STM32G081GBU6N, STM32G081KBT6N, STM32G081KBUXN, STM32G0B1CCT6N, STM32G0B1KCT6, STM32G0B1NEY6TR, STM32G0B1RCT6N, STM32G0C1CCT6, STM32G0C1CCT6N, STM32G0C1CCU6N, STM32G0C1CET6N, STM32G0C1CEU6N, STM32G0C1KCT6, STM32G0C1NEY6TR, STM32G0C1RCI6N, STM32G0C1RCT6N, STM32G0C1REI6N, STM32G0C1RET6N, STM32G0C1VCI6, STM32G0C1VEI6, STM32G471CCT6, STM32G471CCU6, STM32G471CET3, STM32G471CET6, STM32G471CEU3, STM32G471CEU6, STM32G471MCT6, STM32G471MET3, STM32G471MET6, STM32G471MEY6TR, STM32G471QCT6, STM32G471QET3, STM32G471RCT6, STM32G471RET3, STM32G471RET6, STM32G471VCH6, STM32G471VCI6, STM32G471VCT6, STM32G471VEH3, STM32G471VEH6, STM32G471VEI3, STM32G471VEI6, STM32G471VET3, STM32G471VET6, STM32G474CCT6, STM32H503CBT6, STM32H503CBU6, STM32H503EBY6TR, STM32H503KBU6, STM32H503RBT6, STM32H562AGI6, STM32H562AII6, STM32H562IGK6, STM32H562IGT6, STM32H562IIK6, STM32H562IIT6, STM32H562RGT6, STM32H562RGV6, STM32H562RIT6, STM32H562RIV6, STM32H562VGT6, STM32H562VIT6, STM32H562ZGT6, STM32H562ZIT6, STM32H563AGI6, STM32H563AII3Q, STM32H563AII6, STM32H563IGK6, STM32H563IGT6, STM32H563IIK3Q, STM32H563IIK6, STM32H563IIT3Q, STM32H563IIT6, STM32H563MIY3QTR, STM32H563RGT6, STM32H563RGV6, STM32H563RIT6, STM32H563RIV6, STM32H563VGT6, STM32H563VIT3Q, STM32H563VIT6, STM32H563ZGT6, STM32H563ZIT3Q, STM32H563ZIT6, STM32H573AII3Q, STM32H573AII6, STM32H573I-DK, STM32H573IIK3Q, STM32H573IIK6, STM32H573IIT3Q, STM32H573IIT6, STM32H573MIY3QTR, STM32H573RIT6, STM32H573RIV6, STM32H573VIT3Q, STM32H573VIT6, STM32H573ZIT3Q, STM32H573ZIT6, STM32L4R5QGI6STR, STM32MP131AAE3, STM32MP131AAF3, STM32MP131AAG3, STM32MP131CAE3, STM32MP131CAF3, STM32MP131CAG3, STM32MP131DAE7, STM32MP131DAF7, STM32MP131DAG7, STM32MP131FAE7, STM32MP131FAF7, STM32MP131FAG7, STM32MP133AAE3, STM32MP133AAF3, STM32MP133AAG3, STM32MP133CAE3, STM32MP133CAF3, STM32MP133CAG3, STM32MP133DAE7, STM32MP133DAF7, STM32MP133DAG7, STM32MP133FAE7, STM32MP133FAF7, STM32MP133FAG7, STM32MP135AAE3, STM32MP135AAF3, STM32MP135AAG3, STM32MP135CAE3, STM32MP135CAF3, STM32MP135CAG3, STM32MP135DAE7, STM32MP135DAF7, STM32MP135DAG7, STM32MP135F-DK, STM32MP135FAE7, STM32MP135FAF7, STM32MP135FAF7T, STM32MP135FAF7U, STM32MP135FAG7, STM32U535CBT6, STM32U535CBT6Q, STM32U535CBU6, STM32U535CBU6Q, STM32U535CCT6, STM32U535CCT6Q, STM32U535CCU6, STM32U535CCU6Q, STM32U535CET6, STM32U535CET6Q, STM32U535CEU6, STM32U535CEU6Q, STM32U535JEY6QTR, STM32U535NCY6QTR, STM32U535NEY6QTR, STM32U535RBI6, STM32U535RBI6Q, STM32U535RBT6, STM32U535RBT6Q, STM32U535RCI6, STM32U535RCI6Q, STM32U535RCT6, STM32U535RCT6Q, STM32U535REI6, STM32U535REI6Q, STM32U535RET6, STM32U535RET6Q, STM32U535VCI6, STM32U535VCI6Q, STM32U535VCT6, STM32U535VCT6Q, STM32U535VEI6, STM32U535VEI6Q, STM32U535VET6, STM32U535VET6Q, STM32U545CET6, STM32U545CET6Q, STM32U545CEU6, STM32U545CEU6Q, STM32U545JEY6QTR, STM32U545NEY6QTR, STM32U545REI6, STM32U545REI6Q, STM32U545RET6, STM32U545RET6Q, STM32U545VEI6, STM32U545VEI6Q, STM32U545VET6, STM32U545VET6Q, STM32U595AIH6, STM32U595AIH6Q, STM32U595AJH6, STM32U595AJH6Q, STM32U595QII6, STM32U595QII6Q, STM32U595QJI6, STM32U595QJI6Q, STM32U595RIT6, STM32U595RIT6Q, STM32U595RJT6, STM32U595RJT6Q, STM32U595VIT6, STM32U595VIT6Q, STM32U595VJT6, STM32U595VJT6Q, STM32U595ZIT6, STM32U595ZIT6Q, STM32U595ZIY6QTR, STM32U595ZJT6, STM32U595ZJT6Q, STM32U595ZJY6QTR, STM32U599BJY6QTR, STM32U599NIH6Q, STM32U599NJH6Q, STM32U599VIT6Q, STM32U599VJT6, STM32U599VJT6Q, STM32U599ZIT6Q, STM32U599ZIY6QTR, STM32U599ZJT6Q, STM32U599ZJY6QTR, STM32U5A5AJH6, STM32U5A5AJH6Q, STM32U5A5QJI6, STM32U5A5QJI6Q, STM32U5A5RJT6, STM32U5A5RJT6Q, STM32U5A5VJT6, STM32U5A5VJT6Q, STM32U5A5ZJT6, STM32U5A5ZJT6Q, STM32U5A5ZJY6QTR, STM32U5A9BJY6QTR, STM32U5A9J-DK, STM32U5A9NJH6Q, STM32U5A9VJT6Q, STM32U5A9ZJT6Q, STM32U5A9ZJY6QTR, STM32WB1MMCH6, STM32WBA52CEU6, STM32WBA52CEU6T, STM32WBA52CGU6, STM32WBA52CGU6T, STM32WL5MOCH6, STM32WL5MOCH6TR]
2023-06-01 08:23:54,071 [INFO] DbMcus:216 - Found 3775 MCUs, 3775 are supported
2023-06-01 08:23:54,125 [INFO] ApiDb:423 - Load user favorites file /home/mowibox/.stm32cubeide/favorites.mcus.txt: 0 item(s)
2023-06-01 08:23:54,126 [INFO] ApiDb:427 - User favorites MCUs=[]
2023-06-01 08:23:54,127 [INFO] DbMcus:222 - Set 0 / 0 favorites MCUs
2023-06-01 08:23:55,729 [WARN] ThirdParty:833 - waiting for thirdparty lock release [change project]
2023-06-01 08:23:55,730 [INFO] ThirdParty:835 - entering critical section [change project]
2023-06-01 08:23:55,731 [INFO] ThirdParty:1030 - CMSIS Pack Vendor :STMicroelectronics X-CUBE-ISPU 1.1.0
2023-06-01 08:23:55,731 [INFO] ThirdParty:1030 - CMSIS Pack Vendor :RoweBots I-CUBE-UNISONRTOS 5.5.0-4
2023-06-01 08:23:55,731 [INFO] ThirdParty:1030 - CMSIS Pack Vendor :STMicroelectronics X-CUBE-GNSS1 6.0.0
2023-06-01 08:23:55,732 [INFO] ThirdParty:1030 - CMSIS Pack Vendor :STMicroelectronics USB_HOST 2.0.0
2023-06-01 08:23:55,732 [INFO] ThirdParty:1030 - CMSIS Pack Vendor :STMicroelectronics X-CUBE-AZRTOS-F4 1.1.0
2023-06-01 08:23:55,732 [INFO] ThirdParty:1030 - CMSIS Pack Vendor :STMicroelectronics LIBJPEG 8.0.0
2023-06-01 08:23:55,732 [INFO] ThirdParty:1030 - CMSIS Pack Vendor :STMicroelectronics X-CUBE-SMBUS 2.1.0
2023-06-01 08:23:55,733 [INFO] ThirdParty:1030 - CMSIS Pack Vendor :STMicroelectronics USB_DEVICE 3.0.0
2023-06-01 08:23:55,733 [INFO] ThirdParty:1030 - CMSIS Pack Vendor :STMicroelectronics X-CUBE-AI 8.0.0
2023-06-01 08:23:55,733 [INFO] ThirdParty:1030 - CMSIS Pack Vendor :STMicroelectronics X-CUBE-FREERTOS 1.0.1
2023-06-01 08:23:55,733 [INFO] ThirdParty:1030 - CMSIS Pack Vendor :STMicroelectronics X-CUBE-TOUCHGFX 4.21.1
2023-06-01 08:23:55,733 [INFO] ThirdParty:1030 - CMSIS Pack Vendor :STMicroelectronics X-CUBE-AZRTOS-F7 1.1.0
2023-06-01 08:23:55,734 [INFO] ThirdParty:1030 - CMSIS Pack Vendor :STMicroelectronics X-CUBE-TOUCHGFX 4.21.4
2023-06-01 08:23:55,734 [INFO] ThirdParty:1030 - CMSIS Pack Vendor :STMicroelectronics USB_DEVICE 2.0.0
2023-06-01 08:23:55,734 [INFO] ThirdParty:1030 - CMSIS Pack Vendor :STMicroelectronics X-CUBE-MEMS1 9.6.0
2023-06-01 08:23:55,734 [INFO] ThirdParty:1030 - CMSIS Pack Vendor :STMicroelectronics FP-SNS-MOTENV1 4.3.1
2023-06-01 08:23:55,735 [INFO] ThirdParty:1030 - CMSIS Pack Vendor :STMicroelectronics FP-SNS-FLIGHT1 5.0.1
2023-06-01 08:23:55,735 [INFO] ThirdParty:1030 - CMSIS Pack Vendor :STMicroelectronics X-CUBE-ALGOBUILD 1.3.0
2023-06-01 08:23:55,735 [INFO] ThirdParty:1030 - CMSIS Pack Vendor :STMicroelectronics X-CUBE-BLE1 6.2.4
2023-06-01 08:23:55,735 [INFO] ThirdParty:1030 - CMSIS Pack Vendor :STMicroelectronics X-CUBE-AZRTOS-L5 1.1.0
2023-06-01 08:23:55,735 [INFO] ThirdParty:1030 - CMSIS Pack Vendor :STMicroelectronics FreeRTOS 0.0.1
2023-06-01 08:23:55,736 [INFO] ThirdParty:1030 - CMSIS Pack Vendor :emotas I-CUBE-CANOPEN 1.1.3
2023-06-01 08:23:55,736 [INFO] ThirdParty:1030 - CMSIS Pack Vendor :STMicroelectronics X-CUBE-AZRTOS-G0 1.1.0
2023-06-01 08:23:55,736 [INFO] ThirdParty:1030 - CMSIS Pack Vendor :STMicroelectronics X-CUBE-BLEMGR 2.0.0
2023-06-01 08:23:55,736 [INFO] ThirdParty:1030 - CMSIS Pack Vendor :STMicroelectronics X-CUBE-AI 8.0.1
2023-06-01 08:23:55,737 [INFO] ThirdParty:1030 - CMSIS Pack Vendor :STMicroelectronics X-CUBE-SUBG2 5.0.0
2023-06-01 08:23:55,737 [INFO] ThirdParty:1030 - CMSIS Pack Vendor :STMicroelectronics X-CUBE-NFC4 3.0.0
2023-06-01 08:23:55,737 [INFO] ThirdParty:1030 - CMSIS Pack Vendor :STMicroelectronics STM32_WPAN 1.0.0
2023-06-01 08:23:55,737 [INFO] ThirdParty:1030 - CMSIS Pack Vendor :STMicroelectronics lwIP 2.0.3
2023-06-01 08:23:55,737 [INFO] ThirdParty:1030 - CMSIS Pack Vendor :STMicroelectronics USB_HOST 1.0.0
2023-06-01 08:23:55,738 [INFO] ThirdParty:1030 - CMSIS Pack Vendor :STMicroelectronics X-CUBE-AZRTOS-G4 2.0.0
2023-06-01 08:23:55,738 [INFO] ThirdParty:1030 - CMSIS Pack Vendor :STMicroelectronics PDM2PCM 3.1.0
2023-06-01 08:23:55,738 [INFO] ThirdParty:1030 - CMSIS Pack Vendor :STMicroelectronics X-CUBE-AZRTOS-H7 3.1.0
2023-06-01 08:23:55,738 [INFO] ThirdParty:1030 - CMSIS Pack Vendor :STMicroelectronics X-CUBE-TOF1 3.3.0
2023-06-01 08:23:55,739 [INFO] ThirdParty:1030 - CMSIS Pack Vendor :STMicroelectronics FP-ATR-ASTRA1 1.1.1
2023-06-01 08:23:55,739 [INFO] ThirdParty:1030 - CMSIS Pack Vendor :STMicroelectronics PDM2PCM 3.3.0
2023-06-01 08:23:55,739 [INFO] ThirdParty:1030 - CMSIS Pack Vendor :STMicroelectronics X-CUBE-DISPLAY 3.0.0
2023-06-01 08:23:55,739 [INFO] ThirdParty:1030 - CMSIS Pack Vendor :STMicroelectronics X-CUBE-BLEMGR 1.3.0
2023-06-01 08:23:55,739 [INFO] ThirdParty:1030 - CMSIS Pack Vendor :STMicroelectronics X-CUBE-AZRTOS-G4 1.0.0
2023-06-01 08:23:55,740 [INFO] ThirdParty:1030 - CMSIS Pack Vendor :STMicroelectronics FP-ATR-SIGFOX1 3.2.0
2023-06-01 08:23:55,740 [INFO] ThirdParty:1030 - CMSIS Pack Vendor :wolfSSL I-CUBE-wolfSSL 5.5.4
2023-06-01 08:23:55,740 [INFO] ThirdParty:1030 - CMSIS Pack Vendor :STMicroelectronics X-CUBE-AZRTOS-L4 1.0.0
2023-06-01 08:23:55,740 [INFO] ThirdParty:1030 - CMSIS Pack Vendor :STMicroelectronics HAL Drivers 0.0.0
2023-06-01 08:23:55,741 [INFO] ThirdParty:1030 - CMSIS Pack Vendor :STMicroelectronics MBEDTLS 2.16.2
2023-06-01 08:23:55,741 [INFO] ThirdParty:1030 - CMSIS Pack Vendor :STMicroelectronics MBEDTLS 2.14.1
2023-06-01 08:23:55,741 [INFO] ThirdParty:1030 - CMSIS Pack Vendor :STMicroelectronics X-CUBE-NFC7 1.0.0
2023-06-01 08:23:55,741 [INFO] ThirdParty:1030 - CMSIS Pack Vendor :STMicroelectronics X-CUBE-AZRTOS-WL 1.0.0
2023-06-01 08:23:55,741 [INFO] ThirdParty:1030 - CMSIS Pack Vendor :STMicroelectronics X-CUBE-EEPRMA1 4.1.0
2023-06-01 08:23:55,742 [INFO] ThirdParty:1030 - CMSIS Pack Vendor :portGmbH I-Cube-SoM-uGOAL 1.1.0
2023-06-01 08:23:55,742 [INFO] ThirdParty:1030 - CMSIS Pack Vendor :STMicroelectronics X-CUBE-ALS 1.0.1
2023-06-01 08:23:55,742 [INFO] ThirdParty:1030 - CMSIS Pack Vendor :STMicroelectronics X-CUBE-MEMS1 9.5.0
2023-06-01 08:23:55,742 [INFO] ThirdParty:1030 - CMSIS Pack Vendor :STMicroelectronics ThreadX 1.0.0
2023-06-01 08:23:55,743 [INFO] ThirdParty:1030 - CMSIS Pack Vendor :STMicroelectronics X-CUBE-AZRTOS-WB 1.1.0
2023-06-01 08:23:55,743 [INFO] ThirdParty:1030 - CMSIS Pack Vendor :SEGGER I-CUBE-embOS 1.3.1
2023-06-01 08:23:55,743 [INFO] ThirdParty:1030 - CMSIS Pack Vendor :STMicroelectronics USB_DEVICE 1.0.0
2023-06-01 08:23:55,743 [INFO] ThirdParty:1030 - CMSIS Pack Vendor :STMicroelectronics X-CUBE-AZRTOS-L4 2.0.0
2023-06-01 08:23:55,743 [INFO] ThirdParty:1030 - CMSIS Pack Vendor :STMicroelectronics ThreadX 0.0.2
2023-06-01 08:23:55,744 [INFO] ThirdParty:1030 - CMSIS Pack Vendor :WES I-CUBE-Cesium 1.3.0
2023-06-01 08:23:55,744 [INFO] ThirdParty:1030 - CMSIS Pack Vendor :STMicroelectronics FP-ATR-ASTRA1 2.0.0
2023-06-01 08:23:55,744 [INFO] ThirdParty:1030 - CMSIS Pack Vendor :STMicroelectronics lwIP 2.1.2
2023-06-01 08:23:55,745 [INFO] ThirdParty:1030 - CMSIS Pack Vendor :STMicroelectronics X-CUBE-SFXS2LP1 4.0.0
2023-06-01 08:23:55,745 [INFO] ThirdParty:1030 - CMSIS Pack Vendor :STMicroelectronics X-CUBE-BLE2 3.3.0
2023-06-01 08:23:55,745 [INFO] ThirdParty:1030 - CMSIS Pack Vendor :STMicroelectronics X-CUBE-TOF1 3.2.0
2023-06-01 08:23:55,746 [INFO] ThirdParty:1030 - CMSIS Pack Vendor :STMicroelectronics PDM2PCM 3.2.0
2023-06-01 08:23:55,746 [INFO] ThirdParty:1030 - CMSIS Pack Vendor :STMicroelectronics X-CUBE-AZRTOS-H7 3.0.0
2023-06-01 08:23:55,746 [INFO] ThirdParty:841 - exiting critical section [change project]
2023-06-01 08:23:56,810 [INFO] PinOutPanel:1499 - setPackage(No Configuration,No Configuration)
2023-06-01 08:23:56,812 [INFO] PinOutPanel:1499 - setPackage(STM32F401RETx,LQFP64)
2023-06-01 08:23:58,221 [INFO] UtilMem:75 - Before build in PCC Used Memory: 450891160 Bytes (644874240)
2023-06-01 08:24:00,622 [INFO] UtilMem:75 - After build in PCC Used Memory: 547733648 Bytes (644874240)
2023-06-01 08:24:00,687 [INFO] IPUIPlugin:80 - create IPUIPlugin
2023-06-01 08:24:00,687 [INFO] IPUIPlugin:80 - create IPUIPlugin
2023-06-01 08:24:00,688 [INFO] IPUIPlugin:80 - create IPUIPlugin
2023-06-01 08:24:00,688 [INFO] IPUIPlugin:80 - create IPUIPlugin
2023-06-01 08:24:00,688 [INFO] IPUIPlugin:80 - create IPUIPlugin
2023-06-01 08:24:00,689 [INFO] IPUIPlugin:80 - create IPUIPlugin
2023-06-01 08:24:00,689 [INFO] IPUIPlugin:80 - create IPUIPlugin
2023-06-01 08:24:00,689 [INFO] IPUIPlugin:80 - create IPUIPlugin
2023-06-01 08:24:00,689 [INFO] IPUIPlugin:80 - create IPUIPlugin
2023-06-01 08:24:00,689 [INFO] IPUIPlugin:80 - create IPUIPlugin
2023-06-01 08:24:00,690 [INFO] IPUIPlugin:80 - create IPUIPlugin
2023-06-01 08:24:00,690 [INFO] IPUIPlugin:80 - create IPUIPlugin
2023-06-01 08:24:00,691 [INFO] IPUIPlugin:80 - create IPUIPlugin
2023-06-01 08:24:00,691 [INFO] IPUIPlugin:80 - create IPUIPlugin
2023-06-01 08:24:00,691 [INFO] IPUIPlugin:80 - create IPUIPlugin
2023-06-01 08:24:00,692 [INFO] IPUIPlugin:80 - create IPUIPlugin
2023-06-01 08:24:00,692 [INFO] IPUIPlugin:80 - create IPUIPlugin
2023-06-01 08:24:00,693 [INFO] IPUIPlugin:80 - create IPUIPlugin
2023-06-01 08:24:00,693 [INFO] IPUIPlugin:80 - create IPUIPlugin
2023-06-01 08:24:00,694 [INFO] IPUIPlugin:80 - create IPUIPlugin
2023-06-01 08:24:00,694 [INFO] IPUIPlugin:80 - create IPUIPlugin
2023-06-01 08:24:00,694 [INFO] IPUIPlugin:80 - create IPUIPlugin
2023-06-01 08:24:00,695 [INFO] IPUIPlugin:80 - create IPUIPlugin
2023-06-01 08:24:00,695 [INFO] IPUIPlugin:80 - create IPUIPlugin
2023-06-01 08:24:00,695 [INFO] IPUIPlugin:80 - create IPUIPlugin
2023-06-01 08:24:00,696 [INFO] IPUIPlugin:80 - create IPUIPlugin
2023-06-01 08:24:00,696 [INFO] IPUIPlugin:80 - create IPUIPlugin
2023-06-01 08:24:00,696 [INFO] IPUIPlugin:80 - create IPUIPlugin
2023-06-01 08:24:00,696 [INFO] IPUIPlugin:80 - create IPUIPlugin
2023-06-01 08:24:00,697 [INFO] IPUIPlugin:80 - create IPUIPlugin
2023-06-01 08:24:00,697 [INFO] IPUIPlugin:80 - create IPUIPlugin
2023-06-01 08:24:00,697 [INFO] IPUIPlugin:80 - create IPUIPlugin
2023-06-01 08:24:00,697 [INFO] IPUIPlugin:80 - create IPUIPlugin
2023-06-01 08:24:00,698 [INFO] IPUIPlugin:80 - create IPUIPlugin
2023-06-01 08:24:00,698 [INFO] IPUIPlugin:80 - create IPUIPlugin
2023-06-01 08:24:00,723 [INFO] IPUIPlugin:80 - create IPUIPlugin
2023-06-01 08:24:00,724 [INFO] IPUIPlugin:80 - create IPUIPlugin
2023-06-01 08:24:00,725 [INFO] IPUIPlugin:80 - create IPUIPlugin
2023-06-01 08:24:00,876 [INFO] ApiDbMcu:507 - Load IP Config File for PDM2PCM
2023-06-01 08:24:01,318 [INFO] CADModel:165 - CPN selected for project levelSTM32F401RET6
2023-06-01 08:24:01,319 [INFO] CADModel:114 - Register for checkConnection events
2023-06-01 08:24:01,364 [INFO] OpenFileManager:328 - Restore cursor
2023-06-01 08:30:47,201 [INFO] UtilMem:75 - End SaveConfig() Used Memory: 506234832 Bytes (644874240)
2023-06-01 08:30:55,022 [INFO] UtilMem:75 - End SaveConfig() Used Memory: 478192680 Bytes (644874240)
2023-06-01 08:30:56,173 [INFO] BlockDiagram:2759 - set Specific Code input for plugin: NVIC
2023-06-01 08:30:56,174 [INFO] BlockDiagram:2759 - set Specific Code input for plugin: USART
2023-06-01 08:30:56,174 [INFO] BlockDiagram:2759 - set Specific Code input for plugin: TIM1_8
2023-06-01 08:30:56,174 [INFO] BlockDiagram:2759 - set Specific Code input for plugin: SYS
2023-06-01 08:30:56,175 [INFO] BlockDiagram:2759 - set Specific Code input for plugin: GPIO
2023-06-01 08:30:56,175 [INFO] BlockDiagram:2759 - set Specific Code input for plugin: RCC
2023-06-01 08:30:56,176 [INFO] CodeGenerator:793 - code generatio: config db path: /opt/st/stm32cubeide_1.12.1/plugins/com.st.stm32cube.common.mx_6.8.1.202304191431//db/
2023-06-01 08:30:58,294 [INFO] CodeEngine:255 - oldGeneratedFile, /home/mowibox/Documents/ENSEA/ProjetS6/HideAndSeekBot/Code/Final_Code/MXTmpFiles/license.tmp_save
2023-06-01 08:30:58,957 [INFO] CodeEngine:279 - Generated code: /home/mowibox/Documents/ENSEA/ProjetS6/HideAndSeekBot/Code/Final_Code/MXTmpFiles/license.tmp
2023-06-01 08:30:59,125 [INFO] CodeEngine:255 - oldGeneratedFile, /home/mowibox/Documents/ENSEA/ProjetS6/HideAndSeekBot/Code/Final_Code/MXTmpFiles/gpio.tmp_save
2023-06-01 08:30:59,269 [INFO] CodeEngine:279 - Generated code: /home/mowibox/Documents/ENSEA/ProjetS6/HideAndSeekBot/Code/Final_Code/MXTmpFiles/gpio.tmp
2023-06-01 08:30:59,635 [INFO] CodeEngine:255 - oldGeneratedFile, /home/mowibox/Documents/ENSEA/ProjetS6/HideAndSeekBot/Code/Final_Code/Core/Src/stm32f4xx_it.c_save
2023-06-01 08:30:59,791 [INFO] CodeEngine:279 - Generated code: /home/mowibox/Documents/ENSEA/ProjetS6/HideAndSeekBot/Code/Final_Code/Core/Src/stm32f4xx_it.c
2023-06-01 08:30:59,793 [INFO] CodeEngine:255 - oldGeneratedFile, /home/mowibox/Documents/ENSEA/ProjetS6/HideAndSeekBot/Code/Final_Code/Core/Inc/stm32f4xx_it.h_save
2023-06-01 08:30:59,858 [INFO] CodeEngine:279 - Generated code: /home/mowibox/Documents/ENSEA/ProjetS6/HideAndSeekBot/Code/Final_Code/Core/Inc/stm32f4xx_it.h
2023-06-01 08:30:59,886 [INFO] CodeEngine:255 - oldGeneratedFile, /home/mowibox/Documents/ENSEA/ProjetS6/HideAndSeekBot/Code/Final_Code/Core/Src/stm32f4xx_hal_msp.c_save
2023-06-01 08:31:00,004 [INFO] CodeEngine:279 - Generated code: /home/mowibox/Documents/ENSEA/ProjetS6/HideAndSeekBot/Code/Final_Code/Core/Src/stm32f4xx_hal_msp.c
2023-06-01 08:31:00,006 [INFO] CodeEngine:255 - oldGeneratedFile, /home/mowibox/Documents/ENSEA/ProjetS6/HideAndSeekBot/Code/Final_Code/MXTmpFiles/system.tmp_save
2023-06-01 08:31:00,067 [INFO] CodeEngine:279 - Generated code: /home/mowibox/Documents/ENSEA/ProjetS6/HideAndSeekBot/Code/Final_Code/MXTmpFiles/system.tmp
2023-06-01 08:31:00,096 [INFO] CodeEngine:311 - oldGeneratedFile, /home/mowibox/Documents/ENSEA/ProjetS6/HideAndSeekBot/Code/Final_Code/Core/Inc/stm32f4xx_hal_conf.h_save
2023-06-01 08:31:00,185 [INFO] CodeEngine:335 - Generated code: /home/mowibox/Documents/ENSEA/ProjetS6/HideAndSeekBot/Code/Final_Code/Core/Inc/stm32f4xx_hal_conf.h
2023-06-01 08:31:00,228 [WARN] IPConfigManager:3431 - IP not found : TIM
2023-06-01 08:31:00,229 [WARN] CodeGenerator:3754 - IP not found : null
2023-06-01 08:31:00,231 [INFO] CodeEngine:255 - oldGeneratedFile, /home/mowibox/Documents/ENSEA/ProjetS6/HideAndSeekBot/Code/Final_Code/Core/Inc/main.h_save
2023-06-01 08:31:00,324 [INFO] CodeEngine:279 - Generated code: /home/mowibox/Documents/ENSEA/ProjetS6/HideAndSeekBot/Code/Final_Code/Core/Inc/main.h
2023-06-01 08:31:00,326 [INFO] CodeEngine:255 - oldGeneratedFile, /home/mowibox/Documents/ENSEA/ProjetS6/HideAndSeekBot/Code/Final_Code/Core/Src/main.c_save
2023-06-01 08:31:00,480 [INFO] CodeEngine:279 - Generated code: /home/mowibox/Documents/ENSEA/ProjetS6/HideAndSeekBot/Code/Final_Code/Core/Src/main.c
2023-06-01 08:31:02,607 [INFO] ProjectBuilder:2996 - Time for Copy HAL[1] : 992mS.
2023-06-01 08:31:02,635 [INFO] ProjectBuilder:4304 - Project Generator version: 3.19.2
2023-06-01 08:31:03,020 [INFO] ConfigFileManager:1483 - The Die is : DIE433
2023-06-01 08:31:03,097 [INFO] ApiDbMcu:507 - Load IP Config File for FATFS
2023-06-01 08:31:03,180 [INFO] ApiDbMcu:507 - Load IP Config File for FREERTOS
2023-06-01 08:31:03,290 [INFO] ApiDbMcu:507 - Load IP Config File for LIBJPEG
2023-06-01 08:31:03,459 [INFO] ApiDbMcu:507 - Load IP Config File for MBEDTLS
2023-06-01 08:31:03,512 [INFO] ApiDbMcu:507 - Load IP Config File for USB_DEVICE
2023-06-01 08:31:03,539 [INFO] ApiDbMcu:507 - Load IP Config File for USB_HOST
2023-06-01 08:31:04,764 [INFO] LogOutputStream:77 - [STDOUT_REDIRECT] 
2023-06-01 08:31:06,458 [INFO] ProjectBuilder:4505 - Time for Generating toolchain IDE Files: 3823mS.
2023-06-01 08:31:06,458 [INFO] ProjectBuilder:2867 - Time for Copy CMSIS : 0mS.
2023-06-01 08:31:06,459 [INFO] ProjectBuilder:2867 - Time for Copy CMSIS : 0mS.
2023-06-01 08:49:58,851 [INFO] Gpio:273 - dependency for GPIO [RCC, SYS, USART2]
2023-06-01 08:52:39,117 [INFO] UtilMem:75 - End SaveConfig() Used Memory: 345572264 Bytes (758120448)
2023-06-01 08:52:51,363 [INFO] UtilMem:75 - End SaveConfig() Used Memory: 380922192 Bytes (758120448)
2023-06-01 08:52:51,629 [INFO] UtilMem:75 - End SaveConfig() Used Memory: 435972432 Bytes (758120448)
2023-06-01 08:52:51,903 [INFO] BlockDiagram:2759 - set Specific Code input for plugin: NVIC
2023-06-01 08:52:51,903 [INFO] BlockDiagram:2759 - set Specific Code input for plugin: USART
2023-06-01 08:52:51,903 [INFO] BlockDiagram:2759 - set Specific Code input for plugin: TIM1_8
2023-06-01 08:52:51,903 [INFO] BlockDiagram:2759 - set Specific Code input for plugin: SYS
2023-06-01 08:52:51,903 [INFO] BlockDiagram:2759 - set Specific Code input for plugin: GPIO
2023-06-01 08:52:51,903 [INFO] BlockDiagram:2759 - set Specific Code input for plugin: RCC
2023-06-01 08:52:51,903 [INFO] CodeGenerator:793 - code generatio: config db path: /opt/st/stm32cubeide_1.12.1/plugins/com.st.stm32cube.common.mx_6.8.1.202304191431//db/
2023-06-01 08:52:52,048 [INFO] CodeEngine:255 - oldGeneratedFile, /home/mowibox/Documents/ENSEA/ProjetS6/HideAndSeekBot/Code/Final_Code/MXTmpFiles/license.tmp_save
2023-06-01 08:52:52,138 [INFO] CodeEngine:279 - Generated code: /home/mowibox/Documents/ENSEA/ProjetS6/HideAndSeekBot/Code/Final_Code/MXTmpFiles/license.tmp
2023-06-01 08:52:52,157 [INFO] CodeEngine:255 - oldGeneratedFile, /home/mowibox/Documents/ENSEA/ProjetS6/HideAndSeekBot/Code/Final_Code/MXTmpFiles/gpio.tmp_save
2023-06-01 08:52:52,234 [INFO] CodeEngine:279 - Generated code: /home/mowibox/Documents/ENSEA/ProjetS6/HideAndSeekBot/Code/Final_Code/MXTmpFiles/gpio.tmp
2023-06-01 08:52:52,318 [INFO] CodeEngine:255 - oldGeneratedFile, /home/mowibox/Documents/ENSEA/ProjetS6/HideAndSeekBot/Code/Final_Code/Core/Src/stm32f4xx_it.c_save
2023-06-01 08:52:52,648 [INFO] CodeEngine:279 - Generated code: /home/mowibox/Documents/ENSEA/ProjetS6/HideAndSeekBot/Code/Final_Code/Core/Src/stm32f4xx_it.c
2023-06-01 08:52:52,650 [INFO] CodeEngine:255 - oldGeneratedFile, /home/mowibox/Documents/ENSEA/ProjetS6/HideAndSeekBot/Code/Final_Code/Core/Inc/stm32f4xx_it.h_save
2023-06-01 08:52:52,712 [INFO] CodeEngine:279 - Generated code: /home/mowibox/Documents/ENSEA/ProjetS6/HideAndSeekBot/Code/Final_Code/Core/Inc/stm32f4xx_it.h
2023-06-01 08:52:52,715 [INFO] CodeEngine:255 - oldGeneratedFile, /home/mowibox/Documents/ENSEA/ProjetS6/HideAndSeekBot/Code/Final_Code/Core/Src/stm32f4xx_hal_msp.c_save
2023-06-01 08:52:52,836 [INFO] CodeEngine:279 - Generated code: /home/mowibox/Documents/ENSEA/ProjetS6/HideAndSeekBot/Code/Final_Code/Core/Src/stm32f4xx_hal_msp.c
2023-06-01 08:52:52,837 [INFO] CodeEngine:255 - oldGeneratedFile, /home/mowibox/Documents/ENSEA/ProjetS6/HideAndSeekBot/Code/Final_Code/MXTmpFiles/system.tmp_save
2023-06-01 08:52:52,890 [INFO] CodeEngine:279 - Generated code: /home/mowibox/Documents/ENSEA/ProjetS6/HideAndSeekBot/Code/Final_Code/MXTmpFiles/system.tmp
2023-06-01 08:52:52,892 [INFO] CodeEngine:311 - oldGeneratedFile, /home/mowibox/Documents/ENSEA/ProjetS6/HideAndSeekBot/Code/Final_Code/Core/Inc/stm32f4xx_hal_conf.h_save
2023-06-01 08:52:52,966 [INFO] CodeEngine:335 - Generated code: /home/mowibox/Documents/ENSEA/ProjetS6/HideAndSeekBot/Code/Final_Code/Core/Inc/stm32f4xx_hal_conf.h
2023-06-01 08:52:52,983 [WARN] IPConfigManager:3431 - IP not found : TIM
2023-06-01 08:52:52,983 [WARN] CodeGenerator:3754 - IP not found : null
2023-06-01 08:52:52,985 [INFO] CodeEngine:255 - oldGeneratedFile, /home/mowibox/Documents/ENSEA/ProjetS6/HideAndSeekBot/Code/Final_Code/Core/Inc/main.h_save
2023-06-01 08:52:53,064 [INFO] CodeEngine:279 - Generated code: /home/mowibox/Documents/ENSEA/ProjetS6/HideAndSeekBot/Code/Final_Code/Core/Inc/main.h
2023-06-01 08:52:53,065 [INFO] CodeEngine:255 - oldGeneratedFile, /home/mowibox/Documents/ENSEA/ProjetS6/HideAndSeekBot/Code/Final_Code/Core/Src/main.c_save
2023-06-01 08:52:53,191 [INFO] CodeEngine:279 - Generated code: /home/mowibox/Documents/ENSEA/ProjetS6/HideAndSeekBot/Code/Final_Code/Core/Src/main.c
2023-06-01 08:52:53,730 [INFO] ProjectBuilder:2996 - Time for Copy HAL[1] : 31mS.
2023-06-01 08:52:53,732 [INFO] ProjectBuilder:4304 - Project Generator version: 3.19.2
2023-06-01 08:52:53,940 [INFO] ConfigFileManager:1483 - The Die is : DIE433
2023-06-01 08:52:55,605 [INFO] ProjectBuilder:4505 - Time for Generating toolchain IDE Files: 1873mS.
2023-06-01 08:52:55,606 [INFO] ProjectBuilder:2867 - Time for Copy CMSIS : 1mS.
2023-06-01 08:52:55,607 [INFO] ProjectBuilder:2867 - Time for Copy CMSIS : 0mS.
2023-06-01 11:56:21,880 [INFO] Gpio:273 - dependency for GPIO [RCC, SYS, USART2]
2023-06-01 11:56:49,158 [INFO] NvicIntPanel:101 - NVIC parent = com.st.microxplorer.plugins.ip.nvic.MultiNvicIntPanel[,0,0,0x0,invalid,layout=javax.swing.BoxLayout,alignmentX=0.0,alignmentY=0.0,border=,flags=9,maximumSize=,minimumSize=,preferredSize=]
2023-06-01 11:57:01,883 [INFO] NvicIntPanel:101 - NVIC parent = com.st.microxplorer.plugins.ip.nvic.MultiNvicIntPanel[,0,0,0x0,invalid,layout=javax.swing.BoxLayout,alignmentX=0.0,alignmentY=0.0,border=,flags=9,maximumSize=,minimumSize=,preferredSize=]
